remote - - [11/Apr/2019:00:00:23 -0700] "GET /twiki/bin/edit/TWiki/TablePlugin?t=1078681446 HTTP/1.1" 401 12851
remote - - [11/Apr/2019:00:02:01 -0700] "GET /twiki/bin/view/Sandbox/WebHome HTTP/1.0" 200 8605
local - - [11/Apr/2019:00:03:27 -0700] "GET /twiki/bin/oops/Main/WebHome?template=oopsmore&param1=1.28&param2=1.8 HTTP/1.0" 200 7410
remote - - [11/Apr/2019:00:09:19 -0700] "GET /twiki/bin/edit/TWiki/WebSiteTools?t=1078731408 HTTP/1.1" 401 12846
remote - - [11/Apr/2019:00:17:47 -0700] "GET /twiki/bin/rdiff/TWiki/FileAttribute HTTP/1.1" 200 5846
local - - [11/Apr/2019:00:25:35 -0700] "GET /twiki/bin/view/TWiki/TWikiHistory?rev=1.9 HTTP/1.1" 200 15756
remote - - [11/Apr/2019:00:30:17 -0700] "GET /cgi-bin/mailgraph.cgi/mailgraph_2_err.png HTTP/1.1" 200 6805
remote - - [11/Apr/2019:00:35:57 -0700] "GET /twiki/bin/oops/TWiki/TextFormattingFAQ?template=oopsmore&param1=1.14&param2=1.14 HTTP/1.1" 200 11364
remote - - [11/Apr/2019:00:39:30 -0700] "GET /cgi-bin/mailgraph.cgi/mailgraph_0.png HTTP/1.1" 200 5622
remote - - [11/Apr/2019:00:47:03 -0700] "GET /dccstats/stats-spam.1week.png HTTP/1.0" 200 3271
remote - - [11/Apr/2019:00:49:45 -0700] "GET /twiki/bin/view/Sandbox/WebHome?rev=1.6 HTTP/1.1" 200 8545
local - - [11/Apr/2019:00:52:55 -0700] "GET /cgi-bin/mailgraph.cgi/mailgraph_2_err.png HTTP/1.1" 200 6856
remote - - [11/Apr/2019:00:54:06 -0700] "GET /twiki/bin/view/Main/WebHome?rev=r1.24 HTTP/1.1" 200 9769
local - - [11/Apr/2019:01:01:29 -0700] "GET /twiki/bin/search/TWiki/?scope=topic&regex=on&search=^d HTTP/1.1" 200 5773
remote - - [11/Apr/2019:01:04:18 -0700] "GET /twiki/bin/oops/Main/WebHome?template=oopsmore&param1=1.28&param2=1.28 HTTP/1.0" 200 7411
remote - - [11/Apr/2019:01:05:40 -0700] "GET /twiki/bin/rdiff/Know/ReadmeFirst?rev1=1.5&rev2=1.4 HTTP/1.1" 200 5724
local - - [11/Apr/2019:01:12:40 -0700] "GET /twiki/bin/attach/Main/OfficeLocations HTTP/1.1" 401 12851
remote - - [11/Apr/2019:01:17:23 -0700] "GET /dccstats/stats-spam-ratio.1month.png HTTP/1.1" 200 2008
remote - - [11/Apr/2019:01:24:08 -0700] "GET /twiki/bin/rdiff/TWiki/TWikiFAQ HTTP/1.1" 200 43115
local - - [11/Apr/2019:01:31:09 -0700] "GET /twiki/bin/rdiff/TWiki/WikiWikiClones HTTP/1.1" 200 9259
local - - [11/Apr/2019:01:32:48 -0700] "GET /twiki/bin/edit/Main/TWikiForms?topicparent=Main.TWikiVariables HTTP/1.1" 401 12846
remote - - [11/Apr/2019:01:42:33 -0700] "GET /twiki/bin/edit/Main/Header_checks?topicparent=Main.ConfigurationVariables HTTP/1.1" 401 12851
local - - [11/Apr/2019:01:49:34 -0700] "GET /cgi-bin/mailgraph.cgi/mailgraph_1.png HTTP/1.1" 200 9449
remote - - [11/Apr/2019:01:52:26 -0700] "GET /dccstats/stats-spam-ratio.1week.png HTTP/1.1" 200 2379
remote - - [11/Apr/2019:02:02:18 -0700] "GET /dccstats/stats-spam-ratio.1year.png HTTP/1.0" 200 1883
remote - - [11/Apr/2019:02:06:42 -0700] "GET /twiki/bin/view/Main/MikeMannix?rev=1.3 HTTP/1.1" 200 4721
remote - - [11/Apr/2019:02:07:58 -0700] "GET /twiki/bin/edit/TWiki/WikiStyleWord?topicparent=TWiki.TextFormattingFAQ HTTP/1.1" 401 12846
remote - - [11/Apr/2019:02:11:24 -0700] "GET /twiki/bin/view/Main/PeterThoeny HTTP/1.1" 200 4924
remote - - [11/Apr/2019:02:20:14 -0700] "GET /twiki/bin/rdiff/Main/WebPreferences?rev1=1.14&rev2=1.13 HTTP/1.1" 200 7207
remote - - [11/Apr/2019:02:21:42 -0700] "GET /mailman/admin/hs_rcafaculty HTTP/1.1" 200 2144
local - - [11/Apr/2019:02:24:58 -0700] "GET /twiki/bin/attach/TWiki/HaroldGottschalk HTTP/1.1" 401 12846
local - - [11/Apr/2019:02:30:04 -0700] "GET /twiki/bin/view/Main/Relay_Domains HTTP/1.0" 200 4564
remote - - [11/Apr/2019:02:34:14 -0700] "GET /twiki/bin/attach/Main/TWikiGroups HTTP/1.1" 401 12846
local - - [11/Apr/2019:02:37:12 -0700] "GET /dccstats/stats-spam.1day.png HTTP/1.0" 200 3095
remote - - [11/Apr/2019:02:43:22 -0700] "GET /dccstats/stats-spam.1week.png HTTP/1.0" 200 3302
remote - - [11/Apr/2019:02:45:37 -0700] "GET /twiki/bin/oops/TWiki/ResetPassword?template=oopsmore&param1=1.4&param2=1.4 HTTP/1.1" 200 11281
remote - - [11/Apr/2019:02:48:40 -0700] "GET /twiki/bin/edit/Main/Virtual_gid_maps?topicparent=Main.ConfigurationVariables HTTP/1.1" 401 12846
remote - - [11/Apr/2019:02:56:45 -0700] "GET /twiki/bin/view/TWiki/WelcomeGuest?rev=r1.5 HTTP/1.1" 200 9492
remote - - [11/Apr/2019:03:03:52 -0700] "GET /twiki/bin/view/TWiki/TWikiDocGraphics HTTP/1.1" 200 14492
remote - - [11/Apr/2019:03:08:07 -0700] "GET /twiki/bin/edit/Main/Smtpd_banner?topicparent=Main.ConfigurationVariables HTTP/1.1" 401 12846
remote - - [11/Apr/2019:03:17:14 -0700] "GET /twiki/bin/view/TWiki/TWikiTutorial HTTP/1.1" 200 14485
remote - - [11/Apr/2019:03:18:32 -0700] "GET /dccstats/stats-spam.1week.png HTTP/1.0" 200 3279
remote - - [11/Apr/2019:03:26:26 -0700] "GET /twiki/bin/view/TWiki/TWikiTopics?rev=r1.7 HTTP/1.1" 200 8540
local - - [11/Apr/2019:03:26:36 -0700] "GET /twiki/bin/edit/TWiki/TWikiSite?t=1078681794 HTTP/1.1" 401 12846
remote - - [11/Apr/2019:03:28:48 -0700] "GET /cgi-bin/mailgraph.cgi/mailgraph_0.png HTTP/1.1" 200 6225
remote - - [11/Apr/2019:03:38:33 -0700] "GET /cgi-bin/mailgraph.cgi/mailgraph_1_err.png HTTP/1.1" 200 7071
remote - - [11/Apr/2019:03:45:53 -0700] "GET /dccstats/stats-spam-ratio.1week.png HTTP/1.1" 200 2381
remote - - [11/Apr/2019:03:48:21 -0700] "GET /twiki/bin/rdiff/Main/WebNotify HTTP/1.1" 200 16853
remote - - [11/Apr/2019:03:57:35 -0700] "GET /mailman/admin/fcd HTTP/1.1" 200 2060
remote - - [11/Apr/2019:04:06:24 -0700] "GET /twiki/bin/edit/TWiki/WikiStyleWord?topicparent=TWiki.TextFormattingFAQ HTTP/1.1" 401 12846
local - - [11/Apr/2019:04:14:40 -0700] "GET /mailman/private/sswk/ HTTP/1.1" 200 1531
local - - [11/Apr/2019:04:19:27 -0700] "GET /dccstats/stats-hashes.1year.png HTTP/1.1" 200 1521
remote - - [11/Apr/2019:04:28:59 -0700] "GET /dccstats/stats-spam-ratio.1day.png HTTP/1.1" 200 2341
remote - - [11/Apr/2019:04:30:35 -0700] "GET /cgi-bin/mailgraph.cgi/mailgraph_0.png HTTP/1.1" 200 8055
remote - - [11/Apr/2019:04:39:15 -0700] "GET /cgi-bin/mailgraph.cgi/mailgraph_2.png HTTP/1.1" 200 9307
remote - - [11/Apr/2019:04:39:45 -0700] "GET /twiki/bin/search/TWiki/?scope=topic&regex=on&search=^q HTTP/1.1" 200 2937
remote - - [11/Apr/2019:04:41:47 -0700] "GET /dccstats/stats-spam.1day.png HTTP/1.1" 200 3068
local - - [11/Apr/2019:04:48:10 -0700] "GET /dccstats/stats-hashes.1month.png HTTP/1.1" 200 1580
local - - [11/Apr/2019:04:49:39 -0700] "GET /twiki/bin/rdiff/TWiki/WebSearch HTTP/1.1" 200 55862
remote - - [11/Apr/2019:04:52:16 -0700] "GET /twiki/bin/edit/Main/TokyoOffice?t=1078706364 HTTP/1.1" 401 12846
local - - [11/Apr/2019:05:00:49 -0700] "GET /dccstats/stats-spam.1week.png HTTP/1.0" 200 3302
remote - - [11/Apr/2019:05:02:06 -0700] "GET /mailman/admin/ppwc/members?letter=p HTTP/1.1" 200 24525
local - - [11/Apr/2019:05:10:07 -0700] "GET /dccstats/stats-spam.1week.png HTTP/1.1" 200 3327
remote - - [11/Apr/2019:05:12:43 -0700] "GET /cgi-bin/mailgraph.cgi/mailgraph_1_err.png HTTP/1.1" 200 7014
remote - - [11/Apr/2019:05:20:36 -0700] "GET /twiki/bin/rdiff/TWiki/IncludeTopicsAndWebPages HTTP/1.1" 200 20972
local - - [11/Apr/2019:05:29:56 -0700] "GET /cgi-bin/mailgraph.cgi/mailgraph_0.png HTTP/1.1" 200 7255
remote - - [11/Apr/2019:05:33:46 -0700] "GET /icons/mailman.jpg HTTP/1.0" 200 2022
remote - - [11/Apr/2019:05:43:27 -0700] "GET /twiki/bin/rdiff/TWiki/TWikiRegistration HTTP/1.1" 200 34395
remote - - [11/Apr/2019:05:50:54 -0700] "GET /twiki/bin/edit/Main/Header_address_token_limit?topicparent=Main.ConfigurationVariables HTTP/1.1" 401 12846
remote - - [11/Apr/2019:05:59:06 -0700] "GET /cgi-bin/mailgraph.cgi/mailgraph_1_err.png HTTP/1.1" 200 7014
remote - - [11/Apr/2019:06:03:00 -0700] "GET /twiki/bin/edit/TWiki/TWikiSite?t=1078681794 HTTP/1.1" 401 12846
local - - [11/Apr/2019:06:03:26 -0700] "GET /cgi-bin/mailgraph.cgi/mailgraph_1_err.png HTTP/1.1" 200 6846
remote - - [11/Apr/2019:06:05:20 -0700] "GET /twiki/bin/oops/TWiki/MoveTopic HTTP/1.0" 200 209
local - - [11/Apr/2019:06:05:49 -0700] "GET /mailman/admin/ppwc/members?letter=n HTTP/1.1" 200 15131
local - - [11/Apr/2019:06:09:30 -0700] "GET /twiki/bin/rdiff/Main/WebNotify HTTP/1.1" 200 16853
remote - - [11/Apr/2019:06:16:18 -0700] "GET /dccstats/stats-spam.1day.png HTTP/1.0" 200 3040
local - - [11/Apr/2019:06:21:29 -0700] "GET /twiki/bin/edit/Main/Delay_notice_recipient?topicparent=Main.ConfigurationVariables HTTP/1.1" 401 12846
remote - - [11/Apr/2019:06:28:15 -0700] "GET /twiki/bin/rdiff/Main/NicholasLee HTTP/1.1" 200 7235
remote - - [11/Apr/2019:06:31:57 -0700] "GET /mailman/admin/ppwc/members/add HTTP/1.1" 200 6681
remote - - [11/Apr/2019:06:35:41 -0700] "GET /cgi-bin/mailgraph.cgi/mailgraph_1_err.png HTTP/1.1" 200 7254
remote - - [11/Apr/2019:06:36:09 -0700] "GET /twiki/bin/view/Main/PostQueue HTTP/1.1" 200 4280
local - - [11/Apr/2019:06:38:24 -0700] "GET /twiki/bin/oops/Main/ThanadonSomdee HTTP/1.0" 200 209
local - - [11/Apr/2019:06:44:32 -0700] "GET /twiki/bin/rdiff/TWiki/TWikiPlugins?rev1=1.20&rev2=1.19 HTTP/1.1" 200 5140
local - - [11/Apr/2019:06:49:40 -0700] "GET /dccstats/stats-hashes.1week.png HTTP/1.0" 200 1671
remote - - [11/Apr/2019:06:49:45 -0700] "GET /twiki/bin/rdiff/TWiki/WikiReferences?rev1=1.2&rev2=1.1 HTTP/1.1" 200 10024
local - - [11/Apr/2019:06:55:06 -0700] "GET /cgi-bin/mailgraph.cgi/mailgraph_2.png HTTP/1.1" 200 9523
local - - [11/Apr/2019:06:59:19 -0700] "GET /twiki/bin/attach/Sandbox/WebHome HTTP/1.1" 401 12846
local - - [11/Apr/2019:07:06:59 -0700] "GET /twiki/bin/view/TWiki/KlausWriessnegger HTTP/1.1" 200 3848
remote - - [11/Apr/2019:07:15:48 -0700] "GET /twiki/bin/edit/Main/Fast_flush_domains?topicparent=Main.ConfigurationVariables HTTP/1.1" 401 12846
remote - - [11/Apr/2019:07:25:01 -0700] "GET /twiki/bin/edit/Main/BookView?topicparent=Main.TWikiVariables HTTP/1.1" 401 12846
remote - - [11/Apr/2019:07:26:01 -0700] "GET /twiki/bin/view/Main/AndreaSterbini HTTP/1.0" 200 3891
remote - - [11/Apr/2019:07:27:15 -0700] "GET /twiki/bin/view/Main/Relay_Domains HTTP/1.0" 200 4564
remote - - [11/Apr/2019:07:36:38 -0700] "GET /dccstats/ HTTP/1.0" 200 2955
remote - - [11/Apr/2019:07:45:00 -0700] "GET /dccstats/stats-spam.1year.png HTTP/1.1" 200 2213
remote - - [11/Apr/2019:07:49:51 -0700] "GET /dccstats/stats-spam-ratio.1month.png HTTP/1.1" 200 1976
remote - - [11/Apr/2019:07:58:19 -0700] "GET /twiki/bin/rdiff/TWiki/DefaultPlugin?rev1=1.5&rev2=1.4 HTTP/1.1" 200 4911
remote - - [11/Apr/2019:07:59:23 -0700] "GET /twiki/bin/view/TWiki/TablePlugin?skin=print HTTP/1.1" 200 1572
remote - - [11/Apr/2019:08:03:41 -0700] "GET /twiki/bin/rdiff/TWiki/WebTopicEditTemplate HTTP/1.1" 200 7895
local - - [11/Apr/2019:08:04:40 -0700] "GET /M83A HTTP/1.0" 404 269
remote - - [11/Apr/2019:08:10:43 -0700] "GET /twiki/bin/rdiff/TWiki/KevinKinnell?rev1=1.4&rev2=1.3 HTTP/1.1" 200 4369
remote - - [11/Apr/2019:08:13:35 -0700] "GET /dccstats/stats-hashes.1week.png HTTP/1.1" 200 1658
remote - - [11/Apr/2019:08:19:04 -0700] "GET /dccstats/stats-hashes.1year.png HTTP/1.1" 200 1556
remote - - [11/Apr/2019:08:27:26 -0700] "GET /twiki/bin/attach/Main/OfficeLocations HTTP/1.1" 401 12851
remote - - [11/Apr/2019:08:36:19 -0700] "GET /twiki/bin/view/TWiki/FileAttribute?rev=1.2 HTTP/1.1" 200 3949
remote - - [11/Apr/2019:08:42:07 -0700] "GET /dccstats/stats-hashes.1year.png HTTP/1.1" 200 1556
local - - [11/Apr/2019:08:51:47 -0700] "GET /dccstats/stats-hashes.1month.png HTTP/1.0" 200 1637
local - - [11/Apr/2019:08:57:09 -0700] "GET /pipermail/cnc_notice/2003-December.txt HTTP/1.1" 200 6570
local - - [11/Apr/2019:09:04:59 -0700] "GET /twiki/bin/search/TWiki/?scope=topic&regex=on&search=^y HTTP/1.1" 200 3628
remote - - [11/Apr/2019:09:05:24 -0700] "GET /dccstats/stats-spam-ratio.1week.png HTTP/1.1" 200 2381
local - - [11/Apr/2019:09:08:48 -0700] "GET /twiki/bin/edit/TWiki/TWikiSite?t=1078681794 HTTP/1.1" 401 12846
remote - - [11/Apr/2019:09:16:28 -0700] "GET /twiki/bin/rdiff/TWiki/WebSearch HTTP/1.1" 200 55862
remote - - [11/Apr/2019:09:17:39 -0700] "GET /dccstats/stats-spam-ratio.1day.png HTTP/1.1" 200 2243
local - - [11/Apr/2019:09:22:37 -0700] "GET /dccstats/stats-spam-ratio.1month.png HTTP/1.1" 200 1872
local - - [11/Apr/2019:09:28:04 -0700] "GET /twiki/bin/oops/TWiki/WelcomeGuest?template=oopsmore&param1=1.20&param2=1.20 HTTP/1.1" 200 11266
remote - - [11/Apr/2019:09:29:04 -0700] "GET /images/image004.jpg HTTP/1.1" 304 -
remote - - [11/Apr/2019:09:31:32 -0700] "GET /dccstats/stats-spam-ratio.1year.png HTTP/1.0" 200 1875
remote - - [11/Apr/2019:09:32:20 -0700] "GET /twiki/bin/view/Main/TWikiAdminGroup?rev=1.6 HTTP/1.1" 200 4462
remote - - [11/Apr/2019:09:37:52 -0700] "GET /twiki/bin/edit/TWiki/TWikiPlugins?t=1078696313 HTTP/1.1" 401 12846
remote - - [11/Apr/2019:09:43:15 -0700] "GET /twiki/bin/search/TWiki/SearchResult?scope=text&regex=on&search=Appendix%20*File%20*System%5B%5EA-Za-z%5D HTTP/1.0" 200 5794
remote - - [11/Apr/2019:09:49:13 -0700] "GET /dccstats/stats-spam.1day.png HTTP/1.1" 200 3068
remote - - [11/Apr/2019:09:56:07 -0700] "GET /twiki/bin/view/Main/TokyoOffice?rev=r1.3 HTTP/1.1" 200 3853
remote - - [11/Apr/2019:10:04:05 -0700] "GET /twiki/bin/edit/TWiki/RichardDonkin?t=1078691832 HTTP/1.1" 401 12846
remote - - [11/Apr/2019:10:11:54 -0700] "GET /dccstats/stats-spam-ratio.1month.png HTTP/1.1" 200 1970
remote - - [11/Apr/2019:10:19:27 -0700] "GET /dccstats/stats-spam-ratio.1year.png HTTP/1.1" 200 1879
remote - - [11/Apr/2019:10:21:59 -0700] "GET /twiki/bin/view/TWiki/PeterFokkinga?rev=1.2 HTTP/1.1" 200 3748
remote - - [11/Apr/2019:10:29:53 -0700] "GET /cgi-bin/mailgraph.cgi/mailgraph_0_err.png HTTP/1.1" 200 6485
remote - - [11/Apr/2019:10:30:48 -0700] "GET /dccstats/stats-hashes.1week.png HTTP/1.0" 200 1658
remote - - [11/Apr/2019:10:39:30 -0700] "GET /pipermail/cipg/2003-november.txt HTTP/1.1" 404 309
local - - [11/Apr/2019:10:41:05 -0700] "GET /dccstats/stats-spam-ratio.1day.png HTTP/1.1" 200 2187
remote - - [11/Apr/2019:10:48:25 -0700] "GET /twiki/bin/rdiff/Main/SpamAssassinAndPostFix?rev1=1.2&rev2=1.1 HTTP/1.1" 200 5794
remote - - [11/Apr/2019:10:52:25 -0700] "GET /twiki/bin/attach/TWiki/HaroldGottschalk HTTP/1.1" 401 12846
local - - [11/Apr/2019:11:02:24 -0700] "GET /twiki/bin/rdiff/Main/TWikiGuest?rev1=1.5&rev2=1.4 HTTP/1.1" 200 6233
remote - - [11/Apr/2019:11:11:34 -0700] "GET /dccstats/stats-hashes.1month.png HTTP/1.1" 200 1598
local - - [11/Apr/2019:11:17:45 -0700] "GET /twiki/bin/oops/TWiki/TWikiVariables?template=oopsmore&param1=1.62&param2=1.62 HTTP/1.1" 200 11444
local - - [11/Apr/2019:11:19:05 -0700] "GET /twiki/bin/view/Main/WebPreferences HTTP/1.1" 200 8820
remote - - [11/Apr/2019:11:23:21 -0700] "GET /twiki/bin/view/Main/SideBar HTTP/1.0" 200 3960
remote - - [11/Apr/2019:11:27:28 -0700] "GET /twiki/bin/rdiff/Sandbox/WebTopicList HTTP/1.1" 200 4319
local - - [11/Apr/2019:11:33:29 -0700] "GET /pipermail/techcomm/ HTTP/1.1" 200 1176
remote - - [11/Apr/2019:11:39:23 -0700] "GET /twiki/bin/rdiff/TWiki/TWikiRegistration?rev1=1.10&rev2=1.9 HTTP/1.1" 200 3826
remote - - [11/Apr/2019:11:44:25 -0700] "GET /cgi-bin/mailgraph.cgi/mailgraph_0.png HTTP/1.1" 200 8055
remote - - [11/Apr/2019:11:52:52 -0700] "GET /dccstats/stats-spam-ratio.1week.png HTTP/1.0" 200 2349
local - - [11/Apr/2019:11:56:21 -0700] "GET /twiki/bin/view/TWiki/TWikiTutorial HTTP/1.1" 200 14485
local - - [11/Apr/2019:12:01:58 -0700] "GET /dccstats/stats-spam-ratio.1week.png HTTP/1.0" 200 2369
remote - - [11/Apr/2019:12:10:29 -0700] "GET /dccstats/stats-spam-ratio.1month.png HTTP/1.1" 200 1976
remote - - [11/Apr/2019:12:18:33 -0700] "GET /dccstats/stats-spam-ratio.1year.png HTTP/1.1" 200 1924
remote - - [11/Apr/2019:12:23:52 -0700] "GET /twiki/bin/view/Main/TokyoOffice HTTP/1.1" 200 3853
remote - - [11/Apr/2019:12:25:00 -0700] "GET /twiki/bin/edit/Main/Lmtp_quit_timeout?topicparent=Main.ConfigurationVariables HTTP/1.1" 401 12851
remote - - [11/Apr/2019:12:30:51 -0700] "GET /dccstats/stats-hashes.1month.png HTTP/1.1" 200 1624
remote - - [11/Apr/2019:12:32:30 -0700] "GET /twiki/bin/search/TWiki/?scope=topic&regex=on&search=.* HTTP/1.1" 200 3544
remote - - [11/Apr/2019:12:34:54 -0700] "GET /twiki/bin/rdiff/TWiki/StanleyKnutson HTTP/1.1" 200 5327
local - - [11/Apr/2019:12:36:16 -0700] "GET /LateEmail.html HTTP/1.0" 200 7649
remote - - [11/Apr/2019:12:41:00 -0700] "GET /twiki/bin/rdiff/TWiki/TWikiDownload HTTP/1.1" 200 5933
remote - - [11/Apr/2019:12:49:34 -0700] "GET /cgi-bin/mailgraph.cgi/mailgraph_0_err.png HTTP/1.1" 200 7192
remote - - [11/Apr/2019:12:59:15 -0700] "GET /mailman/listinfo/deans HTTP/1.1" 200 6102
remote - - [11/Apr/2019:13:03:36 -0700] "GET /cgi-bin/mailgraph.cgi/mailgraph_0_err.png HTTP/1.1" 200 6357
remote - - [11/Apr/2019:13:11:56 -0700] "GET /cgi-bin/mailgraph.cgi/mailgraph_1.png HTTP/1.1" 200 8857
local - - [11/Apr/2019:13:12:04 -0700] "GET /cgi-bin/mailgraph.cgi/mailgraph_1_err.png HTTP/1.1" 200 7088
local - - [11/Apr/2019:13:14:29 -0700] "GET /mailman/admindb/ppwc HTTP/1.1" 200 2072
remote - - [11/Apr/2019:13:18:36 -0700] "GET /twiki/bin/oops/Main/DCC?template=oopsmore&param1=1.1&param2=1.1 HTTP/1.1" 200 6399
remote - - [11/Apr/2019:13:19:31 -0700] "GET /cgi-bin/mailgraph.cgi/mailgraph_0_err.png HTTP/1.1" 200 6708
remote - - [11/Apr/2019:13:24:01 -0700] "GET /twiki/bin/edit/TWiki/TextFormattingFAQ?t=1075982736 HTTP/1.0" 401 12816
local - - [11/Apr/2019:13:30:44 -0700] "GET /twiki/bin/rdiff/Main/PeterThoeny HTTP/1.1" 200 18927
remote - - [11/Apr/2019:13:36:02 -0700] "GET /twiki/bin/oops/Main/Smtpd_recipient_limit HTTP/1.0" 200 209
remote - - [11/Apr/2019:13:43:09 -0700] "GET /twiki/bin/edit/TWiki/KlausWriessnegger?t=1078709735 HTTP/1.1" 401 12846
local - - [11/Apr/2019:13:45:46 -0700] "GET /dccstats/stats-hashes.1year.png HTTP/1.1" 200 1509
remote - - [11/Apr/2019:13:49:41 -0700] "GET /twiki/bin/view/Main/TWikiGroups?rev=1.2 HTTP/1.1" 200 5162
remote - - [11/Apr/2019:13:57:48 -0700] "GET /cgi-bin/mailgraph.cgi/mailgraph_0_err.png HTTP/1.1" 200 6340
local - - [11/Apr/2019:14:04:31 -0700] "GET /mailman/private/dentalstudies/ HTTP/1.1" 200 1558
local - - [11/Apr/2019:14:10:19 -0700] "GET /dccstats/stats-spam-ratio.1day.png HTTP/1.0" 200 2272
remote - - [11/Apr/2019:14:15:11 -0700] "GET /twiki/bin/rdiff/TWiki/WebTopicEditTemplate HTTP/1.1" 200 7895
remote - - [11/Apr/2019:14:23:55 -0700] "GET /twiki/bin/search/TWiki/?scope=topic&regex=on&search=^q HTTP/1.1" 200 2937
remote - - [11/Apr/2019:14:26:26 -0700] "GET /dccstats/stats-spam-ratio.1month.png HTTP/1.1" 200 1970
remote - - [11/Apr/2019:14:31:01 -0700] "GET /cgi-bin/mailgraph.cgi/mailgraph_0.png HTTP/1.1" 200 5622
local - - [11/Apr/2019:14:36:58 -0700] "GET /twiki/bin/rdiff/TWiki/WhatIsWikiWiki HTTP/1.1" 200 9412
remote - - [11/Apr/2019:14:46:08 -0700] "GET /dccstats/stats-spam.1day.png HTTP/1.1" 200 3068
remote - - [11/Apr/2019:14:47:14 -0700] "GET /cgi-bin/mailgraph.cgi/mailgraph_1_err.png HTTP/1.1" 200 6846
remote - - [11/Apr/2019:14:54:04 -0700] "GET /twiki/bin/rdiff/TWiki/KevinKinnell?rev1=1.4&rev2=1.3 HTTP/1.1" 200 4369
local - - [11/Apr/2019:14:57:07 -0700] "GET /twiki/bin/view/TWiki/DefaultPlugin?rev=1.4 HTTP/1.1" 200 7298
remote - - [11/Apr/2019:15:00:12 -0700] "GET /twiki/bin/oops/TWiki/AppendixFileSystem?template=oopsmore&param1=1.12&param2=1.12 HTTP/1.0" 200 11355
remote - - [11/Apr/2019:15:03:05 -0700] "POST /mailman/admindb/ppwc HTTP/1.1" 200 1134
local - - [11/Apr/2019:15:12:09 -0700] "GET /dccstats/stats-hashes.1year.png HTTP/1.1" 200 1556
local - - [11/Apr/2019:15:21:11 -0700] "GET /twiki/bin/view/TWiki/SvenDowideit HTTP/1.1" 200 3616
remote - - [11/Apr/2019:15:27:06 -0700] "GET /dccstats/stats-spam-ratio.1week.png HTTP/1.0" 200 2386
remote - - [11/Apr/2019:15:30:24 -0700] "GET /twiki/bin/edit/Main/Setgid_group?topicparent=Main.ConfigurationVariables HTTP/1.1" 401 12846
remote - - [11/Apr/2019:15:37:31 -0700] "GET /dccstats/stats-hashes.1year.png HTTP/1.0" 200 1572
remote - - [11/Apr/2019:15:39:22 -0700] "GET /twiki/bin/view/TWiki/WikiNotation?skin=print HTTP/1.1" 200 1435
remote - - [11/Apr/2019:15:39:58 -0700] "GET /twiki/bin/oops/TWiki/TWikiVariables?template=oopsmore&param1=1.62&param2=1.62 HTTP/1.1" 200 11444
remote - - [11/Apr/2019:15:43:26 -0700] "GET /twiki/bin/view/TWiki/TWikiDocGraphics HTTP/1.1" 200 14492
local - - [11/Apr/2019:15:51:52 -0700] "GET /twiki/bin/attach/Sandbox/WebHome HTTP/1.1" 401 12846
local - - [11/Apr/2019:15:53:41 -0700] "GET /twiki/bin/view/TWiki/WebHome?rev=r1.49 HTTP/1.1" 200 12993
remote - - [11/Apr/2019:15:55:04 -0700] "GET /dccstats/stats-hashes.1year.png HTTP/1.1" 200 1494
local - - [11/Apr/2019:16:03:13 -0700] "GET /cgi-bin/mailgraph.cgi/mailgraph_1.png HTTP/1.1" 200 8673
remote - - [11/Apr/2019:16:03:42 -0700] "GET /twiki/bin/edit/Main/Allow_untrusted_routing?topicparent=Main.ConfigurationVariables HTTP/1.0" 401 12816
remote - - [11/Apr/2019:16:04:09 -0700] "GET /twiki/bin/view/Main/TWikiGuest HTTP/1.1" 200 4449
remote - - [11/Apr/2019:16:13:33 -0700] "GET /cgi-bin/mailgraph.cgi/mailgraph_2_err.png HTTP/1.1" 200 6996
remote - - [11/Apr/2019:16:16:43 -0700] "GET /twiki/bin/edit/Main/TestArea?topicparent=Main.WebHome HTTP/1.1" 401 12846
remote - - [11/Apr/2019:16:26:28 -0700] "GET /twiki/bin/rdiff/Know/ReadmeFirst?rev1=1.6&rev2=1.5 HTTP/1.1" 200 4187
remote - - [11/Apr/2019:16:27:41 -0700] "GET /twiki/bin/view/TWiki/TextFormattingRules?rev=r1.24 HTTP/1.1" 200 20981
remote - - [11/Apr/2019:16:30:49 -0700] "GET /twiki/bin/view/TWiki/TextFormattingRules?rev=r1.26 HTTP/1.1" 200 22710
remote - - [11/Apr/2019:16:31:04 -0700] "GET /dccstats/stats-spam.1year.png HTTP/1.0" 200 2202
remote - - [11/Apr/2019:16:38:03 -0700] "GET /twiki/bin/view/Main/TokyoOffice?rev=1.2 HTTP/1.1" 200 4366
local - - [11/Apr/2019:16:41:38 -0700] "GET /twiki/bin/view/Main/TWikiGuest?skin=print HTTP/1.1" 200 2372
remote - - [11/Apr/2019:16:44:19 -0700] "GET /mailman/private/artsscience/ HTTP/1.1" 200 1552
remote - - [11/Apr/2019:16:49:32 -0700] "GET /dccstats/stats-spam-ratio.1week.png HTTP/1.0" 200 2386
local - - [11/Apr/2019:16:55:34 -0700] "GET /twiki/bin/view/TWiki/WikiReferences?skin=print HTTP/1.1" 200 5596
remote - - [11/Apr/2019:16:58:48 -0700] "GET /mailman/admindb/ppwc HTTP/1.1" 200 2072
local - - [11/Apr/2019:17:03:14 -0700] "GET /dccstats/stats-spam.1week.png HTTP/1.0" 200 3431
local - - [11/Apr/2019:17:07:29 -0700] "GET /dccstats/stats-hashes.1month.png HTTP/1.1" 200 1585
local - - [11/Apr/2019:17:13:01 -0700] "GET /mailman/listinfo/deans HTTP/1.1" 200 6102
local - - [11/Apr/2019:17:18:46 -0700] "GET /dccstats/stats-spam-ratio.1month.png HTTP/1.0" 200 1927
remote - - [11/Apr/2019:17:19:45 -0700] "GET /cgi-bin/mailgraph.cgi/mailgraph_2_err.png HTTP/1.1" 200 6922
local - - [11/Apr/2019:17:27:52 -0700] "GET /twiki/bin/oops/Sandbox/WebStatistics HTTP/1.0" 200 209
remote - - [11/Apr/2019:17:35:57 -0700] "GET /twiki/bin/view/TWiki/FormattedSearch HTTP/1.0" 200 20420
remote - - [11/Apr/2019:17:39:30 -0700] "GET /twiki/bin/view/Main/WebSearch HTTP/1.0" 200 9263
remote - - [11/Apr/2019:17:47:27 -0700] "GET /dccstats/stats-spam.1week.png HTTP/1.1" 200 3302
local - - [11/Apr/2019:17:51:40 -0700] "GET /twiki/bin/view/TWiki/WebPreferences?rev=r1.9 HTTP/1.0" 200 7875
local - - [11/Apr/2019:17:55:26 -0700] "GET /dccstats/stats-spam-ratio.1week.png HTTP/1.0" 200 2349
remote - - [11/Apr/2019:18:03:14 -0700] "GET /twiki/bin/rdiff/TWiki/TWikiRegistration?rev1=1.10&rev2=1.9 HTTP/1.1" 200 3826
remote - - [11/Apr/2019:18:09:38 -0700] "GET /dccstats/stats-spam-ratio.1month.png HTTP/1.1" 200 2023
local - - [11/Apr/2019:18:18:44 -0700] "GET /cgi-bin/mailgraph.cgi/mailgraph_0_err.png HTTP/1.1" 200 6485
remote - - [11/Apr/2019:18:18:52 -0700] "GET /mailman/listinfo/mlc HTTP/1.1" 200 6142
local - - [11/Apr/2019:18:27:36 -0700] "GET /twiki/bin/view/TWiki/WikiSyntax HTTP/1.1" 200 7352
remote - - [11/Apr/2019:18:34:01 -0700] "GET /cgi-bin/mailgraph.cgi/mailgraph_1_err.png HTTP/1.1" 200 7206
remote - - [11/Apr/2019:18:43:39 -0700] "GET /dccstats/stats-spam.1week.png HTTP/1.0" 200 3271
local - - [11/Apr/2019:18:49:27 -0700] "GET /twiki/bin/view/TWiki/RichardDonkin?skin=print HTTP/1.1" 200 1729
remote - - [11/Apr/2019:18:56:23 -0700] "GET /pipermail/cnc_notice/2004-February.txt HTTP/1.1" 200 6712
remote - - [11/Apr/2019:19:02:34 -0700] "GET /twiki/bin/view/Main/WebStatistics?skin=print HTTP/1.1" 200 6194
local - - [11/Apr/2019:19:09:30 -0700] "GET /twiki/bin/oops/TWiki/Wik HTTP/1.0" 200 209
local - - [11/Apr/2019:19:15:15 -0700] "GET /dccstats/stats-spam.1year.png HTTP/1.1" 200 2213
remote - - [11/Apr/2019:19:15:27 -0700] "GET /twiki/bin/rdiff/TWiki/ChangePassword HTTP/1.1" 200 16670
local - - [11/Apr/2019:19:19:09 -0700] "GET /twiki/pub/TWiki/TWikiLogos/twikiRobot88x31.gif HTTP/1.1" 200 3501
remote - - [11/Apr/2019:19:19:35 -0700] "GET /twiki/bin/oops/Main/ThanadonSomdee HTTP/1.0" 200 209
remote - - [11/Apr/2019:19:25:08 -0700] "GET /dccstats/stats-hashes.1year.png HTTP/1.1" 200 1494
remote - - [11/Apr/2019:19:28:52 -0700] "POST /mailman/options/ppwc/ppwctwentynine@shaw.com HTTP/1.1" 200 14579
remote - - [11/Apr/2019:19:29:48 -0700] "GET /pipermail/cipg/2003-november.txt HTTP/1.1" 404 309
remote - - [11/Apr/2019:19:38:40 -0700] "GET /twiki/bin/view/TWiki/TWikiCategoryTable HTTP/1.1" 200 3729
local - - [11/Apr/2019:19:45:45 -0700] "GET /twiki/bin/rdiff/Main/AndreaSterbini HTTP/1.0" 200 5567
local - - [11/Apr/2019:19:52:23 -0700] "GET /twiki/bin/rdiff/TWiki/TWikiFAQ HTTP/1.1" 200 43115
local - - [11/Apr/2019:20:01:17 -0700] "GET /twiki/bin/rdiff/Main/WebIndex?rev1=1.2&rev2=1.1 HTTP/1.1" 200 46373
remote - - [11/Apr/2019:20:03:55 -0700] "GET /twiki/bin/attach/Main/TWikiGroups HTTP/1.1" 401 12846
remote - - [11/Apr/2019:20:04:05 -0700] "GET /twiki/bin/edit/Main/Sender_canonical_maps?topicparent=Main.ConfigurationVariables HTTP/1.1" 401 12851
local - - [11/Apr/2019:20:11:04 -0700] "GET /mailman/options/cnc_notice/arobin%40shaw.c HTTP/1.1" 200 3382
remote - - [11/Apr/2019:20:14:25 -0700] "GET /twiki/bin/rdiff/TWiki/RyanFreebern?rev1=1.2&rev2=1.1 HTTP/1.1" 200 5243
remote - - [11/Apr/2019:20:16:45 -0700] "GET /dccstats/stats-hashes.1year.png HTTP/1.0" 200 1483
local - - [11/Apr/2019:20:18:32 -0700] "GET /twiki/bin/view/TWiki/TextFormattingRules?rev=r1.22 HTTP/1.1" 200 21162
remote - - [11/Apr/2019:20:26:06 -0700] "GET /dccstats/stats-hashes.1year.png HTTP/1.0" 200 1524
local - - [11/Apr/2019:20:31:35 -0700] "GET /cgi-bin/mailgraph.cgi/mailgraph_2.png HTTP/1.1" 200 9391
local - - [11/Apr/2019:20:31:35 -0700] "GET /twiki/bin/oops/Sandbox/WebStatistics HTTP/1.0" 200 209
remote - - [11/Apr/2019:20:32:22 -0700] "GET /twiki/bin/view/Main/DCC HTTP/1.1" 200 4396
remote - - [11/Apr/2019:20:35:54 -0700] "GET /twiki/bin/edit/Main/Defer_transports?topicparent=Main.ConfigurationVariables HTTP/1.1" 401 12846
remote - - [11/Apr/2019:20:41:57 -0700] "GET /dccstats/stats-spam.1month.png HTTP/1.1" 200 2481
local - - [11/Apr/2019:20:50:14 -0700] "GET /twiki/bin/view/Know/ReadmeFirst?rev=1.4 HTTP/1.1" 200 6736
remote - - [11/Apr/2019:20:50:39 -0700] "GET /twiki/bin/edit/Sandbox/TestTopic5?topicparent=Sandbox.WebHome HTTP/1.1" 401 12846
remote - - [11/Apr/2019:20:53:50 -0700] "GET /mailman/listinfo/mgt-157 HTTP/1.1" 200 6189
local - - [11/Apr/2019:21:02:02 -0700] "GET /dccstats/stats-spam.1week.png HTTP/1.1" 200 3277
remote - - [11/Apr/2019:21:05:55 -0700] "GET /twiki/bin/view/Main/FileAttachment?rev=1.1 HTTP/1.1" 200 17757
remote - - [11/Apr/2019:21:13:42 -0700] "GET /twiki/bin/view/TWiki/ManagingWebs?rev=1.22 HTTP/1.1" 200 9310
remote - - [11/Apr/2019:21:20:15 -0700] "GET /twiki/bin/view/Main/WebPreferences HTTP/1.0" 200 8793
local - - [11/Apr/2019:21:28:33 -0700] "GET /dccstats/stats-spam.1month.png HTTP/1.0" 200 2685
remote - - [11/Apr/2019:21:36:35 -0700] "GET /dccstats/stats-spam-ratio.1month.png HTTP/1.1" 200 1918
remote - - [11/Apr/2019:21:42:42 -0700] "GET /twiki/bin/oops/Main/TWikiUsers HTTP/1.0" 200 209
remote - - [11/Apr/2019:21:44:39 -0700] "GET /twiki/bin/rdiff/Main/SanJoseOffice HTTP/1.1" 200 9524
local - - [11/Apr/2019:21:48:36 -0700] "GET /twiki/bin/view/TWiki/TWikiHistory?rev=r1.55 HTTP/1.1" 200 44652
remote - - [11/Apr/2019:21:55:22 -0700] "GET /twiki/bin/view/TWiki/TWikiTopics?rev=r1.4 HTTP/1.1" 200 5171
remote - - [11/Apr/2019:21:55:46 -0700] "GET /dccstats/stats-hashes.1year.png HTTP/1.1" 200 1494
local - - [11/Apr/2019:21:56:58 -0700] "GET /dccstats/stats-spam.1month.png HTTP/1.1" 200 2577
local - - [11/Apr/2019:22:01:15 -0700] "GET /mailman/admin/ppwc HTTP/1.1" 200 19597
remote - - [11/Apr/2019:22:09:00 -0700] "GET /twiki/bin/view/Main/VishaalGolam HTTP/1.0" 200 4577
remote - - [11/Apr/2019:22:12:50 -0700] "GET /icons/mailman.jpg HTTP/1.0" 200 2022
remote - - [11/Apr/2019:22:13:47 -0700] "GET /twiki/bin/view/TWiki/TWikiFAQ HTTP/1.1" 200 12050
remote - - [11/Apr/2019:22:14:28 -0700] "GET /twiki/bin/view/TWiki/WebSiteTools HTTP/1.1" 200 5208
local - - [11/Apr/2019:22:19:15 -0700] "GET /twiki/bin/view/Main/WebHome?rev=r1.24 HTTP/1.1" 200 9769
remote - - [11/Apr/2019:22:27:03 -0700] "GET /twiki/bin/rdiff/TWiki/WebChangesAlert HTTP/1.1" 200 27035
local - - [11/Apr/2019:22:27:08 -0700] "GET /dccstats/stats-spam-ratio.1month.png HTTP/1.0" 200 1918
remote - - [11/Apr/2019:22:35:03 -0700] "GET /twiki/bin/edit/Main/Maps_rbl_reject_code?topicparent=Main.ConfigurationVariables HTTP/1.1" 401 12846
remote - - [11/Apr/2019:22:40:35 -0700] "GET /twiki/bin/oops/TWiki/AppendixFileSystem?template=oopsmore&param1=1.12&param2=1.12 HTTP/1.0" 200 11355
remote - - [11/Apr/2019:22:48:37 -0700] "GET /twiki/bin/rdiff/TWiki/AdrianLynch HTTP/1.1" 200 4011
local - - [11/Apr/2019:22:56:22 -0700] "GET /icons/mailman.jpg HTTP/1.0" 200 2022
remote - - [11/Apr/2019:23:01:16 -0700] "GET /twiki/bin/view/Main/TWikiGuest HTTP/1.0" 200 4430
local - - [11/Apr/2019:23:06:03 -0700] "GET /twiki/bin/search/Main/?scope=topic&regex=on&search=^t HTTP/1.1" 200 8306
remote - - [11/Apr/2019:23:08:13 -0700] "GET /images/msgops.JPG HTTP/1.0" 200 7939
remote - - [11/Apr/2019:23:16:51 -0700] "GET /dccstats/stats-spam.1week.png HTTP/1.0" 200 3271
remote - - [11/Apr/2019:23:22:08 -0700] "GET /mailman/admin/jjec HTTP/1.1" 200 2088
local - - [11/Apr/2019:23:24:45 -0700] "GET /twiki/bin/view/TWiki/WebPreferences HTTP/1.0" 200 9109
remote - - [11/Apr/2019:23:25:37 -0700] "GET /twiki/bin/view/TWiki/TWikiCategoryTable HTTP/1.1" 200 3729
remote - - [11/Apr/2019:23:34:14 -0700] "GET /twiki/bin/rdiff/TWiki/AlWilliams?rev1=1.2&rev2=1.1 HTTP/1.1" 200 5234
local - - [11/Apr/2019:23:40:31 -0700] "GET /twiki/bin/oops/TWiki/NicholasLee HTTP/1.0" 200 209
remote - - [11/Apr/2019:23:43:50 -0700] "GET /twiki/bin/edit/Main/PostConf?topicparent=Main.PostfixCommands HTTP/1.1" 401 12851
local - - [11/Apr/2019:23:45:28 -0700] "GET /twiki/bin/attach/Main/PostfixCommands HTTP/1.1" 401 12846
local - - [11/Apr/2019:23:49:28 -0700] "GET /dccstats/stats-spam-ratio.1week.png HTTP/1.0" 200 2369
local - - [11/Apr/2019:23:50:57 -0700] "GET /twiki/bin/rename/TWiki/DefaultPlugin HTTP/1.1" 401 12846
remote - - [11/Apr/2019:23:53:16 -0700] "GET /images/image004.jpg HTTP/1.0" 200 10936
local - - [11/Apr/2019:23:55:58 -0700] "GET /twiki/bin/oops/TWiki/RegularExp HTTP/1.0" 200 209
local - - [11/Apr/2019:23:58:34 -0700] "GET /twiki/bin/search/TWiki/SearchResult?scope=text&regex=on&search=Appendix%20*File%20*System%5B%5EA-Za-z%5D HTTP/1.0" 200 5794
