remote - - [12/Apr/2019:00:07:56 -0700] "GET /twiki/bin/view/Sandbox/WebPreferences HTTP/1.0" 200 8380
local - - [12/Apr/2019:00:15:58 -0700] "GET /twiki/bin/oops/TWiki/WikiCulture?template=oopsmore&param1=1.8&param2=1.8 HTTP/1.1" 200 11245
remote - - [12/Apr/2019:00:20:27 -0700] "GET /mailman/private/hsdivision/ HTTP/1.1" 200 1549
remote - - [12/Apr/2019:00:30:25 -0700] "GET /twiki/bin/view/Sandbox/WebStatistics HTTP/1.1" 200 6063
remote - - [12/Apr/2019:00:36:06 -0700] "GET /dccstats/stats-spam.1week.png HTTP/1.1" 200 3299
remote - - [12/Apr/2019:00:39:08 -0700] "GET /twiki/bin/view/Main/WebHome?rev=r1.8 HTTP/1.0" 200 8986
remote - - [12/Apr/2019:00:42:30 -0700] "GET /cgi-bin/mailgraph.cgi/mailgraph_0.png HTTP/1.1" 200 6225
remote - - [12/Apr/2019:00:52:27 -0700] "GET /twiki/bin/rdiff/TWiki/TWikiRegistration HTTP/1.1" 200 34395
remote - - [12/Apr/2019:00:55:34 -0700] "GET /dccstats/stats-spam.1month.png HTTP/1.0" 200 2521
remote - - [12/Apr/2019:01:00:16 -0700] "GET /twiki/bin/view/TWiki/TextFormattingRules?rev=r1.24 HTTP/1.1" 200 20981
remote - - [12/Apr/2019:01:07:30 -0700] "GET /twiki/bin/view/Main/DCC HTTP/1.1" 200 4396
local - - [12/Apr/2019:01:08:35 -0700] "GET /twiki/bin/edit/Main/Unknown_local_recipient_reject_code?topicparent=Main.ConfigurationVariables HTTP/1.1" 401 12846
remote - - [12/Apr/2019:01:13:49 -0700] "GET /twiki/bin/view/Main/TWi HTTP/1.0" 200 4866
local - - [12/Apr/2019:01:17:48 -0700] "GET /dccstats/stats-spam-ratio.1month.png HTTP/1.1" 200 1983
remote - - [12/Apr/2019:01:18:54 -0700] "GET /cgi-bin/mailgraph.cgi/mailgraph_0.png HTTP/1.1" 200 6329
local - - [12/Apr/2019:01:27:00 -0700] "GET /twiki/bin/view/Main/WebHome?rev=r1.24 HTTP/1.1" 200 9769
remote - - [12/Apr/2019:01:27:05 -0700] "GET /twiki/bin/attach/TWiki/WebSearch HTTP/1.1" 401 12846
remote - - [12/Apr/2019:01:33:39 -0700] "GET /twiki/bin/attach/TWiki/TWikiDocGraphics?filename=pencil.gif&revInfo=1 HTTP/1.1" 401 12846
remote - - [12/Apr/2019:01:38:54 -0700] "GET /twiki/bin/view/TWiki/WelcomeGuest?rev=r1.11 HTTP/1.1" 200 13102
remote - - [12/Apr/2019:01:44:16 -0700] "GET /twiki/bin/edit/TWiki/WikiStyleWord?topicparent=TWiki.TextFormattingFAQ HTTP/1.1" 401 12846
remote - - [12/Apr/2019:01:46:13 -0700] "GET /MSOffice/cltreq.asp?UL=1&ACT=4&BUILD=2614&STRMVER=4&CAPREQ=0 HTTP/1.0" 404 284
remote - - [12/Apr/2019:01:50:43 -0700] "GET /mailman/private/dentalstudies/ HTTP/1.1" 200 1558
remote - - [12/Apr/2019:02:00:14 -0700] "GET /dccstats/stats-hashes.1month.png HTTP/1.1" 200 1545
remote - - [12/Apr/2019:02:01:34 -0700] "GET /dccstats/stats-spam.1month.png HTTP/1.1" 200 2640
remote - - [12/Apr/2019:02:10:57 -0700] "GET /twiki/bin/rdiff/Main/WebNotify HTTP/1.1" 200 16853
remote - - [12/Apr/2019:02:16:43 -0700] "GET /cgi-bin/mailgraph.cgi/mailgraph_0.png HTTP/1.1" 200 6329
remote - - [12/Apr/2019:02:20:19 -0700] "GET /images/msgops.JPG HTTP/1.1" 304 -
remote - - [12/Apr/2019:02:24:37 -0700] "GET /twiki/bin/search/Main/?scope=topic&regex=on&search=^p HTTP/1.1" 200 7245
remote - - [12/Apr/2019:02:32:46 -0700] "OPTIONS * HTTP/1.0" 200 -
local - - [12/Apr/2019:02:41:28 -0700] "GET /twiki/bin/attach/Main/WebPreferences HTTP/1.1" 401 12851
remote - - [12/Apr/2019:02:43:37 -0700] "GET /dccstats/stats-spam.1day.png HTTP/1.1" 200 3241
remote - - [12/Apr/2019:02:45:21 -0700] "GET /twiki/bin/edit/Main/Unknown_local_recipient_reject_code?topicparent=Main.ConfigurationVariables HTTP/1.1" 401 12846
local - - [12/Apr/2019:02:55:17 -0700] "GET /dccstats/stats-spam.1month.png HTTP/1.0" 200 2685
remote - - [12/Apr/2019:02:58:20 -0700] "GET /twiki/bin/view/Main/WebPreferences?rev=r1.4 HTTP/1.1" 200 7049
remote - - [12/Apr/2019:03:07:52 -0700] "GET /mailman/listinfo/ncbnpfaculty HTTP/1.1" 200 6331
remote - - [12/Apr/2019:03:10:03 -0700] "GET /dccstats/stats-hashes.1month.png HTTP/1.0" 200 1637
remote - - [12/Apr/2019:03:17:58 -0700] "GET /twiki/bin/view/TWiki/TWikiUpgradeTo01May2000?rev=1.3 HTTP/1.1" 200 7441
remote - - [12/Apr/2019:03:20:11 -0700] "GET /cgi-bin/mailgraph.cgi/mailgraph_1.png HTTP/1.1" 200 8673
local - - [12/Apr/2019:03:20:56 -0700] "GET /cgi-bin/mailgraph.cgi/mailgraph_0_err.png HTTP/1.1" 200 6445
local - - [12/Apr/2019:03:29:28 -0700] "GET /dccstats/stats-spam-ratio.1year.png HTTP/1.0" 200 1853
remote - - [12/Apr/2019:03:29:41 -0700] "GET /mailman/listinfo/fcd HTTP/1.1" 200 5967
remote - - [12/Apr/2019:03:32:13 -0700] "GET /twiki/bin/attach/Main/PostfixCommands HTTP/1.1" 401 12846
local - - [12/Apr/2019:03:32:48 -0700] "GET /twiki/ HTTP/1.1" 200 782
remote - - [12/Apr/2019:03:34:37 -0700] "GET /twiki/bin/view/TWiki/WikiWord?rev=1.3 HTTP/1.1" 200 6816
remote - - [12/Apr/2019:03:35:46 -0700] "GET /dccstats/stats-hashes.1year.png HTTP/1.0" 200 1483
remote - - [12/Apr/2019:03:42:47 -0700] "POST /mailman/admindb/ppwc HTTP/1.1" 200 1134
remote - - [12/Apr/2019:03:48:18 -0700] "GET /twiki/bin/view/TWiki/PeterFokkinga?rev=1.2 HTTP/1.1" 200 3748
remote - - [12/Apr/2019:03:55:58 -0700] "GET /dccstats/stats-hashes.1month.png HTTP/1.1" 200 1598
remote - - [12/Apr/2019:04:01:31 -0700] "GET /mailman/listinfo/mlc HTTP/1.1" 200 6142
local - - [12/Apr/2019:04:04:12 -0700] "GET /twiki/bin/search/TWiki/?scope=topic&regex=on&bookview=on&search=.* HTTP/1.1" 200 102399
remote - - [12/Apr/2019:04:08:46 -0700] "GET /clients.html HTTP/1.1" 200 18767
remote - - [12/Apr/2019:04:16:48 -0700] "GET /twiki/bin/rdiff/Main/WebNotify HTTP/1.1" 200 16853
local - - [12/Apr/2019:04:20:36 -0700] "GET /dccstats/stats-spam-ratio.1day.png HTTP/1.1" 200 2243
local - - [12/Apr/2019:04:21:37 -0700] "GET /twiki/bin/rdiff/TWiki/SvenDowideit HTTP/1.1" 200 5277
remote - - [12/Apr/2019:04:28:29 -0700] "GET /twiki/bin/oops/TWiki/1000 HTTP/1.0" 200 209
remote - - [12/Apr/2019:04:33:23 -0700] "GET /twiki/bin/view/TWiki/TWikiEnhancementRequests?rev=1.3 HTTP/1.1" 200 4379
remote - - [12/Apr/2019:04:38:34 -0700] "GET /twiki/bin/oops/Main/ThanadonSomdee HTTP/1.0" 200 209
remote - - [12/Apr/2019:04:47:42 -0700] "GET /twiki/bin/edit/TWiki/WikiNotation?t=1078726052 HTTP/1.1" 401 12846
remote - - [12/Apr/2019:04:53:17 -0700] "GET /twiki/bin/rdiff/Main/PostQueue HTTP/1.1" 200 4662
local - - [12/Apr/2019:05:01:43 -0700] "GET /twiki/bin/attach/TWiki/TablePlugin HTTP/1.1" 401 12846
remote - - [12/Apr/2019:05:03:52 -0700] "GET /dccstats/stats-spam-ratio.1year.png HTTP/1.1" 200 1850
remote - - [12/Apr/2019:05:08:33 -0700] "GET /twiki/bin/rdiff/Main/PeterThoeny HTTP/1.0" 200 18859
remote - - [12/Apr/2019:05:17:43 -0700] "GET /dccstats/stats-spam.1day.png HTTP/1.1" 200 2964
remote - - [12/Apr/2019:05:25:37 -0700] "GET /dccstats/stats-spam-ratio.1year.png HTTP/1.1" 200 1850
local - - [12/Apr/2019:05:34:13 -0700] "GET /pipermail/cncce/2004-January.txt HTTP/1.1" 200 3376
remote - - [12/Apr/2019:05:40:16 -0700] "GET /twiki/bin/edit/Main/Mailq_path?topicparent=Main.ConfigurationVariables HTTP/1.1" 401 12846
remote - - [12/Apr/2019:05:49:16 -0700] "GET /cgi-bin/mailgraph.cgi/mailgraph_1.png HTTP/1.1" 200 8809
local - - [12/Apr/2019:05:53:31 -0700] "GET /clients.html HTTP/1.1" 200 18753
remote - - [12/Apr/2019:06:03:19 -0700] "GET /dccstats/stats-hashes.1week.png HTTP/1.1" 200 1673
local - - [12/Apr/2019:06:05:16 -0700] "GET /cgi-bin/mailgraph.cgi/mailgraph_0_err.png HTTP/1.1" 200 6484
local - - [12/Apr/2019:06:14:59 -0700] "GET /pipermail/cncce/2004-January.txt HTTP/1.1" 200 3376
remote - - [12/Apr/2019:06:16:13 -0700] "GET /twiki/bin/edit/Main/Double_bounce_sender?topicparent=Main.ConfigurationVariables HTTP/1.1" 401 12846
local - - [12/Apr/2019:06:17:23 -0700] "GET /cgi-bin/mailgraph.cgi/mailgraph_0.png HTTP/1.1" 200 7255
local - - [12/Apr/2019:06:18:58 -0700] "GET /twiki/bin/view/Main/WebChanges?skin=print HTTP/1.1" 200 38580
remote - - [12/Apr/2019:06:22:19 -0700] "GET /dccstats/stats-spam.1day.png HTTP/1.1" 200 2964
local - - [12/Apr/2019:06:26:53 -0700] "GET /twiki/bin/view/TWiki/ChangePassword?rev=r1.6 HTTP/1.1" 200 5181
remote - - [12/Apr/2019:06:30:33 -0700] "GET /twiki/bin/view/TWiki/WebHome HTTP/1.0" 200 15147
remote - - [12/Apr/2019:06:36:56 -0700] "GET /twiki/bin/view/TWiki/JohnTalintyre HTTP/1.1" 200 3766
remote - - [12/Apr/2019:06:41:25 -0700] "GET /dccstats/stats-spam-ratio.1day.png HTTP/1.1" 200 2187
remote - - [12/Apr/2019:06:45:53 -0700] "GET /twiki/bin/attach/TWiki/TWikiSite HTTP/1.1" 401 12846
local - - [12/Apr/2019:06:50:47 -0700] "GET /mailman/admin/ppwc/members/add HTTP/1.1" 200 6681
local - - [12/Apr/2019:06:51:16 -0700] "GET /twiki/bin/search/Main/?scope=topic&regex=on&search=^f HTTP/1.1" 200 3438
local - - [12/Apr/2019:06:53:47 -0700] "GET /dccstats/stats-spam.1month.png HTTP/1.0" 200 2542
remote - - [12/Apr/2019:06:58:55 -0700] "GET /dccstats/stats-spam.1week.png HTTP/1.1" 200 3419
remote - - [12/Apr/2019:07:05:44 -0700] "GET /dccstats/stats-hashes.1week.png HTTP/1.1" 200 1663
local - - [12/Apr/2019:07:05:44 -0700] "GET /twiki/bin/oops/TWiki/Wik HTTP/1.0" 200 209
remote - - [12/Apr/2019:07:15:37 -0700] "GET /mailman/listinfo/gisgrad HTTP/1.1" 200 6024
remote - - [12/Apr/2019:07:15:52 -0700] "GET /twiki/bin/view/TWiki/ChangePassword?rev=r1.6 HTTP/1.1" 200 5181
remote - - [12/Apr/2019:07:21:51 -0700] "GET /dccstats/stats-spam-ratio.1week.png HTTP/1.1" 200 2332
remote - - [12/Apr/2019:07:22:27 -0700] "GET /dccstats/stats-hashes.1month.png HTTP/1.1" 200 1549
local - - [12/Apr/2019:07:31:21 -0700] "GET /dccstats/stats-spam.1day.png HTTP/1.1" 200 3091
remote - - [12/Apr/2019:07:39:03 -0700] "GET /twiki/bin/view/Sandbox/WebChanges HTTP/1.0" 200 9622
remote - - [12/Apr/2019:07:48:33 -0700] "GET /twiki/bin/view/Main/WebHome?rev=r1.24 HTTP/1.1" 200 9769
remote - - [12/Apr/2019:07:50:56 -0700] "GET /twiki/view/Main/WebHome HTTP/1.1" 404 300
local - - [12/Apr/2019:07:54:07 -0700] "GET /twiki/bin/view/TWiki/TWikiHistory?rev=r1.50 HTTP/1.1" 200 42285
remote - - [12/Apr/2019:07:57:13 -0700] "GET /twiki/bin/rdiff/Main/WebHome?rev1=1.28&rev2=1.27 HTTP/1.0" 200 3577
remote - - [12/Apr/2019:08:06:50 -0700] "GET /twiki/bin/edit/Main/Smtpd_history_flush_threshold?topicparent=Main.ConfigurationVariables HTTP/1.1" 401 12851
remote - - [12/Apr/2019:08:12:02 -0700] "GET /mailman/admin/ppwc/gateway HTTP/1.1" 200 8692
local - - [12/Apr/2019:08:20:09 -0700] "GET /twiki/bin/view/TWiki/TWikiHistory?rev=r1.50 HTTP/1.1" 200 42285
remote - - [12/Apr/2019:08:20:51 -0700] "GET /twiki/bin/edit/Main/UvscanAndPostFix?topicparent=Main.WebHome HTTP/1.1" 401 12846
remote - - [12/Apr/2019:08:30:50 -0700] "GET /ie.htm HTTP/1.0" 200 3518
remote - - [12/Apr/2019:08:39:53 -0700] "GET /twiki/bin/edit/Main/Unknown_local_recipient_reject_code?topicparent=Main.ConfigurationVariables HTTP/1.1" 401 12846
remote - - [12/Apr/2019:08:46:25 -0700] "GET /dccstats/stats-spam.1month.png HTTP/1.1" 200 2657
local - - [12/Apr/2019:08:49:34 -0700] "GET /dccstats/stats-spam.1year.png HTTP/1.1" 200 2243
local - - [12/Apr/2019:08:59:17 -0700] "GET /twiki/bin/view/Main/LondonOffice HTTP/1.0" 200 3860
remote - - [12/Apr/2019:09:04:30 -0700] "GET /mailman/listinfo/faculty HTTP/1.1" 200 6054
local - - [12/Apr/2019:09:07:13 -0700] "GET /twiki/bin/attach/TWiki/WebPreferences HTTP/1.1" 401 12846
remote - - [12/Apr/2019:09:10:48 -0700] "GET /twiki/bin/rdiff/Know/ReadmeFirst?rev1=1.5&rev2=1.4 HTTP/1.1" 200 5724
local - - [12/Apr/2019:09:11:28 -0700] "GET /twiki/bin/edit/Main/Deliver_lock_attempts?topicparent=Main.ConfigurationVariables HTTP/1.1" 401 12846
remote - - [12/Apr/2019:09:19:56 -0700] "GET /twiki/bin/edit/Main/Lmtp_connect_timeout?topicparent=Main.ConfigurationVariables HTTP/1.1" 401 12846
remote - - [12/Apr/2019:09:29:08 -0700] "GET /twiki/bin/rdiff/TWiki/ChangePassword HTTP/1.1" 200 16670
local - - [12/Apr/2019:09:31:21 -0700] "GET /cgi-bin/mailgraph.cgi/mailgraph_0_err.png HTTP/1.1" 200 6403
local - - [12/Apr/2019:09:39:54 -0700] "GET /twiki/bin/edit/TWiki/TWikiCodevFeatureToDo?topicparent=TWiki.TWikiHistory HTTP/1.1" 401 12846
remote - - [12/Apr/2019:09:48:47 -0700] "GET /cgi-bin/mailgraph.cgi/mailgraph_1.png HTTP/1.1" 200 8715
local - - [12/Apr/2019:09:51:21 -0700] "GET /twiki/bin/edit/Main/Double_bounce_sender?topicparent=Main.ConfigurationVariables HTTP/1.1" 401 12846
remote - - [12/Apr/2019:09:52:26 -0700] "GET /dccstats/stats-spam-ratio.1day.png HTTP/1.1" 200 2230
local - - [12/Apr/2019:09:54:46 -0700] "GET /mailman/listinfo/techcomm HTTP/1.1" 200 6155
remote - - [12/Apr/2019:10:00:23 -0700] "GET /twiki/bin/view/TWiki/TextFormattingRules?rev=r1.22 HTTP/1.1" 200 21162
remote - - [12/Apr/2019:10:08:23 -0700] "GET /mailman/admin/ppwc/members?letter=p HTTP/1.1" 200 24585
remote - - [12/Apr/2019:10:15:39 -0700] "GET /twiki/bin/view/Main/TWikiAdminGroup?rev=1.6 HTTP/1.1" 200 4462
remote - - [12/Apr/2019:10:17:10 -0700] "GET /twiki/bin/view/Main/WebHome?rev=r1.16 HTTP/1.1" 200 9342
remote - - [12/Apr/2019:10:24:32 -0700] "GET /twiki/bin/edit/TWiki/TWikiPages?topicparent=TWiki.WelcomeGuest HTTP/1.1" 401 12846
remote - - [12/Apr/2019:10:32:44 -0700] "GET /twiki/bin/edit/TWiki/WikiNotation?t=1078726052 HTTP/1.1" 401 12846
local - - [12/Apr/2019:10:34:19 -0700] "GET /twiki/bin/view/Main/TWikiGuest?rev=1.4 HTTP/1.1" 200 4719
local - - [12/Apr/2019:10:40:22 -0700] "GET /twiki/bin/rdiff/Know/ReadmeFirst?rev1=1.5&rev2=1.4 HTTP/1.1" 200 5724
remote - - [12/Apr/2019:10:48:59 -0700] "GET /twiki/bin/view/Main/WebPreferences?rev=1.14 HTTP/1.1" 200 8820
remote - - [12/Apr/2019:10:50:40 -0700] "GET /twiki/bin/view/Main/TokyoOffice?rev=r1.3 HTTP/1.1" 200 3853
remote - - [12/Apr/2019:10:55:03 -0700] "GET /cgi-bin/mailgraph.cgi/mailgraph_1.png HTTP/1.1" 200 8715
local - - [12/Apr/2019:11:00:43 -0700] "GET /cgi-bin/mailgraph.cgi/mailgraph_1_err.png HTTP/1.1" 200 7175
remote - - [12/Apr/2019:11:07:04 -0700] "GET /twiki/bin/view/Main/TWikiGuest?rev=r1.1 HTTP/1.1" 200 3763
remote - - [12/Apr/2019:11:07:56 -0700] "GET /twiki/bin/edit/Main/Fast_flush_domains?topicparent=Main.ConfigurationVariables HTTP/1.1" 401 12846
remote - - [12/Apr/2019:11:08:15 -0700] "GET /twiki/bin/search/TWiki/?scope=topic&regex=on&search=^i HTTP/1.1" 200 7226
local - - [12/Apr/2019:11:11:24 -0700] "GET /twiki/pub/TWiki/TWikiLogos/twikiRobot88x31.gif HTTP/1.1" 200 3501
local - - [12/Apr/2019:11:20:53 -0700] "GET /cgi-bin/mailgraph.cgi/mailgraph_0.png HTTP/1.1" 200 7783
local - - [12/Apr/2019:11:22:29 -0700] "GET /twiki/bin/rdiff/TWiki/TWikiPlugins?rev1=1.20&rev2=1.19 HTTP/1.1" 200 5140
remote - - [12/Apr/2019:11:31:24 -0700] "GET /twiki/bin/oops/TWiki/WikiCulture?template=oopsmore&param1=1.8&param2=1.8 HTTP/1.1" 200 11245
local - - [12/Apr/2019:11:34:35 -0700] "GET /dccstats/stats-spam-ratio.1day.png HTTP/1.1" 200 2148
remote - - [12/Apr/2019:11:36:48 -0700] "GET /dccstats/stats-spam.1month.png HTTP/1.1" 200 2657
local - - [12/Apr/2019:11:43:44 -0700] "GET /dccstats/stats-hashes.1year.png HTTP/1.1" 200 1494
remote - - [12/Apr/2019:11:47:17 -0700] "GET /twiki/bin/view/Main/WebPreferences?rev=r1.9 HTTP/1.1" 200 7511
remote - - [12/Apr/2019:11:49:26 -0700] "GET /twiki/bin/view/Main/WebStatistics?skin=print HTTP/1.1" 200 6194
remote - - [12/Apr/2019:11:56:02 -0700] "GET /twiki/bin/rdiff/Main/TokyoOffice?rev1=1.2&rev2=1.1 HTTP/1.1" 200 7316
local - - [12/Apr/2019:12:03:58 -0700] "GET /dccstats/stats-spam.1year.png HTTP/1.0" 200 2202
local - - [12/Apr/2019:12:05:19 -0700] "GET /twiki/bin/oops/Main/KevinWGage HTTP/1.0" 200 209
remote - - [12/Apr/2019:12:07:24 -0700] "GET /twiki/bin/view/TWiki/TWikiHistory?rev=1.9 HTTP/1.1" 200 15756
remote - - [12/Apr/2019:12:15:48 -0700] "GET /mailman/listinfo/cnc_forestry HTTP/1.1" 200 6159
remote - - [12/Apr/2019:12:19:35 -0700] "GET /cgi-bin/mailgraph.cgi/mailgraph_0.png HTTP/1.1" 200 6329
remote - - [12/Apr/2019:12:22:32 -0700] "GET /twiki/bin/view/Main/WebHome?skin=print&rev=1.25 HTTP/1.0" 200 7762
remote - - [12/Apr/2019:12:28:38 -0700] "GET /twiki/bin/view/TWiki/WelcomeGuest?rev=r1.5 HTTP/1.1" 200 9492
remote - - [12/Apr/2019:12:35:57 -0700] "GET /cgi-bin/mailgraph.cgi/mailgraph_0_err.png HTTP/1.1" 200 7192
remote - - [12/Apr/2019:12:40:48 -0700] "GET /twiki/bin/oops/TWiki/TWikiPlugins?template=oopsmore&param1=1.21&param2=1.21 HTTP/1.1" 200 11341
remote - - [12/Apr/2019:12:43:57 -0700] "GET /twiki/bin/rdiff/TWiki/TWikiPlannedFeatures HTTP/1.1" 200 10577
local - - [12/Apr/2019:12:49:59 -0700] "GET /twiki/bin/rdiff/Main/PeterThoeny HTTP/1.0" 200 18859
local - - [12/Apr/2019:12:58:13 -0700] "GET /twiki/view/Main/WebHome HTTP/1.1" 404 300
local - - [12/Apr/2019:13:02:00 -0700] "GET /twiki/bin/edit/Main/Fast_flush_domains?topicparent=Main.ConfigurationVariables HTTP/1.1" 401 12846
remote - - [12/Apr/2019:13:09:40 -0700] "GET /twiki/bin/rdiff/TWiki/TWikiSite HTTP/1.1" 200 71941
remote - - [12/Apr/2019:13:13:21 -0700] "GET /twiki/bin/view/Main/Postfix HTTP/1.1" 200 3699
local - - [12/Apr/2019:13:14:18 -0700] "GET /twiki/bin/rdiff/TWiki/TWikiPlannedFeatures HTTP/1.1" 200 10577
local - - [12/Apr/2019:13:21:15 -0700] "GET /images/image005.jpg HTTP/1.0" 200 21125
remote - - [12/Apr/2019:13:25:09 -0700] "GET /twiki/bin/view/TWiki/WelcomeGuest?rev=r1.19 HTTP/1.1" 200 13997
remote - - [12/Apr/2019:13:28:09 -0700] "GET /cgi-bin/mailgraph.cgi/mailgraph_2_err.png HTTP/1.1" 200 6976
remote - - [12/Apr/2019:13:32:51 -0700] "GET /twiki/bin/edit/Main/Daemon_directory?topicparent=Main.ConfigurationVariables HTTP/1.1" 401 12846
remote - - [12/Apr/2019:13:41:58 -0700] "GET /cgi-bin/mailgraph.cgi/mailgraph_0_err.png HTTP/1.1" 200 6274
remote - - [12/Apr/2019:13:42:01 -0700] "GET /mailman/admin/sswk HTTP/1.1" 200 2072
local - - [12/Apr/2019:13:45:50 -0700] "GET /twiki/bin/view/Main/WebChanges HTTP/1.1" 200 40520
remote - - [12/Apr/2019:13:51:23 -0700] "GET /twiki/bin/view/TWiki/SvenDowideit?rev=1.1 HTTP/1.1" 200 3564
remote - - [12/Apr/2019:13:51:29 -0700] "GET /pipermail/cnc_notice/2003-December.txt HTTP/1.1" 200 6570
remote - - [12/Apr/2019:13:59:46 -0700] "GET /dccstats/stats-spam-ratio.1year.png HTTP/1.0" 200 1883
local - - [12/Apr/2019:14:04:49 -0700] "GET /twiki/bin/attach/TWiki/InterWikis HTTP/1.1" 401 12846
local - - [12/Apr/2019:14:06:13 -0700] "GET /twiki/bin/view/Sandbox/WebChanges HTTP/1.0" 200 9622
local - - [12/Apr/2019:14:12:14 -0700] "GET /twiki/bin/edit/Main/TWikiForms?topicparent=Main.TWikiVariables HTTP/1.1" 401 12846
local - - [12/Apr/2019:14:17:14 -0700] "GET /twiki/bin/view/Main/WebHome?rev=1.27 HTTP/1.0" 200 10313
local - - [12/Apr/2019:14:22:56 -0700] "GET /cgi-bin/mailgraph.cgi/mailgraph_0_err.png HTTP/1.1" 200 6324
remote - - [12/Apr/2019:14:25:35 -0700] "GET /twiki/bin/rdiff/TWiki/WebTopicEditTemplate HTTP/1.1" 200 7895
remote - - [12/Apr/2019:14:26:24 -0700] "GET /twiki/bin/view/Main/DCC HTTP/1.1" 200 4396
remote - - [12/Apr/2019:14:28:14 -0700] "GET /dccstats/stats-hashes.1month.png HTTP/1.0" 200 1533
remote - - [12/Apr/2019:14:33:53 -0700] "GET /twiki/bin/rdiff/TWiki/WebTopicList HTTP/1.1" 200 14591
local - - [12/Apr/2019:14:41:14 -0700] "GET /twiki/bin/view/TWiki/DontNotify?rev=1.1 HTTP/1.1" 200 3965
local - - [12/Apr/2019:14:42:03 -0700] "GET /twiki/bin/edit/Main/Syslog_name?topicparent=Main.ConfigurationVariables HTTP/1.1" 401 12846
local - - [12/Apr/2019:14:45:42 -0700] "GET /twiki/bin/view/TWiki/TWikiDocGraphics HTTP/1.1" 200 14492
remote - - [12/Apr/2019:14:53:16 -0700] "GET /dccstats/stats-spam-ratio.1week.png HTTP/1.1" 200 2332
remote - - [12/Apr/2019:15:01:50 -0700] "GET /dccstats/stats-spam-ratio.1year.png HTTP/1.1" 200 1866
remote - - [12/Apr/2019:15:04:30 -0700] "GET /twiki/bin/view/TWiki/WikiName HTTP/1.1" 200 4811
remote - - [12/Apr/2019:15:10:48 -0700] "GET /dccstats/stats-hashes.1week.png HTTP/1.0" 200 1663
remote - - [12/Apr/2019:15:19:48 -0700] "GET /twiki/bin/edit/Main/Smtpd_history_flush_threshold?topicparent=Main.ConfigurationVariables HTTP/1.1" 401 12851
local - - [12/Apr/2019:15:29:32 -0700] "GET /mailman/admin/ppwc HTTP/1.1" 200 19597
remote - - [12/Apr/2019:15:32:37 -0700] "GET /dccstats/stats-spam.1month.png HTTP/1.0" 200 2521
remote - - [12/Apr/2019:15:34:19 -0700] "GET /twiki/bin/rdiff/TWiki/SvenDowideit?rev1=1.2&rev2=1.1 HTTP/1.1" 200 5277
local - - [12/Apr/2019:15:34:34 -0700] "GET /twiki/bin/edit/Main/Smtp_pix_workaround_delay_time?topicparent=Main.ConfigurationVariables HTTP/1.1" 401 12846
local - - [12/Apr/2019:15:36:15 -0700] "GET /twiki/bin/view/TWiki/WikiName HTTP/1.1" 200 4811
local - - [12/Apr/2019:15:43:52 -0700] "GET /twiki/bin/view/TWiki/WebSiteTools HTTP/1.1" 200 5208
local - - [12/Apr/2019:15:48:51 -0700] "GET /twiki/bin/view/TWiki/TextFormattingRules?rev=r1.19 HTTP/1.1" 200 20488
local - - [12/Apr/2019:15:49:00 -0700] "GET /twiki/bin/view/Main/AndreaSterbini?rev=r1.1 HTTP/1.0" 200 3732
local - - [12/Apr/2019:15:50:35 -0700] "GET /twiki/bin/rdiff/TWiki/RyanFreebern?rev1=1.2&rev2=1.1 HTTP/1.1" 200 5243
local - - [12/Apr/2019:15:54:46 -0700] "GET /twiki/bin/rdiff/Main/WebTopicList HTTP/1.1" 200 8004
remote - - [12/Apr/2019:15:59:44 -0700] "GET /cgi-bin/mailgraph.cgi/mailgraph_1.png HTTP/1.1" 200 8837
local - - [12/Apr/2019:16:02:15 -0700] "GET /cgi-bin/mailgraph.cgi/mailgraph_1.png HTTP/1.1" 200 8866
remote - - [12/Apr/2019:16:04:48 -0700] "GET /dccstats/stats-spam.1year.png HTTP/1.1" 200 2251
local - - [12/Apr/2019:16:06:12 -0700] "GET /twiki/bin/rdiff/TWiki/TWikiTopics HTTP/1.1" 200 101445
remote - - [12/Apr/2019:16:10:38 -0700] "GET /twiki/bin/view/Main/WebHome?rev=r1.8 HTTP/1.0" 200 8986
remote - - [12/Apr/2019:16:13:00 -0700] "GET /dccstats/stats-spam-ratio.1year.png HTTP/1.1" 200 1822
local - - [12/Apr/2019:16:20:00 -0700] "GET /twiki/bin/view/TWiki/KevinKinnell?rev=1.4 HTTP/1.1" 200 3730
remote - - [12/Apr/2019:16:23:19 -0700] "GET /dccstats/ HTTP/1.1" 200 2955
local - - [12/Apr/2019:16:24:27 -0700] "GET /twiki/bin/edit/Main/Virtual_gid_maps?topicparent=Main.ConfigurationVariables HTTP/1.1" 401 12846
remote - - [12/Apr/2019:16:27:46 -0700] 
remote - - [12/Apr/2019:16:30:55 -0700] "GET /dccstats/stats-spam-ratio.1year.png HTTP/1.1" 200 1879
local - - [12/Apr/2019:16:33:41 -0700] "GET /twiki/bin/oops/TWiki/HaroldGottschalk?template=oopsmore&param1=1.3&param2=1.3 HTTP/1.1" 200 11335
remote - - [12/Apr/2019:16:36:17 -0700] "GET /twiki/bin/rdiff/Main/TWikiGuest HTTP/1.1" 200 11314
remote - - [12/Apr/2019:16:36:59 -0700] "GET /dccstats/stats-spam-ratio.1month.png HTTP/1.1" 200 1983
remote - - [12/Apr/2019:16:38:40 -0700] "GET /twiki/bin/edit/Main/Berkeley_db_create_buffer_size?topicparent=Main.ConfigurationVariables HTTP/1.1" 401 12851
remote - - [12/Apr/2019:16:48:06 -0700] "GET /dccstats/stats-spam.1day.png HTTP/1.0" 200 3032
remote - - [12/Apr/2019:16:54:38 -0700] "GET /twiki/bin/rdiff/TWiki/TWikiPlannedFeatures HTTP/1.1" 200 10577
local - - [12/Apr/2019:16:59:07 -0700] "GET /mailman/admin/ppwc/gateway HTTP/1.1" 200 8692
local - - [12/Apr/2019:17:07:18 -0700] "GET /twiki/bin/edit/Main/Invalid_hostname_reject_code?topicparent=Main.ConfigurationVariables HTTP/1.1" 401 12846
remote - - [12/Apr/2019:17:13:34 -0700] "GET /twiki/bin/edit/TWiki/WebSiteTools?t=1078731408 HTTP/1.1" 401 12846
remote - - [12/Apr/2019:17:13:44 -0700] "GET /twiki/bin/edit/TWiki/TWikiCodevTWikiEnhancementRequests?topicparent=TWiki.TWikiHistory HTTP/1.1" 401 12851
local - - [12/Apr/2019:17:14:18 -0700] "GET /dccstats/stats-spam.1year.png HTTP/1.1" 200 2262
local - - [12/Apr/2019:17:22:03 -0700] "GET /twiki/bin/attach/TWiki/TWikiDocGraphics?filename=viewtopic.gif&revInfo=1 HTTP/1.1" 401 12846
remote - - [12/Apr/2019:17:27:23 -0700] "GET /twiki/bin/view/TWiki/SvenDowideit HTTP/1.1" 200 3616
remote - - [12/Apr/2019:17:37:12 -0700] "GET /cgi-bin/mailgraph.cgi/mailgraph_2.png HTTP/1.1" 200 9561
remote - - [12/Apr/2019:17:38:26 -0700] "GET /twiki/bin/attach/Main/ConfigurationVariables HTTP/1.1" 401 12846
local - - [12/Apr/2019:17:40:02 -0700] "GET /pipermail/cncce/2004-January.txt HTTP/1.1" 200 3376
local - - [12/Apr/2019:17:42:40 -0700] "GET /twiki/bin/oops/TWiki/SvenDowideit HTTP/1.0" 200 209
remote - - [12/Apr/2019:17:50:58 -0700] "GET /twiki/bin/edit/Main/Smtp_line_length_limit?topicparent=Main.ConfigurationVariables HTTP/1.1" 401 12846
remote - - [12/Apr/2019:17:51:50 -0700] "GET /twiki/bin/rdiff/TWiki/TextFormattingRules?rev1=1.36&rev2=1.35 HTTP/1.1" 200 25416
remote - - [12/Apr/2019:17:59:30 -0700] "GET /cgi-bin/mailgraph.cgi/mailgraph_1.png HTTP/1.1" 200 8964
remote - - [12/Apr/2019:18:04:08 -0700] "GET /twiki/bin/rdiff/TWiki/WebSiteTools?rev1=1.2&rev2=1.1 HTTP/1.1" 200 6640
remote - - [12/Apr/2019:18:08:31 -0700] "GET /twiki/bin/search/TWiki/?scope=topic&regex=on&search=^l HTTP/1.1" 200 2937
local - - [12/Apr/2019:18:18:11 -0700] "GET /twiki/bin/oops/TWiki/TWikiAccessControl HTTP/1.0" 200 209
remote - - [12/Apr/2019:18:26:26 -0700] "GET /dccstats/stats-spam-ratio.1week.png HTTP/1.0" 200 2341
remote - - [12/Apr/2019:18:29:55 -0700] "GET /pipermail/cncce/2004-January/000002.html HTTP/1.1" 200 3810
remote - - [12/Apr/2019:18:37:10 -0700] "GET /twiki/bin/edit/TWiki/TWikiRegistration?t=1078670224 HTTP/1.1" 401 12851
local - - [12/Apr/2019:18:43:55 -0700] "GET /twiki/bin/oops/TWiki/InterwikiPlugin HTTP/1.0" 200 209
remote - - [12/Apr/2019:18:48:50 -0700] "GET /mailman/admin/gisgrad HTTP/1.1" 200 2093
remote - - [12/Apr/2019:18:54:18 -0700] "GET /twiki/bin/edit/TWiki/TextFormattingFAQ?t=1075982736 HTTP/1.0" 401 12816
local - - [12/Apr/2019:19:03:02 -0700] "GET /cgi-bin/mailgraph.cgi/mailgraph_1_err.png HTTP/1.1" 200 7127
local - - [12/Apr/2019:19:07:39 -0700] "GET /twiki/bin/search/TWiki/?scope=topic&regex=on&search=^l HTTP/1.1" 200 2937
remote - - [12/Apr/2019:19:16:58 -0700] "POST /mailman/options/ppwc/ppwctwentynine@shaw.com HTTP/1.1" 200 14579
remote - - [12/Apr/2019:19:22:07 -0700] "GET /icons/PythonPowered.png HTTP/1.0" 200 945
local - - [12/Apr/2019:19:25:56 -0700] "GET /cgi-bin/mailgraph.cgi/mailgraph_1_err.png HTTP/1.1" 200 7254
remote - - [12/Apr/2019:19:35:19 -0700] "GET /twiki/bin/edit/Main/Deliver_lock_attempts?topicparent=Main.ConfigurationVariables HTTP/1.1" 401 12846
local - - [12/Apr/2019:19:40:28 -0700] "GET /dccstats/stats-spam.1year.png HTTP/1.1" 200 2223
remote - - [12/Apr/2019:19:47:33 -0700] "GET /twiki/bin/rdiff/TWiki/ChangePassword HTTP/1.1" 200 16670
remote - - [12/Apr/2019:19:48:20 -0700] "GET /twiki/bin/rdiff/TWiki/SvenDowideit?rev1=1.2&rev2=1.1 HTTP/1.1" 200 5277
remote - - [12/Apr/2019:19:58:14 -0700] "GET /twiki/bin/statistics/Main HTTP/1.1" 200 808
remote - - [12/Apr/2019:20:03:18 -0700] "GET /twiki/bin/rdiff/TWiki/NewUserTemplate?rev1=1.3&rev2=1.2 HTTP/1.1" 200 4523
remote - - [12/Apr/2019:20:04:01 -0700] "GET /cgi-bin/mailgraph.cgi/mailgraph_1.png HTTP/1.1" 200 8866
remote - - [12/Apr/2019:20:05:43 -0700] "GET /twiki/bin/rdiff/Main/PeterThoeny HTTP/1.1" 200 18927
local - - [12/Apr/2019:20:15:38 -0700] "GET /dccstats/stats-spam.1week.png HTTP/1.1" 200 3277
local - - [12/Apr/2019:20:19:54 -0700] "GET /twiki/bin/oops/TWiki/TWikiHistory?template=oopsmore&param1=1.61&param2=1.61 HTTP/1.1" 200 11345
local - - [12/Apr/2019:20:26:48 -0700] "GET /twiki/bin/rdiff/Know/ReadmeFirst?rev1=1.6&rev2=1.5 HTTP/1.1" 200 4187
local - - [12/Apr/2019:20:33:05 -0700] "GET /twiki/bin/view/Main/WebPreferences?rev=r1.2 HTTP/1.1" 200 6061
remote - - [12/Apr/2019:20:39:34 -0700] "GET /cgi-bin/mailgraph.cgi/mailgraph_0_err.png HTTP/1.1" 200 6357
local - - [12/Apr/2019:20:41:52 -0700] "GET /mailman/private/mlc/ HTTP/1.1" 200 1528
remote - - [12/Apr/2019:20:45:20 -0700] "GET /dccstats/stats-spam.1month.png HTTP/1.1" 200 2592
local - - [12/Apr/2019:20:51:02 -0700] "GET /twiki/bin/view/TWiki/WebTopicList HTTP/1.1" 200 14070
local - - [12/Apr/2019:20:55:06 -0700] "GET /twiki/bin/attach/TWiki/AndreaSterbini HTTP/1.1" 401 12851
remote - - [12/Apr/2019:20:58:44 -0700] "GET /twiki/bin/rdiff/TWiki/WebNotify HTTP/1.1" 200 11780
local - - [12/Apr/2019:21:03:19 -0700] "GET /dccstats/stats-hashes.1week.png HTTP/1.1" 200 1687
remote - - [12/Apr/2019:21:09:06 -0700] "GET /cgi-bin/mailgraph.cgi/mailgraph_0_err.png HTTP/1.1" 200 6703
remote - - [12/Apr/2019:21:10:45 -0700] "GET /twiki/bin/view/TWiki/TextFormattingRules?rev=r1.16 HTTP/1.1" 200 17361
remote - - [12/Apr/2019:21:18:04 -0700] "GET /twiki/bin/view/Main/TWikiGuest?skin=print HTTP/1.1" 200 2372
remote - - [12/Apr/2019:21:22:40 -0700] "GET /twiki/bin/view/Main/WebPreferences?rev=1.13 HTTP/1.1" 200 8770
remote - - [12/Apr/2019:21:28:52 -0700] "GET /twiki/bin/view/TWiki/ManagingWebs?rev=1.21 HTTP/1.1" 200 9310
local - - [12/Apr/2019:21:29:59 -0700] "GET /twiki/bin/view/TWiki/TWikiTopics?rev=r1.7 HTTP/1.1" 200 8540
remote - - [12/Apr/2019:21:34:51 -0700] "GET /twiki/bin/view/TWiki/WelcomeGuest?rev=r1.5 HTTP/1.1" 200 9492
local - - [12/Apr/2019:21:35:44 -0700] "GET /twiki/bin/view/TWiki/TWikiUpgradeTo01May2000?rev=1.3 HTTP/1.1" 200 7441
remote - - [12/Apr/2019:21:43:01 -0700] "GET /twiki/bin/view/Main/AndreaSterbini HTTP/1.0" 200 3891
local - - [12/Apr/2019:21:52:04 -0700] "GET /twiki/bin/oops/Main/T HTTP/1.0" 200 209
local - - [12/Apr/2019:21:55:11 -0700] "GET /twiki/bin/oops/TWiki/TWikiSite?template=oopsmore&param1=1.21&param2=1.21 HTTP/1.1" 200 11284
remote - - [12/Apr/2019:21:58:35 -0700] "GET /twiki/bin/attach/TWiki/DefaultPlugin HTTP/1.1" 401 12846
remote - - [12/Apr/2019:22:01:30 -0700] "GET /twiki/bin/view/Main/WebPreferences?rev=1.14 HTTP/1.1" 200 8820
remote - - [12/Apr/2019:22:08:15 -0700] "GET /dccstats/stats-spam.1week.png HTTP/1.1" 200 3200
local - - [12/Apr/2019:22:15:13 -0700] "GET /twiki/bin/view/TWiki/DefaultPlugin?rev=1.4 HTTP/1.1" 200 7298
remote - - [12/Apr/2019:22:19:46 -0700] "GET /dccstats/stats-spam-ratio.1month.png HTTP/1.0" 200 2082
remote - - [12/Apr/2019:22:21:56 -0700] "GET /twiki/bin/edit/TWiki/WikiNotation?t=1078726052 HTTP/1.1" 401 12846
local - - [12/Apr/2019:22:29:21 -0700] "GET /twiki/bin/edit/TWiki/UnchangeableTopicBug?topicparent=TWiki.TWikiHistory HTTP/1.1" 401 12846
local - - [12/Apr/2019:22:30:36 -0700] "GET /twiki/bin/view/TWiki/TextFormattingRules?rev=r1.26 HTTP/1.1" 200 22710
remote - - [12/Apr/2019:22:34:13 -0700] "GET /twiki/bin/oops/Know/PublicSupported HTTP/1.0" 200 209
local - - [12/Apr/2019:22:38:43 -0700] "GET /twiki/bin/view/Main/Postfix HTTP/1.1" 200 3699
remote - - [12/Apr/2019:22:44:03 -0700] "GET /twiki/bin/edit/Main/Message_size_limit?topicparent=Main.ConfigurationVariables HTTP/1.1" 401 12846
remote - - [12/Apr/2019:22:50:48 -0700] "GET /twiki/bin/view/TWiki/FileAttribute?rev=r1.2 HTTP/1.1" 200 3949
local - - [12/Apr/2019:23:00:36 -0700] "GET /mailman/listinfo/webct HTTP/1.1" 200 6377
remote - - [12/Apr/2019:23:01:49 -0700] "GET /twiki/bin/oops/Main/DCC?template=oopsmore&param1=1.1&param2=1.1 HTTP/1.1" 200 6399
remote - - [12/Apr/2019:23:05:17 -0700] "GET /twiki/bin/view/Main/JorisBenschop?skin=print HTTP/1.1" 200 2717
remote - - [12/Apr/2019:23:07:36 -0700] "GET /twiki/bin/rdiff/TWiki/WebTopicEditTemplate?rev1=1.5&rev2=1.4 HTTP/1.1" 200 4212
local - - [12/Apr/2019:23:07:51 -0700] "GET /twiki/bin/rdiff/TWiki/TWikiSite HTTP/1.1" 200 71941
remote - - [12/Apr/2019:23:15:51 -0700] "GET /twiki/bin/rdiff/Main/NicholasLee HTTP/1.1" 200 7235
remote - - [12/Apr/2019:23:25:13 -0700] "GET /twiki/bin/rdiff/TWiki/WebTopicEditTemplate HTTP/1.1" 200 7895
remote - - [12/Apr/2019:23:34:40 -0700] "GET /dccstats/stats-spam.1week.png HTTP/1.1" 200 3364
local - - [12/Apr/2019:23:42:17 -0700] "GET /dccstats/stats-spam.1day.png HTTP/1.0" 200 3040
local - - [12/Apr/2019:23:49:18 -0700] "GET /twiki/bin/rdiff/TWiki/AlWilliams?rev1=1.2&rev2=1.1 HTTP/1.1" 200 5234
remote - - [12/Apr/2019:23:50:11 -0700] "GET /twiki/bin/oops/Know/PublicSupported HTTP/1.0" 200 209
remote - - [12/Apr/2019:23:50:50 -0700] "GET /dccstats/stats-spam-ratio.1year.png HTTP/1.1" 200 1879
remote - - [12/Apr/2019:23:56:25 -0700] "GET /twiki/bin/rdiff/TWiki/NewUserTemplate?rev1=1.3&rev2=1.2 HTTP/1.1" 200 4523
