local - - [13/Apr/2019:00:06:06 -0700] "GET /twiki/bin/view/TWiki/ChangePassword?rev=r1.6 HTTP/1.1" 200 5181
local - - [13/Apr/2019:00:12:54 -0700] "GET /twiki/bin/view/TWiki/TextFormattingRules?rev=r1.24 HTTP/1.1" 200 20981
local - - [13/Apr/2019:00:14:57 -0700] "GET /twiki/bin/view/TWiki/TextFormattingRules?rev=r1.16 HTTP/1.1" 200 17361
remote - - [13/Apr/2019:00:17:52 -0700] "GET /dccstats/stats-spam.1week.png HTTP/1.1" 200 3299
local - - [13/Apr/2019:00:26:06 -0700] "GET /twiki/bin/oops/Main/TWiki HTTP/1.0" 200 209
remote - - [13/Apr/2019:00:30:28 -0700] "GET /twiki/bin/rdiff/TWiki/DefaultPlugin HTTP/1.1" 200 20376
remote - - [13/Apr/2019:00:31:43 -0700] "GET /cgi-bin/mailgraph.cgi/mailgraph_0_err.png HTTP/1.1" 200 6392
remote - - [13/Apr/2019:00:35:40 -0700] "GET /cgi-bin/mailgraph.cgi/mailgraph_0_err.png HTTP/1.1" 200 7213
remote - - [13/Apr/2019:00:44:14 -0700] "GET /dccstats/stats-hashes.1month.png HTTP/1.0" 200 1533
remote - - [13/Apr/2019:00:53:27 -0700] "GET /twiki/bin/edit/TWiki/TablePlugin?t=1078681446 HTTP/1.1" 401 12851
remote - - [13/Apr/2019:00:53:38 -0700] "GET /twiki/bin/oops/Know/WebStatistics HTTP/1.0" 200 209
local - - [13/Apr/2019:00:55:45 -0700] "GET /twiki/bin/rdiff/TWiki/SimultaneousEdits HTTP/1.1" 200 6180
remote - - [13/Apr/2019:01:04:08 -0700] "GET /cgi-bin/mailgraph.cgi/mailgraph_1_err.png HTTP/1.1" 200 7127
remote - - [13/Apr/2019:01:06:15 -0700] "GET /mailman/admin/ppwc/passwords HTTP/1.1" 200 6217
local - - [13/Apr/2019:01:13:30 -0700] "GET /twiki/bin/search/TWiki/?scope=topic&regex=on&search=^y HTTP/1.1" 200 3628
remote - - [13/Apr/2019:01:20:12 -0700] "GET /images/image005.jpg HTTP/1.1" 304 -
local - - [13/Apr/2019:01:24:14 -0700] "GET /dccstats/stats-spam-ratio.1day.png HTTP/1.1" 200 2271
remote - - [13/Apr/2019:01:26:06 -0700] "GET /mailman/admin/fcd HTTP/1.1" 200 2060
local - - [13/Apr/2019:01:32:38 -0700] "GET /dccstats/stats-hashes.1year.png HTTP/1.1" 200 1582
local - - [13/Apr/2019:01:35:52 -0700] "GET /twiki/bin/view/Sandbox/WebHome?rev=1.6 HTTP/1.1" 200 8545
local - - [13/Apr/2019:01:43:18 -0700] "GET /twiki/bin/oops/TWiki/TWikiSite?template=oopsmore&param1=1.21&param2=1.21 HTTP/1.1" 200 11284
local - - [13/Apr/2019:01:45:06 -0700] "GET /twiki/bin/view/Main/WebChanges HTTP/1.0" 200 40430
local - - [13/Apr/2019:01:45:26 -0700] 
remote - - [13/Apr/2019:01:50:25 -0700] "GET /twiki/bin/edit/Main/Header_address_token_limit?topicparent=Main.ConfigurationVariables HTTP/1.1" 401 12846
remote - - [13/Apr/2019:01:56:00 -0700] "GET /twiki/bin/rdiff/TWiki/WhatIsWikiWiki HTTP/1.1" 200 9412
remote - - [13/Apr/2019:01:59:09 -0700] "GET /dccstats/stats-spam.1year.png HTTP/1.0" 200 2250
remote - - [13/Apr/2019:02:04:18 -0700] "GET /twiki/bin/view/TWiki/TextFormattingRules?rev=r1.26 HTTP/1.1" 200 22710
remote - - [13/Apr/2019:02:08:51 -0700] "GET /mailman/private/mlc/ HTTP/1.1" 200 1528
local - - [13/Apr/2019:02:14:34 -0700] "GET /twiki/bin/edit/Main/TokyoOffice?t=1078706364 HTTP/1.1" 401 12846
local - - [13/Apr/2019:02:21:55 -0700] "GET /dccstats/stats-spam.1year.png HTTP/1.0" 200 2251
remote - - [13/Apr/2019:02:30:19 -0700] "GET /twiki/bin/rdiff/TWiki/TWikiRegistration?rev1=1.10&rev2=1.9 HTTP/1.1" 200 3826
remote - - [13/Apr/2019:02:37:47 -0700] "GET /twiki/bin/view/Main/WebHome?rev=1.25 HTTP/1.0" 200 9812
local - - [13/Apr/2019:02:47:20 -0700] "GET /twiki/bin/view/Main/WebIndex?rev=r1.2 HTTP/1.1" 200 45059
remote - - [13/Apr/2019:02:53:49 -0700] "GET /twiki/bin/rdiff/TWiki/WebRss HTTP/1.1" 200 21483
remote - - [13/Apr/2019:03:01:37 -0700] "GET /twiki/bin/oops/TWiki/RichardDonkin?template=oopsmore&param1=1.2&param2=1.2 HTTP/1.1" 200 11281
remote - - [13/Apr/2019:03:04:21 -0700] "GET /dccstats/stats-spam-ratio.1week.png HTTP/1.0" 200 2349
local - - [13/Apr/2019:03:11:42 -0700] "GET /dccstats/stats-hashes.1year.png HTTP/1.0" 200 1526
remote - - [13/Apr/2019:03:17:35 -0700] "GET /cgi-bin/mailgraph.cgi/mailgraph_0_err.png HTTP/1.1" 200 6274
local - - [13/Apr/2019:03:22:37 -0700] "GET /twiki/bin/edit/TWiki/RyanFreebern?t=1078701457 HTTP/1.1" 401 12846
local - - [13/Apr/2019:03:27:39 -0700] "GET /twiki/bin/edit/TWiki/TWikiCodevTWikiEnhancementRequests?topicparent=TWiki.TWikiHistory HTTP/1.1" 401 12851
remote - - [13/Apr/2019:03:29:55 -0700] "GET /twiki/bin/oops/Main/FileAttachment?template=oopsmore&param1=1.3&param2=1.3 HTTP/1.1" 200 6612
remote - - [13/Apr/2019:03:37:37 -0700] "GET /twiki/bin/view/Main/WebHome?skin=print&rev=1.25 HTTP/1.0" 200 7762
remote - - [13/Apr/2019:03:43:13 -0700] "GET /mailman/admin/hs_support HTTP/1.1" 200 2120
remote - - [13/Apr/2019:03:52:45 -0700] "GET /twiki/bin/edit/Main/Strict_8bitmime?topicparent=Main.ConfigurationVariables HTTP/1.1" 401 12846
local - - [13/Apr/2019:03:54:11 -0700] "GET /mailman/admin/ppwc HTTP/1.1" 200 19597
local - - [13/Apr/2019:03:57:39 -0700] "GET /mailman/admin/webber HTTP/1.1" 200 2089
remote - - [13/Apr/2019:04:05:55 -0700] "GET /dccstats/stats-spam.1year.png HTTP/1.1" 200 2222
remote - - [13/Apr/2019:04:14:41 -0700] "GET /twiki/bin/view/Main/WebPreferences?rev=r1.4 HTTP/1.1" 200 7049
remote - - [13/Apr/2019:04:17:06 -0700] "GET /mailman/admin/ppwc HTTP/1.1" 200 19597
local - - [13/Apr/2019:04:24:38 -0700] "GET /cgi-bin/mailgraph.cgi/mailgraph_0_err.png HTTP/1.1" 200 6703
remote - - [13/Apr/2019:04:25:03 -0700] "GET /twiki/bin/oops/TWiki/RichardDonkin?template=oopsmore&param1=1.2&param2=1.2 HTTP/1.1" 200 11281
remote - - [13/Apr/2019:04:27:03 -0700] "GET /rfc.html HTTP/1.1" 200 3103
remote - - [13/Apr/2019:04:36:47 -0700] "GET /twiki/bin/attach/TWiki/TWikiDocGraphics?filename=pencil.gif&revInfo=1 HTTP/1.1" 401 12846
remote - - [13/Apr/2019:04:41:35 -0700] "GET /mailman/listinfo/artsscience HTTP/1.1" 200 6248
remote - - [13/Apr/2019:04:45:47 -0700] "GET /twiki/bin/rdiff/Main/WebChanges HTTP/1.1" 200 114241
remote - - [13/Apr/2019:04:46:23 -0700] "GET /twiki/bin/rdiff/TWiki/TWikiSite HTTP/1.1" 200 71941
remote - - [13/Apr/2019:04:51:56 -0700] "GET /twiki/bin/view/TWiki/KevinKinnell?rev=1.4 HTTP/1.1" 200 3730
remote - - [13/Apr/2019:04:58:58 -0700] "GET /twiki/bin/search/TWiki/?scope=topic&regex=on&search=^q HTTP/1.1" 200 2937
remote - - [13/Apr/2019:05:05:10 -0700] "GET /twiki/bin/edit/Main/KevinWGagel?t=1078670331 HTTP/1.1" 401 12846
remote - - [13/Apr/2019:05:06:58 -0700] "GET /cgi-bin/mailgraph.cgi/mailgraph_0.png HTTP/1.1" 200 5871
local - - [13/Apr/2019:05:12:57 -0700] "GET /twiki/bin/rdiff/Main/WebHome?rev1=1.28&rev2=1.27 HTTP/1.1" 200 3596
remote - - [13/Apr/2019:05:14:33 -0700] "GET /mailman/listinfo/business HTTP/1.1" 200 6379
local - - [13/Apr/2019:05:17:40 -0700] "GET /twiki/bin/view/TWiki/TextFormattingRules?rev=r1.28 HTTP/1.1" 200 22777
remote - - [13/Apr/2019:05:17:41 -0700] "GET /twiki/bin/view/TWiki/SearchDoesNotWork?rev=r1.2 HTTP/1.1" 200 4072
remote - - [13/Apr/2019:05:24:18 -0700] "GET /dccstats/stats-hashes.1week.png HTTP/1.1" 200 1663
remote - - [13/Apr/2019:05:30:03 -0700] "GET /twiki/bin/view/Main/NicholasLee?rev=1.1 HTTP/1.1" 200 4456
remote - - [13/Apr/2019:05:32:51 -0700] "GET /cgi-bin/mailgraph.cgi/mailgraph_2_err.png HTTP/1.1" 200 6996
remote - - [13/Apr/2019:05:37:44 -0700] "GET /dccstats/stats-spam-ratio.1day.png HTTP/1.1" 200 2287
remote - - [13/Apr/2019:05:40:04 -0700] "GET /mailman/admin/jjec HTTP/1.1" 200 2088
remote - - [13/Apr/2019:05:47:16 -0700] "GET /dccstats/stats-hashes.1week.png HTTP/1.1" 200 1686
remote - - [13/Apr/2019:05:47:45 -0700] "GET /twiki/bin/oops/Main/T HTTP/1.0" 200 209
local - - [13/Apr/2019:05:49:46 -0700] "GET /twiki/bin/oops/Main/Mi HTTP/1.0" 200 209
remote - - [13/Apr/2019:05:54:49 -0700] "GET /twiki/bin/view/Main/WebNotify HTTP/1.1" 200 4468
local - - [13/Apr/2019:06:00:53 -0700] "GET /dccstats/stats-hashes.1week.png HTTP/1.1" 200 1687
local - - [13/Apr/2019:06:10:22 -0700] "GET /dccstats/stats-spam-ratio.1day.png HTTP/1.1" 200 2255
remote - - [13/Apr/2019:06:14:04 -0700] "GET /twiki/bin/attach/TWiki/KevinKinnell HTTP/1.1" 401 12846
local - - [13/Apr/2019:06:15:33 -0700] "GET /twiki/bin/edit/Main/Maps_rbl_reject_code?topicparent=Main.ConfigurationVariables HTTP/1.1" 401 12846
remote - - [13/Apr/2019:06:24:04 -0700] "GET /RBL.html HTTP/1.0" 200 4114
remote - - [13/Apr/2019:06:24:22 -0700] "GET /twiki/bin/rdiff/TWiki/HaroldGottschalk?rev1=1.2&rev2=1.1 HTTP/1.1" 200 5389
remote - - [13/Apr/2019:06:28:43 -0700] "GET /twiki/bin/view/Main/WebPreferences HTTP/1.1" 200 8820
remote - - [13/Apr/2019:06:37:50 -0700] "GET /mailman/admin/educationadmin HTTP/1.1" 200 2150
local - - [13/Apr/2019:06:41:04 -0700] "GET /mailman/admin/ppwc/members/list HTTP/1.1" 200 15271
local - - [13/Apr/2019:06:47:53 -0700] "GET /twiki/bin/rdiff/TWiki/PeterFokkinga?rev1=1.4&rev2=1.3 HTTP/1.1" 200 4548
remote - - [13/Apr/2019:06:54:23 -0700] "GET /twiki/bin/rdiff/TWiki/WikiSyntax HTTP/1.1" 200 59454
remote - - [13/Apr/2019:07:03:09 -0700] "GET /dccstats/stats-spam-ratio.1month.png HTTP/1.0" 200 1918
remote - - [13/Apr/2019:07:07:14 -0700] "GET /dccstats/stats-hashes.1year.png HTTP/1.1" 200 1521
remote - - [13/Apr/2019:07:11:25 -0700] "GET /twiki/bin/rdiff/TWiki/WebTopicEditTemplate?rev1=1.5&rev2=1.4 HTTP/1.1" 200 4212
remote - - [13/Apr/2019:07:17:51 -0700] "GET /cgi-bin/mailgraph.cgi/mailgraph_0.png HTTP/1.1" 200 5882
local - - [13/Apr/2019:07:18:31 -0700] "GET /dccstats/stats-spam.1day.png HTTP/1.1" 200 3040
local - - [13/Apr/2019:07:27:55 -0700] "GET /twiki/bin/edit/Main/Mailq_path?topicparent=Main.ConfigurationVariables HTTP/1.1" 401 12846
local - - [13/Apr/2019:07:29:49 -0700] "GET /cgi-bin/mailgraph.cgi/mailgraph_1.png HTTP/1.1" 200 8715
remote - - [13/Apr/2019:07:31:09 -0700] "GET /mailman/listinfo/gisgrad HTTP/1.1" 200 6024
remote - - [13/Apr/2019:07:37:23 -0700] "GET /twiki/bin/view/TWiki/TWikiEnhancementRequests?rev=1.3 HTTP/1.1" 200 4379
local - - [13/Apr/2019:07:43:00 -0700] "GET /dccstats/stats-hashes.1year.png HTTP/1.1" 200 1550
remote - - [13/Apr/2019:07:44:59 -0700] "GET /twiki/bin/view/Main/WebSearch HTTP/1.0" 200 9263
remote - - [13/Apr/2019:07:54:19 -0700] "GET /twiki/bin/rdiff/Main/SanJoseOffice HTTP/1.1" 200 9524
remote - - [13/Apr/2019:08:03:20 -0700] "GET /cgi-bin/mailgraph.cgi/mailgraph_0_err.png HTTP/1.1" 200 6274
remote - - [13/Apr/2019:08:04:13 -0700] "GET /twiki/bin/view/TWiki/TWikiHistory?rev=r1.49 HTTP/1.1" 200 42243
remote - - [13/Apr/2019:08:13:30 -0700] "GET /cgi-bin/mailgraph.cgi/mailgraph_1.png HTTP/1.1" 200 8830
local - - [13/Apr/2019:08:16:52 -0700] "GET /dccstats/stats-spam-ratio.1week.png HTTP/1.0" 200 2369
local - - [13/Apr/2019:08:22:03 -0700] "GET /dccstats/stats-hashes.1month.png HTTP/1.1" 200 1604
local - - [13/Apr/2019:08:31:35 -0700] "GET /dccstats/stats-hashes.1month.png HTTP/1.1" 200 1550
remote - - [13/Apr/2019:08:33:41 -0700] "GET /twiki/bin/attach/TWiki/WebSearch HTTP/1.1" 401 12846
remote - - [13/Apr/2019:08:35:45 -0700] "GET /pipermail/cipg/2003-november.txt HTTP/1.1" 404 309
remote - - [13/Apr/2019:08:44:57 -0700] "GET /twiki/bin/attach/TWiki/TWikiDocGraphics?filename=pencil.gif&revInfo=1 HTTP/1.1" 401 12846
remote - - [13/Apr/2019:08:52:13 -0700] "GET /mailman/admin/educationadmin HTTP/1.1" 200 2150
local - - [13/Apr/2019:09:00:20 -0700] "GET /twiki/bin/rdiff/TWiki/EditDoesNotIncreaseTheRevision HTTP/1.1" 200 6310
remote - - [13/Apr/2019:09:03:38 -0700] "GET /mailman/listinfo/artsscience HTTP/1.1" 200 6248
remote - - [13/Apr/2019:09:06:32 -0700] "GET /twiki/bin/view/Main/NicholasLee?rev=1.2 HTTP/1.1" 200 3570
local - - [13/Apr/2019:09:06:52 -0700] "GET /dccstats/stats-spam-ratio.1year.png HTTP/1.1" 200 1924
remote - - [13/Apr/2019:09:14:46 -0700] "GET /twiki/bin/rdiff/Main/PeterThoeny HTTP/1.0" 200 18859
remote - - [13/Apr/2019:09:23:41 -0700] "GET /dccstats/stats-spam.1month.png HTTP/1.1" 200 2534
remote - - [13/Apr/2019:09:28:31 -0700] "GET /twiki/bin/oops/TWiki/HaroldGottschalk?template=oopsmore&param1=1.3&param2=1.3 HTTP/1.1" 200 11335
local - - [13/Apr/2019:09:37:32 -0700] "GET /dccstats/stats-spam-ratio.1month.png HTTP/1.1" 200 1872
local - - [13/Apr/2019:09:37:46 -0700] "GET /twiki/bin/oops/TWiki/ResetPassword?template=oopsmore&param1=1.4&param2=1.4 HTTP/1.1" 200 11281
remote - - [13/Apr/2019:09:45:58 -0700] "GET /dccstats/stats-spam-ratio.1week.png HTTP/1.0" 200 2349
local - - [13/Apr/2019:09:53:51 -0700] "GET /dccstats/stats-spam-ratio.1year.png HTTP/1.1" 200 1924
local - - [13/Apr/2019:09:56:33 -0700] "GET /dccstats/stats-spam-ratio.1year.png HTTP/1.1" 200 1850
remote - - [13/Apr/2019:09:57:54 -0700] "GET /dccstats/stats-spam.1week.png HTTP/1.1" 200 3440
local - - [13/Apr/2019:09:59:59 -0700] "GET /twiki/bin/view/TWiki/d43 HTTP/1.0" 200 4619
local - - [13/Apr/2019:10:06:31 -0700] "GET /twiki/bin/rdiff/TWiki/NewUserTemplate?rev1=1.3&rev2=1.2 HTTP/1.1" 200 4523
local - - [13/Apr/2019:10:10:23 -0700] "GET /dccstats/stats-spam-ratio.1week.png HTTP/1.1" 200 2314
remote - - [13/Apr/2019:10:13:35 -0700] "GET /cgi-bin/mailgraph.cgi/mailgraph_1_err.png HTTP/1.1" 200 7175
remote - - [13/Apr/2019:10:22:05 -0700] "GET /twiki/bin/search/TWiki/?scope=topic&regex=on&search=^y HTTP/1.1" 200 3628
remote - - [13/Apr/2019:10:22:48 -0700] "GET /dccstats/stats-spam-ratio.1day.png HTTP/1.1" 200 2224
local - - [13/Apr/2019:10:24:05 -0700] "GET /dccstats/stats-spam.1month.png HTTP/1.1" 200 2481
remote - - [13/Apr/2019:10:33:13 -0700] "GET /dccstats/stats-hashes.1year.png HTTP/1.1" 200 1550
local - - [13/Apr/2019:10:41:11 -0700] "GET /dccstats/stats-spam.1day.png HTTP/1.1" 200 3080
local - - [13/Apr/2019:10:47:15 -0700] "GET /twiki/bin/oops/TWiki/MoveTopic HTTP/1.0" 200 209
remote - - [13/Apr/2019:10:50:35 -0700] "GET /twiki/bin/search/TWiki/?search=\.*&scope=topic&order=modified&reverse=on&regex=on&nosearch=on&limit=200 HTTP/1.1" 200 101279
local - - [13/Apr/2019:11:00:08 -0700] "GET /twiki/bin/oops/Main/DCCAndPostFix?template=oopsmore&param1=1.2&param2=1.2 HTTP/1.1" 200 6602
remote - - [13/Apr/2019:11:05:39 -0700] "GET /twiki/bin/view/Sandbox/WebPreferences HTTP/1.0" 200 8380
local - - [13/Apr/2019:11:13:59 -0700] "GET /twiki/bin/oops/TWiki/WikiCulture?template=oopsmore&param1=1.8&param2=1.8 HTTP/1.1" 200 11245
remote - - [13/Apr/2019:11:16:20 -0700] "GET /dccstats/stats-spam.1day.png HTTP/1.0" 200 3095
remote - - [13/Apr/2019:11:23:51 -0700] "GET /twiki/bin/view/Main/TokyoOffice HTTP/1.1" 200 3853
local - - [13/Apr/2019:11:24:55 -0700] "GET /twiki/bin/rdiff/Know/ReadmeFirst?rev1=1.5&rev2=1.4 HTTP/1.1" 200 5724
local - - [13/Apr/2019:11:30:49 -0700] "GET /mailman/admin/fcd HTTP/1.1" 200 2060
local - - [13/Apr/2019:11:34:06 -0700] "GET /cgi-bin/mailgraph.cgi/mailgraph_0_err.png HTTP/1.1" 200 6703
remote - - [13/Apr/2019:11:37:18 -0700] "GET /twiki/bin/view/TWiki/TextFormattingRules?rev=r1.22 HTTP/1.1" 200 21162
remote - - [13/Apr/2019:11:37:39 -0700] "GET /twiki/bin/oops/Main/WebHome?template=oopsmore&param1=1.28&param2=1.8 HTTP/1.0" 200 7410
remote - - [13/Apr/2019:11:39:45 -0700] "GET /twiki/bin/view/Main/WebHome?rev=1.25 HTTP/1.0" 200 9812
local - - [13/Apr/2019:11:41:37 -0700] "GET /twiki/bin/oops/TWiki/WikiCulture?template=oopsmore&param1=1.8&param2=1.8 HTTP/1.1" 200 11245
local - - [13/Apr/2019:11:44:08 -0700] "GET /twiki/bin/view/TWiki/FileAttribute?rev=r1.2 HTTP/1.1" 200 3949
remote - - [13/Apr/2019:11:52:19 -0700] "GET /mailman/listinfo/fcd HTTP/1.1" 200 5967
local - - [13/Apr/2019:11:59:51 -0700] "GET /twiki/bin/edit/Main/Propagate_unmatched_extensions?topicparent=Main.ConfigurationVariables HTTP/1.0" 401 12816
remote - - [13/Apr/2019:12:01:30 -0700] "GET /twiki/bin/view/TWiki/TWikiFAQ HTTP/1.1" 200 12050
remote - - [13/Apr/2019:12:06:04 -0700] "GET /twiki/bin/view/TWiki/WelcomeGuest?rev=r1.6 HTTP/1.1" 200 12620
remote - - [13/Apr/2019:12:06:22 -0700] "GET /DCC.html HTTP/1.0" 200 2878
remote - - [13/Apr/2019:12:14:55 -0700] "GET /cgi-bin/mailgraph.cgi/mailgraph_0.png HTTP/1.1" 200 6225
remote - - [13/Apr/2019:12:19:11 -0700] "GET /twiki/bin/oops/TWiki/MoveTopic HTTP/1.0" 200 209
remote - - [13/Apr/2019:12:20:37 -0700] "GET /cgi-bin/mailgraph.cgi/mailgraph_1.png HTTP/1.1" 200 8771
local - - [13/Apr/2019:12:24:09 -0700] "GET /dccstats/stats-hashes.1year.png HTTP/1.0" 200 1493
remote - - [13/Apr/2019:12:30:16 -0700] "GET /twiki/bin/rdiff/TWiki/WebPreferences HTTP/1.1" 200 36410
remote - - [13/Apr/2019:12:38:49 -0700] "GET /twiki/bin/rdiff/Main/WebPreferences?rev1=1.14&rev2=1.13 HTTP/1.1" 200 7207
local - - [13/Apr/2019:12:47:36 -0700] "GET /twiki/bin/edit/Main/KevinWGagel?t=1078670331 HTTP/1.1" 401 12846
remote - - [13/Apr/2019:12:57:18 -0700] "GET /twiki/bin/oops/Know/WebStatistics HTTP/1.0" 200 209
remote - - [13/Apr/2019:13:01:25 -0700] "GET /cgi-bin/mailgraph.cgi/mailgraph_1.png HTTP/1.1" 200 8673
remote - - [13/Apr/2019:13:02:24 -0700] "GET /twiki/bin/view/Main/MikeMannix?rev=1.3 HTTP/1.1" 200 4721
remote - - [13/Apr/2019:13:07:22 -0700] "GET /twiki/bin/view/Main/WebPreferences?rev=r1.14 HTTP/1.1" 200 8820
remote - - [13/Apr/2019:13:12:13 -0700] "GET /cgi-bin/mailgraph.cgi/mailgraph_0.png HTTP/1.1" 200 7255
remote - - [13/Apr/2019:13:18:16 -0700] "GET /twiki/bin/view/TWiki/WikiNotation HTTP/1.1" 200 3617
remote - - [13/Apr/2019:13:19:39 -0700] "GET /twiki/bin/view/TWiki/TWikiTopics?rev=r1.10 HTTP/1.1" 200 14650
remote - - [13/Apr/2019:13:20:58 -0700] "GET /mailman/admin/ppwc/members/list HTTP/1.1" 200 15271
local - - [13/Apr/2019:13:25:14 -0700] "GET /cgi-bin/mailgraph.cgi/mailgraph_1_err.png HTTP/1.1" 200 6791
local - - [13/Apr/2019:13:25:15 -0700] "GET /dccstats/stats-spam-ratio.1week.png HTTP/1.0" 200 2369
remote - - [13/Apr/2019:13:27:56 -0700] "GET /twiki/bin/view/Sandbox/WebIndex HTTP/1.0" 200 8667
remote - - [13/Apr/2019:13:34:39 -0700] "GET /twiki/bin/oops/TWiki/InterwikiPlugin HTTP/1.0" 200 209
local - - [13/Apr/2019:13:42:04 -0700] "GET /cgi-bin/mailgraph.cgi/mailgraph_2.png HTTP/1.1" 200 9328
remote - - [13/Apr/2019:13:49:38 -0700] "GET /twiki/bin/view/TWiki/TWikiHistory?rev=r1.54 HTTP/1.1" 200 44644
remote - - [13/Apr/2019:13:56:26 -0700] "GET /twiki/bin/attach/Sandbox/WebHome HTTP/1.1" 401 12846
remote - - [13/Apr/2019:14:04:32 -0700] "GET /dccstats/stats-hashes.1month.png HTTP/1.1" 200 1545
remote - - [13/Apr/2019:14:04:41 -0700] "GET /mailman/listinfo/hsdivision HTTP/1.1" 200 6291
local - - [13/Apr/2019:14:10:33 -0700] "GET /mailman/admin/ppwc/members/add HTTP/1.1" 200 6681
remote - - [13/Apr/2019:14:14:51 -0700] "GET /ie.htm HTTP/1.0" 200 3518
remote - - [13/Apr/2019:14:16:44 -0700] "GET /dccstats/stats-spam.1week.png HTTP/1.0" 200 3431
local - - [13/Apr/2019:14:21:03 -0700] "GET /twiki/bin/edit/Main/Qmqpd_authorized_clients?topicparent=Main.ConfigurationVariables HTTP/1.1" 401 12846
local - - [13/Apr/2019:14:25:13 -0700] "GET /mailman/admin/gisgrad HTTP/1.1" 200 2093
remote - - [13/Apr/2019:14:26:05 -0700] "GET /twiki/bin/view/Main/VishaalGolam HTTP/1.0" 200 4577
remote - - [13/Apr/2019:14:33:37 -0700] "GET /dccstats/ HTTP/1.1" 200 2955
remote - - [13/Apr/2019:14:42:57 -0700] "GET /twiki/bin/view/Sandbox/WebHome?rev=1.6 HTTP/1.1" 200 8545
remote - - [13/Apr/2019:14:44:54 -0700] "GET /dccstats/stats-spam-ratio.1year.png HTTP/1.1" 200 1899
remote - - [13/Apr/2019:14:52:36 -0700] "GET /pipermail/cnc_notice/2004-February.txt HTTP/1.1" 200 6712
local - - [13/Apr/2019:14:57:26 -0700] "GET /dccstats/stats-hashes.1month.png HTTP/1.0" 200 1533
remote - - [13/Apr/2019:15:02:55 -0700] "GET /twiki/bin/rdiff/TWiki/SearchDoesNotWork HTTP/1.1" 200 6738
remote - - [13/Apr/2019:15:10:18 -0700] "GET /twiki/bin/oops/TWiki/RichardDonkin?template=oopsmore&param1=1.2&param2=1.2 HTTP/1.1" 200 11281
local - - [13/Apr/2019:15:10:57 -0700] "GET /twiki/bin/view/Main/MikeMannix HTTP/1.1" 200 3686
remote - - [13/Apr/2019:15:13:43 -0700] "GET /cgi-bin/mailgraph.cgi/mailgraph_2.png HTTP/1.1" 200 9307
remote - - [13/Apr/2019:15:19:03 -0700] "GET /cgi-bin/mailgraph.cgi/mailgraph_0.png HTTP/1.1" 200 6405
remote - - [13/Apr/2019:15:24:25 -0700] "GET /twiki/bin/view/Main/VerifingGatway HTTP/1.0" 200 4731
local - - [13/Apr/2019:15:30:44 -0700] "GET /twiki/bin/edit/Main/Unknown_local_recipient_reject_code?topicparent=Main.ConfigurationVariables HTTP/1.1" 401 12846
remote - - [13/Apr/2019:15:39:50 -0700] "GET /dccstats/stats-spam.1year.png HTTP/1.1" 200 2243
remote - - [13/Apr/2019:15:45:10 -0700] "GET /twiki/bin/edit/Main/Lmtp_mail_timeout?topicparent=Main.ConfigurationVariables HTTP/1.1" 401 12846
remote - - [13/Apr/2019:15:45:52 -0700] "GET /dccstats/stats-hashes.1year.png HTTP/1.1" 200 1556
remote - - [13/Apr/2019:15:48:13 -0700] "GET /twiki/bin/search/Main/?scope=topic&regex=on&search=^f HTTP/1.1" 200 3438
remote - - [13/Apr/2019:15:48:16 -0700] "GET /twiki/bin/rdiff/TWiki/TWikiPlannedFeatures HTTP/1.1" 200 10577
remote - - [13/Apr/2019:15:51:52 -0700] "GET /mailman/listinfo/artsscience HTTP/1.1" 200 6248
local - - [13/Apr/2019:16:00:46 -0700] "GET /twiki/bin/view/Main/WebStatistics?skin=print HTTP/1.1" 200 6194
local - - [13/Apr/2019:16:06:41 -0700] "GET /twiki/bin/view/TWiki/DontNotify HTTP/1.1" 200 4140
local - - [13/Apr/2019:16:07:11 -0700] "GET /twiki/bin/view/TWiki/WebSearch?rev=1.11 HTTP/1.1" 200 9419
remote - - [13/Apr/2019:16:13:07 -0700] "GET /mailman/admin/ppwc/members?letter=p HTTP/1.1" 200 24525
remote - - [13/Apr/2019:16:19:19 -0700] "GET /pipermail/techcomm/ HTTP/1.1" 200 1176
remote - - [13/Apr/2019:16:28:51 -0700] "GET /twiki/bin/view/Main/TWikiGuest?rev=r1.1 HTTP/1.1" 200 3763
remote - - [13/Apr/2019:16:34:59 -0700] "GET /twiki/bin/view/TWiki/TWikiRegistration?rev=r1.7 HTTP/1.1" 200 12737
local - - [13/Apr/2019:16:44:46 -0700] "GET /cgi-bin/mailgraph.cgi/mailgraph_0.png HTTP/1.1" 200 6329
remote - - [13/Apr/2019:16:47:47 -0700] "GET /dccstats/ HTTP/1.0" 200 2955
local - - [13/Apr/2019:16:54:14 -0700] "GET /twiki/bin/rdiff/TWiki/TWikiEnhancementRequests HTTP/1.1" 200 10417
remote - - [13/Apr/2019:16:57:10 -0700] "GET /cgi-bin/mailgraph.cgi/mailgraph_0_err.png HTTP/1.1" 200 6340
remote - - [13/Apr/2019:16:59:08 -0700] "GET /twiki/bin/view/TWiki/KevinKinnell?rev=1.4 HTTP/1.1" 200 3730
local - - [13/Apr/2019:17:01:59 -0700] "GET /dccstats/stats-spam.1week.png HTTP/1.1" 200 3438
local - - [13/Apr/2019:17:07:28 -0700] "GET /pipermail/cnc_notice/2003-December.txt HTTP/1.1" 200 6570
remote - - [13/Apr/2019:17:13:41 -0700] "GET /twiki/bin/rdiff/TWiki/TWikiDownload HTTP/1.1" 200 5933
remote - - [13/Apr/2019:17:21:07 -0700] "GET /twiki/pub/TWiki/TWikiLogos/twikiRobot88x31.gif HTTP/1.1" 200 3501
remote - - [13/Apr/2019:17:23:05 -0700] "GET /dccstats/stats-spam-ratio.1year.png HTTP/1.1" 200 1873
remote - - [13/Apr/2019:17:23:17 -0700] "GET /twiki/bin/view/TWiki/SvenDowideit?rev=r1.1 HTTP/1.1" 200 3564
local - - [13/Apr/2019:17:29:55 -0700] "GET /twiki/bin/view/Main/MikeMannix HTTP/1.1" 200 3686
local - - [13/Apr/2019:17:36:37 -0700] "GET /twiki/bin/edit/Main/Cleanup_service_name?topicparent=Main.ConfigurationVariables HTTP/1.1" 401 12846
remote - - [13/Apr/2019:17:42:17 -0700] "GET /twiki/bin/rdiff/Main/PeterThoeny HTTP/1.1" 200 18927
remote - - [13/Apr/2019:17:44:52 -0700] "GET /pipermail/cncce/2004-January.txt HTTP/1.1" 200 3376
remote - - [13/Apr/2019:17:54:09 -0700] "GET /razor.html HTTP/1.0" 304 -
local - - [13/Apr/2019:18:01:01 -0700] "GET /twiki/bin/attach/TWiki/AndreaSterbini HTTP/1.1" 401 12851
local - - [13/Apr/2019:18:10:16 -0700] "GET /twiki/bin/attach/TWiki/TWikiSite HTTP/1.1" 401 12846
remote - - [13/Apr/2019:18:13:34 -0700] "GET /twiki/bin/rdiff/TWiki/WebChangesAlert HTTP/1.1" 200 27035
local - - [13/Apr/2019:18:14:49 -0700] "GET /twiki/bin/rdiff/Main/NicholasLee HTTP/1.1" 200 7235
remote - - [13/Apr/2019:18:15:56 -0700] "GET /twiki/bin/view/Sandbox/WebIndex HTTP/1.0" 200 8667
remote - - [13/Apr/2019:18:22:44 -0700] "GET /twiki/bin/oops/Main/WebHome?template=oopsmore&param1=1.28&param2=1.8 HTTP/1.0" 200 7410
local - - [13/Apr/2019:18:23:06 -0700] "GET /twiki/bin/edit/Sandbox/TestTopic2?topicparent=Sandbox.WebHome HTTP/1.1" 401 12846
local - - [13/Apr/2019:18:25:56 -0700] "GET /mailman/listinfo/gisgrad HTTP/1.1" 200 6024
remote - - [13/Apr/2019:18:31:21 -0700] "GET /cgi-bin/mailgraph.cgi/mailgraph_1_err.png HTTP/1.1" 200 7014
local - - [13/Apr/2019:18:39:18 -0700] "GET /images/msgops.JPG HTTP/1.1" 304 -
remote - - [13/Apr/2019:18:44:14 -0700] "GET /twiki/bin/view/TWiki/FormattedSearch?rev=1.8 HTTP/1.1" 200 20434
local - - [13/Apr/2019:18:52:26 -0700] "GET /twiki/bin/edit/Main/Ignore_mx_lookup_error?topicparent=Main.ConfigurationVariables HTTP/1.1" 401 12846
local - - [13/Apr/2019:19:00:13 -0700] "GET /twiki/bin/rdiff/Main/TokyoOffice?rev1=1.2&rev2=1.1 HTTP/1.1" 200 7316
remote - - [13/Apr/2019:19:04:33 -0700] "GET /twiki/bin/oops/TWiki/AppendixFileSystem?template=oopsmore&param1=1.12&param2=1.12 HTTP/1.1" 200 11382
remote - - [13/Apr/2019:19:06:50 -0700] "GET /twiki/bin/oops/Main/Smtpd_recipient_limit HTTP/1.0" 200 209
remote - - [13/Apr/2019:19:16:48 -0700] "GET /twiki/bin/edit/TWiki/TWikiPages?topicparent=TWiki.WelcomeGuest HTTP/1.1" 401 12846
remote - - [13/Apr/2019:19:20:19 -0700] "GET /twiki/bin/view/Main/WebHome?rev=r1.24 HTTP/1.1" 200 9769
local - - [13/Apr/2019:19:29:12 -0700] "GET /dccstats/stats-spam-ratio.1day.png HTTP/1.1" 200 2187
remote - - [13/Apr/2019:19:38:26 -0700] "GET /cgi-bin/mailgraph.cgi/mailgraph_1_err.png HTTP/1.1" 200 7071
remote - - [13/Apr/2019:19:43:26 -0700] "GET /twiki/bin/rdiff/TWiki/TWikiDownload HTTP/1.1" 200 5933
local - - [13/Apr/2019:19:49:29 -0700] "GET /twiki/bin/attach/Main/OfficeLocations HTTP/1.1" 401 12851
local - - [13/Apr/2019:19:50:50 -0700] "GET /twiki/bin/edit/TWiki/DefaultPlugin?t=1078688936 HTTP/1.1" 401 12846
remote - - [13/Apr/2019:19:51:55 -0700] "GET /cgi-bin/mailgraph.cgi/mailgraph_2.png HTTP/1.1" 200 9307
local - - [13/Apr/2019:19:55:42 -0700] "GET /twiki/bin/oops/TWiki/TextFormattingFAQ?template=oopsmore&param1=1.14&param2=1.14 HTTP/1.1" 200 11364
remote - - [13/Apr/2019:19:57:22 -0700] "GET /twiki/bin/oops/TWiki/AppendixFileSystem?template=oopsmore&param1=1.12&param2=1.12 HTTP/1.1" 200 11382
remote - - [13/Apr/2019:20:01:50 -0700] "GET /twiki/bin/edit/Main/UvscanAndPostFix?topicparent=Main.WebHome HTTP/1.1" 401 12846
remote - - [13/Apr/2019:20:06:49 -0700] "GET /twiki/bin/view/TWiki/WebHome?rev=r1.49 HTTP/1.1" 200 12993
remote - - [13/Apr/2019:20:09:30 -0700] "GET /twiki/bin/rdiff/TWiki/WebPreferences HTTP/1.1" 200 36410
remote - - [13/Apr/2019:20:14:11 -0700] "GET /dccstats/stats-hashes.1month.png HTTP/1.1" 200 1580
remote - - [13/Apr/2019:20:21:43 -0700] "GET /twiki/bin/edit/Sandbox/TestTopic5?topicparent=Sandbox.WebHome HTTP/1.1" 401 12846
remote - - [13/Apr/2019:20:29:07 -0700] "GET /twiki/bin/view/Main/PostQueue HTTP/1.1" 200 4280
remote - - [13/Apr/2019:20:33:11 -0700] "GET /twiki/bin/edit/TWiki/NewTopic?topicparent=TWiki.WikiSyntax HTTP/1.1" 401 12846
remote - - [13/Apr/2019:20:34:33 -0700] "GET /cgi-bin/mailgraph.cgi/mailgraph_0.png HTTP/1.1" 200 8663
remote - - [13/Apr/2019:20:41:41 -0700] "GET /twiki/bin/edit/Main/TWikiPreferences?topicparent=Main.WebHome HTTP/1.1" 401 12846
local - - [13/Apr/2019:20:49:28 -0700] "GET /twiki/bin/view/TWiki/SearchDoesNotWork?rev=r1.1 HTTP/1.1" 200 3981
local - - [13/Apr/2019:20:49:48 -0700] "GET /twiki/bin/rdiff/TWiki/WebSearch HTTP/1.1" 200 55862
remote - - [13/Apr/2019:20:58:33 -0700] "GET /dccstats/stats-spam.1year.png HTTP/1.0" 200 2202
remote - - [13/Apr/2019:21:07:03 -0700] "GET /DCC.html HTTP/1.0" 200 2878
local - - [13/Apr/2019:21:15:42 -0700] "GET /mailman/listinfo/purchasing HTTP/1.1" 200 6050
local - - [13/Apr/2019:21:22:24 -0700] "GET /dccstats/stats-spam-ratio.1month.png HTTP/1.0" 200 1927
remote - - [13/Apr/2019:21:31:10 -0700] "GET /twiki/bin/view/Main/SimonMudd HTTP/1.0" 200 4612
remote - - [13/Apr/2019:21:37:06 -0700] "GET /twiki/bin/view/Main/WebNotify?rev=r1.6 HTTP/1.0" 200 4300
remote - - [13/Apr/2019:21:44:13 -0700] "GET /cgi-bin/mailgraph.cgi/mailgraph_2_err.png HTTP/1.1" 200 6996
remote - - [13/Apr/2019:21:50:18 -0700] "GET /images/image005.jpg HTTP/1.1" 304 -
local - - [13/Apr/2019:21:54:45 -0700] "GET /twiki/bin/edit/Main/Smtpd_banner?topicparent=Main.ConfigurationVariables HTTP/1.1" 401 12846
local - - [13/Apr/2019:21:54:58 -0700] "GET /twiki/bin/oops/Main/WebHome?template=oopsmore&param1=1.28&param2=1.28 HTTP/1.0" 200 7411
remote - - [13/Apr/2019:22:01:30 -0700] "GET /images/msgops.JPG HTTP/1.0" 200 7939
remote - - [13/Apr/2019:22:09:55 -0700] "GET /twiki/bin/view/Main/TWikiGuest HTTP/1.0" 200 4430
remote - - [13/Apr/2019:22:12:44 -0700] "GET /twiki/bin/edit/Main/Relayhost?topicparent=Main.ConfigurationVariables HTTP/1.0" 401 12816
remote - - [13/Apr/2019:22:15:08 -0700] "GET /images/image004.jpg HTTP/1.0" 200 10936
remote - - [13/Apr/2019:22:16:19 -0700] "GET /twiki/bin/edit/TWiki/WebNotification?topicparent=TWiki.TWikiUpgradeTo01May2000 HTTP/1.1" 401 12846
remote - - [13/Apr/2019:22:22:16 -0700] "GET /twiki/bin/oops/TWiki/RyanFreebern?template=oopsmore&param1=1.2&param2=1.2 HTTP/1.1" 200 11263
remote - - [13/Apr/2019:22:22:28 -0700] "GET /dccstats/stats-spam-ratio.1year.png HTTP/1.1" 200 1879
remote - - [13/Apr/2019:22:30:22 -0700] "GET /cgi-bin/mailgraph.cgi/mailgraph_1_err.png HTTP/1.1" 200 7133
local - - [13/Apr/2019:22:32:43 -0700] "GET /dccstats/stats-spam.1month.png HTTP/1.1" 200 2662
remote - - [13/Apr/2019:22:37:47 -0700] "GET /dccstats/stats-spam-ratio.1week.png HTTP/1.1" 200 2434
remote - - [13/Apr/2019:22:47:00 -0700] "GET /mailman/admin/ppwc/passwords HTTP/1.1" 200 6217
local - - [13/Apr/2019:22:56:34 -0700] "GET /twiki/bin/view/Main/PostSuper?rev=r1.1 HTTP/1.1" 200 3629
local - - [13/Apr/2019:23:05:33 -0700] "GET /cgi-bin/mailgraph.cgi/mailgraph_1_err.png HTTP/1.1" 200 7071
local - - [13/Apr/2019:23:12:56 -0700] "GET /twiki/bin/view/TWiki/TextFormattingRules?rev=r1.26 HTTP/1.1" 200 22710
remote - - [13/Apr/2019:23:22:20 -0700] "GET /cgi-bin/mailgraph.cgi/mailgraph_0_err.png HTTP/1.1" 200 7213
local - - [13/Apr/2019:23:23:01 -0700] "GET /twiki/bin/search/Main/?scope=topic&regex=on&search=^f HTTP/1.1" 200 3438
remote - - [13/Apr/2019:23:30:16 -0700] "GET /twiki/bin/edit/Main/Smtp_line_length_limit?topicparent=Main.ConfigurationVariables HTTP/1.1" 401 12846
remote - - [13/Apr/2019:23:34:44 -0700] "GET /mailman/listinfo/webber HTTP/1.0" 200 6032
local - - [13/Apr/2019:23:40:06 -0700] "GET /cgi-bin/mailgraph.cgi/mailgraph_1.png HTTP/1.1" 200 8715
remote - - [13/Apr/2019:23:46:16 -0700] "GET /mailman/listinfo/dentalstudies HTTP/1.1" 200 6345
local - - [13/Apr/2019:23:51:47 -0700] "GET /dccstats/stats-hashes.1month.png HTTP/1.1" 200 1604
remote - - [13/Apr/2019:23:55:38 -0700] "GET /twiki/bin/view/Main/WebHome?rev=1.25 HTTP/1.0" 200 9812
remote - - [13/Apr/2019:23:58:24 -0700] "GET /twiki/bin/edit/Main/Delay_notice_recipient?topicparent=Main.ConfigurationVariables HTTP/1.1" 401 12846
