remote - - [14/Apr/2019:00:07:16 -0700] "GET /twiki/bin/view/Main/FileAttachment?rev=1.2 HTTP/1.1" 200 17919
remote - - [14/Apr/2019:00:08:19 -0700] "GET /dccstats/stats-spam-ratio.1week.png HTTP/1.1" 200 2314
remote - - [14/Apr/2019:00:12:32 -0700] "GET /cgi-bin/mailgraph.cgi/mailgraph_2_err.png HTTP/1.1" 200 7087
remote - - [14/Apr/2019:00:20:51 -0700] "GET /mailman/listinfo/mgt-157 HTTP/1.1" 200 6189
remote - - [14/Apr/2019:00:22:55 -0700] "GET /twiki/bin/edit/TWiki/InterWikis?t=1078696998 HTTP/1.1" 401 12846
remote - - [14/Apr/2019:00:28:00 -0700] "GET /twiki/bin/search/TWiki/?scope=topic&regex=on&search=^j HTTP/1.1" 200 4524
local - - [14/Apr/2019:00:30:50 -0700] "GET /dccstats/stats-spam-ratio.1week.png HTTP/1.1" 200 2388
remote - - [14/Apr/2019:00:36:54 -0700] "GET /dccstats/stats-hashes.1year.png HTTP/1.1" 200 1582
remote - - [14/Apr/2019:00:37:58 -0700] "GET /twiki/bin/edit/Main/Local_recipient_maps?topicparent=Main.ConfigurationVariables HTTP/1.1" 401 12851
local - - [14/Apr/2019:00:46:55 -0700] "GET /twiki/bin/edit/TWiki/UnchangeableTopicBug?topicparent=TWiki.TWikiHistory HTTP/1.1" 401 12846
remote - - [14/Apr/2019:00:54:14 -0700] "GET /twiki/bin/oops/TWiki/FileAttachment HTTP/1.0" 200 209
remote - - [14/Apr/2019:01:03:31 -0700] "GET /dccstats/stats-spam.1month.png HTTP/1.1" 200 2640
remote - - [14/Apr/2019:01:04:48 -0700] "GET /twiki/bin/view/Main/TWikiGuest?rev=r1.3 HTTP/1.1" 200 4604
remote - - [14/Apr/2019:01:06:11 -0700] "GET /twiki/bin/rdiff/TWiki/WebTopicEditTemplate HTTP/1.1" 200 7895
remote - - [14/Apr/2019:01:06:47 -0700] "GET /twiki/bin/view/TWiki/ChangePassword?rev=r1.6 HTTP/1.1" 200 5181
remote - - [14/Apr/2019:01:15:02 -0700] "GET /dccstats/stats-spam-ratio.1month.png HTTP/1.1" 200 1970
local - - [14/Apr/2019:01:17:40 -0700] "GET /twiki/bin/edit/Main/Smtp_data_init_timeout?topicparent=Main.ConfigurationVariables HTTP/1.0" 401 12816
remote - - [14/Apr/2019:01:22:16 -0700] "GET /cgi-bin/mailgraph.cgi/mailgraph_0.png HTTP/1.1" 200 5805
local - - [14/Apr/2019:01:26:27 -0700] "GET /twiki/bin/view/TWiki/GoBox HTTP/1.1" 200 3762
local - - [14/Apr/2019:01:28:42 -0700] "GET /twiki/bin/view/TWiki/TWikiPlugins?rev=1.19 HTTP/1.1" 200 26541
remote - - [14/Apr/2019:01:38:07 -0700] "GET /pipermail/cnc_notice/2003-December/000002.html HTTP/1.1" 200 7074
local - - [14/Apr/2019:01:39:22 -0700] "GET /mailman/listinfo/business HTTP/1.1" 200 6379
remote - - [14/Apr/2019:01:45:18 -0700] "GET /twiki/bin/oops/TWiki/FileAttachment HTTP/1.0" 200 209
local - - [14/Apr/2019:01:50:19 -0700] "GET /twiki/bin/edit/Main/Daemon_directory?topicparent=Main.ConfigurationVariables HTTP/1.1" 401 12846
remote - - [14/Apr/2019:01:52:07 -0700] "GET /twiki/bin/view/TWiki/TWikiHistory?rev=r1.50 HTTP/1.1" 200 42285
remote - - [14/Apr/2019:01:57:02 -0700] "GET /twiki/bin/view/TWiki/TextFormattingRules?rev=r1.22 HTTP/1.1" 200 21162
local - - [14/Apr/2019:02:06:25 -0700] "GET /dccstats/stats-spam-ratio.1year.png HTTP/1.0" 200 1822
local - - [14/Apr/2019:02:15:09 -0700] "GET /twiki/bin/rdiff/TWiki/TWikiPreferences?rev1=1.47&rev2=1.46 HTTP/1.1" 200 4313
local - - [14/Apr/2019:02:21:25 -0700] "GET /twiki/bin/view/TWiki/ManagingWebs?skin=print HTTP/1.1" 200 8806
local - - [14/Apr/2019:02:23:30 -0700] "GET /dccstats/stats-hashes.1month.png HTTP/1.0" 200 1533
remote - - [14/Apr/2019:02:29:02 -0700] "GET /rejected.html HTTP/1.1" 200 3998
remote - - [14/Apr/2019:02:35:23 -0700] "GET /twiki/bin/view/Main/WebHome?rev=r1.9 HTTP/1.1" 200 9133
remote - - [14/Apr/2019:02:39:48 -0700] "GET /twiki/bin/oops/TWiki/HaroldGottschalk?template=oopsmore&param1=1.3&param2=1.3 HTTP/1.1" 200 11335
local - - [14/Apr/2019:02:42:35 -0700] "GET /twiki/bin/view/TWiki/WebPreferences?rev=r1.9 HTTP/1.0" 200 7875
remote - - [14/Apr/2019:02:52:05 -0700] "GET /twiki/bin/edit/Main/TokyoOffice?t=1078706364 HTTP/1.1" 401 12846
local - - [14/Apr/2019:02:54:08 -0700] "GET /twiki/bin/rdiff/TWiki/StanleyKnutson HTTP/1.1" 200 5327
remote - - [14/Apr/2019:02:57:48 -0700] "GET /twiki/bin/edit/TWiki/HaroldGottschalk?t=1078717948 HTTP/1.1" 401 12846
local - - [14/Apr/2019:02:59:52 -0700] "GET /twiki/bin/search/TWiki/?search=\.*&scope=topic&order=modified&reverse=on&regex=on&nosearch=on&limit=200 HTTP/1.1" 200 101279
remote - - [14/Apr/2019:03:03:54 -0700] "GET /twiki/bin/edit/Sandbox/TestTopic7?topicparent=Sandbox.WebHome HTTP/1.1" 401 12846
remote - - [14/Apr/2019:03:13:03 -0700] "GET /dccstats/stats-spam-ratio.1day.png HTTP/1.1" 200 2148
local - - [14/Apr/2019:03:14:28 -0700] "GET /dccstats/stats-hashes.1week.png HTTP/1.1" 200 1686
remote - - [14/Apr/2019:03:21:19 -0700] "GET /dccstats/stats-hashes.1week.png HTTP/1.0" 200 1671
local - - [14/Apr/2019:03:22:17 -0700] "GET /twiki/bin/rdiff/TWiki/DeleteOrRenameATopic HTTP/1.1" 200 10254
remote - - [14/Apr/2019:03:29:27 -0700] "GET /mailman/listinfo/dentalstudies HTTP/1.1" 200 6345
local - - [14/Apr/2019:03:38:36 -0700] "GET /dccstats/stats-spam.1week.png HTTP/1.0" 200 3271
remote - - [14/Apr/2019:03:42:49 -0700] "GET /twiki/bin/view/Main/NicholasLee?rev=1.2 HTTP/1.1" 200 3570
local - - [14/Apr/2019:03:47:21 -0700] "GET /mailman/admin/ppwc/members/list HTTP/1.1" 200 15271
remote - - [14/Apr/2019:03:53:58 -0700] "GET /twiki/bin/attach/TWiki/AndreaSterbini HTTP/1.1" 401 12851
remote - - [14/Apr/2019:03:56:20 -0700] "GET /cgi-bin/mailgraph.cgi/mailgraph_0_err.png HTTP/1.1" 200 7326
local - - [14/Apr/2019:04:00:50 -0700] "GET /mailman/listinfo/mgt-157 HTTP/1.1" 200 6189
remote - - [14/Apr/2019:04:02:14 -0700] "GET /cgi-bin/mailgraph.cgi/mailgraph_2_err.png HTTP/1.1" 200 6937
remote - - [14/Apr/2019:04:04:34 -0700] "GET /twiki/bin/view/TWiki/TextFormattingRules?rev=r1.21 HTTP/1.1" 200 20972
local - - [14/Apr/2019:04:11:07 -0700] "GET /mailman/options/ppwc/ppwctwentynine--at--shaw.com HTTP/1.1" 200 14296
remote - - [14/Apr/2019:04:19:34 -0700] "GET /twiki/bin/edit/Main/Flush_service_name?topicparent=Main.ConfigurationVariables HTTP/1.1" 401 12851
local - - [14/Apr/2019:04:27:46 -0700] "GET /twiki/bin/view/Main/RelayGateway?rev=1.3 HTTP/1.1" 200 4232
local - - [14/Apr/2019:04:32:04 -0700] "GET /cgi-bin/mailgraph.cgi/mailgraph_0_err.png HTTP/1.1" 200 6485
remote - - [14/Apr/2019:04:33:04 -0700] "GET /twiki/bin/view/TWiki/WelcomeGuest?rev=r1.6 HTTP/1.1" 200 12620
local - - [14/Apr/2019:04:37:37 -0700] "GET /twiki/bin/view/TWiki/TWikiEnhancementRequests?rev=1.3 HTTP/1.1" 200 4379
remote - - [14/Apr/2019:04:45:24 -0700] "GET /cgi-bin/mailgraph.cgi/mailgraph_1_err.png HTTP/1.1" 200 7133
local - - [14/Apr/2019:04:50:04 -0700] "GET /twiki/bin/rdiff/TWiki/WhatIsWikiWiki HTTP/1.1" 200 9412
remote - - [14/Apr/2019:04:54:48 -0700] "GET /twiki/bin/view/Main/FileAttachment?rev=1.2 HTTP/1.1" 200 17919
remote - - [14/Apr/2019:05:00:02 -0700] "GET /clients.html HTTP/1.1" 200 18767
remote - - [14/Apr/2019:05:00:35 -0700] "GET /dccstats/stats-spam.1week.png HTTP/1.0" 200 3271
local - - [14/Apr/2019:05:09:43 -0700] "GET /dccstats/stats-spam-ratio.1day.png HTTP/1.1" 200 2341
remote - - [14/Apr/2019:05:16:30 -0700] "GET /twiki/bin/edit/Main/Smtpd_banner?topicparent=Main.ConfigurationVariables HTTP/1.1" 401 12846
remote - - [14/Apr/2019:05:20:04 -0700] "GET /dccstats/stats-spam-ratio.1week.png HTTP/1.1" 200 2381
remote - - [14/Apr/2019:05:20:37 -0700] "GET /twiki/bin/attach/TWiki/InterWikis HTTP/1.1" 401 12846
remote - - [14/Apr/2019:05:28:05 -0700] "GET /twiki/bin/rdiff/Main/WebPreferences?rev1=1.14&rev2=1.13 HTTP/1.1" 200 7207
local - - [14/Apr/2019:05:30:26 -0700] "GET /dccstats/stats-spam-ratio.1week.png HTTP/1.0" 200 2386
remote - - [14/Apr/2019:05:33:10 -0700] "GET /twiki/bin/rdiff/TWiki/AlWilliams?rev1=1.2&rev2=1.1 HTTP/1.1" 200 5234
local - - [14/Apr/2019:05:36:59 -0700] "GET /twiki/bin/view/TWiki/TextFormattingRules?rev=r1.24 HTTP/1.1" 200 20981
remote - - [14/Apr/2019:05:43:39 -0700] "GET /twiki/bin/rdiff/Main/SpamAssassinAndPostFix?rev1=1.2&rev2=1.1 HTTP/1.1" 200 5794
local - - [14/Apr/2019:05:48:22 -0700] "GET /cgi-bin/mailgraph.cgi/mailgraph_1_err.png HTTP/1.1" 200 7071
local - - [14/Apr/2019:05:57:16 -0700] "GET /dccstats/stats-spam.1month.png HTTP/1.1" 200 2577
local - - [14/Apr/2019:05:57:57 -0700] "GET /twiki/bin/oops/TWiki/TWikiAccessControl HTTP/1.0" 200 209
remote - - [14/Apr/2019:06:02:43 -0700] "GET /twiki/bin/view/TWiki/WebStatistics HTTP/1.0" 200 8193
remote - - [14/Apr/2019:06:06:34 -0700] "GET /twiki/bin/view/TWiki/ManagingWebs?skin=print HTTP/1.1" 200 8806
remote - - [14/Apr/2019:06:08:56 -0700] "GET /twiki/bin/rdiff/TWiki/HaroldGottschalk?rev1=1.2&rev2=1.1 HTTP/1.1" 200 5389
remote - - [14/Apr/2019:06:14:41 -0700] "GET /twiki/bin/rdiff/TWiki/TWikiSkins?rev1=1.10&rev2=1.9 HTTP/1.1" 200 5989
remote - - [14/Apr/2019:06:16:40 -0700] "GET /twiki/bin/search/Main/?scope=topic&regex=on&search=^t HTTP/1.1" 200 8306
remote - - [14/Apr/2019:06:17:54 -0700] "GET /twiki/bin/rdiff/Main/WebIndex HTTP/1.1" 200 46373
remote - - [14/Apr/2019:06:27:18 -0700] "GET /twiki/bin/rdiff/Main/WebIndex HTTP/1.1" 200 46373
remote - - [14/Apr/2019:06:29:45 -0700] "GET /mailman/private/sswk/ HTTP/1.1" 200 1531
local - - [14/Apr/2019:06:38:43 -0700] "GET /cgi-bin/mailgraph.cgi/mailgraph_1_err.png HTTP/1.1" 200 6980
remote - - [14/Apr/2019:06:40:21 -0700] "GET /twiki/bin/view/TWiki/FileAttribute?rev=1.2 HTTP/1.1" 200 3949
remote - - [14/Apr/2019:06:42:00 -0700] "GET /dccstats/stats-spam.1day.png HTTP/1.0" 200 3032
local - - [14/Apr/2019:06:50:44 -0700] "GET /twiki/bin/view/Main/WebPreferences?rev=r1.10 HTTP/1.1" 200 8312
remote - - [14/Apr/2019:06:51:05 -0700] "GET /cgi-bin/mailgraph.cgi/mailgraph_0.png HTTP/1.1" 200 5871
local - - [14/Apr/2019:06:54:35 -0700] "GET /dccstats/stats-spam-ratio.1year.png HTTP/1.1" 200 1906
local - - [14/Apr/2019:07:01:39 -0700] "GET /cgi-bin/mailgraph.cgi/mailgraph_1_err.png HTTP/1.1" 200 7142
remote - - [14/Apr/2019:07:05:42 -0700] "GET /twiki/bin/search/TWiki/?scope=topic&regex=on&bookview=on&search=.* HTTP/1.1" 200 102399
remote - - [14/Apr/2019:07:13:48 -0700] "GET /twiki/bin/view/Main/WebHome?skin=print HTTP/1.0" 200 8347
local - - [14/Apr/2019:07:17:39 -0700] "GET /twiki/bin/view/Main/TokyoOffice?rev=1.2 HTTP/1.1" 200 4366
remote - - [14/Apr/2019:07:20:12 -0700] "GET /cgi-bin/mailgraph.cgi/mailgraph_1.png HTTP/1.1" 200 8809
local - - [14/Apr/2019:07:22:12 -0700] "GET /cgi-bin/mailgraph.cgi/mailgraph_0_err.png HTTP/1.1" 200 7192
remote - - [14/Apr/2019:07:23:10 -0700] "GET /twiki/bin/view/TWiki/TextFormattingRules?rev=r1.22 HTTP/1.1" 200 21162
remote - - [14/Apr/2019:07:29:37 -0700] "GET /cgi-bin/mailgraph.cgi/mailgraph_1_err.png HTTP/1.1" 200 6846
remote - - [14/Apr/2019:07:34:06 -0700] "GET /dccstats/stats-hashes.1week.png HTTP/1.1" 200 1686
remote - - [14/Apr/2019:07:34:56 -0700] "GET /twiki/bin/view/Main/WebHome?rev=r1.8 HTTP/1.0" 200 8986
local - - [14/Apr/2019:07:44:08 -0700] "GET /dccstats/stats-spam-ratio.1month.png HTTP/1.1" 200 1948
remote - - [14/Apr/2019:07:51:59 -0700] "GET /twiki/bin/rdiff/Main/AndreaSterbini HTTP/1.0" 200 5567
remote - - [14/Apr/2019:08:01:58 -0700] "POST /mailman/admindb/ppwc HTTP/1.1" 200 1134
remote - - [14/Apr/2019:08:09:05 -0700] "GET /twiki/bin/edit/Main/BookView?topicparent=Main.TWikiVariables HTTP/1.1" 401 12846
local - - [14/Apr/2019:08:13:09 -0700] "GET /twiki/bin/rdiff/Main/AndreaSterbini HTTP/1.0" 200 5567
local - - [14/Apr/2019:08:21:04 -0700] "GET /twiki/bin/oops/TWiki/Wik HTTP/1.0" 200 209
remote - - [14/Apr/2019:08:23:15 -0700] "GET /cgi-bin/mailgraph.cgi/mailgraph_1.png HTTP/1.1" 200 8715
remote - - [14/Apr/2019:08:31:03 -0700] "GET /dccstats/stats-spam.1year.png HTTP/1.1" 200 2213
local - - [14/Apr/2019:08:38:35 -0700] "GET /dccstats/stats-spam.1week.png HTTP/1.1" 200 3200
remote - - [14/Apr/2019:08:43:52 -0700] "GET /cgi-bin/mailgraph.cgi/mailgraph_1_err.png HTTP/1.1" 200 6980
local - - [14/Apr/2019:08:48:22 -0700] "GET /twiki/bin/rdiff/TWiki/TWikiSkins?rev1=1.11&rev2=1.10 HTTP/1.1" 200 5711
remote - - [14/Apr/2019:08:51:25 -0700] "GET /twiki/bin/oops/TWiki/RichardDonkin?template=oopsmore&param1=1.2&param2=1.2 HTTP/1.1" 200 11281
remote - - [14/Apr/2019:08:57:12 -0700] "GET /dccstats/stats-spam.1day.png HTTP/1.1" 200 3020
remote - - [14/Apr/2019:08:57:54 -0700] "GET /twiki/bin/edit/TWiki/DefaultPlugin?t=1078688936 HTTP/1.1" 401 12846
remote - - [14/Apr/2019:09:03:36 -0700] "GET /twiki/bin/rdiff/TWiki/TWikiPreferences?rev1=1.47&rev2=1.46 HTTP/1.1" 200 4313
remote - - [14/Apr/2019:09:04:24 -0700] "GET /twiki/bin/view/Main/TWikiGuest HTTP/1.0" 200 4430
remote - - [14/Apr/2019:09:10:55 -0700] "GET /twiki/bin/edit/Main/Allow_min_user?topicparent=Main.ConfigurationVariables HTTP/1.1" 401 12846
remote - - [14/Apr/2019:09:14:22 -0700] "GET /mailman/admin/jjec HTTP/1.1" 200 2088
local - - [14/Apr/2019:09:23:55 -0700] "GET /twiki/bin/edit/TWiki/WikiStyleWord?topicparent=TWiki.TextFormattingFAQ HTTP/1.1" 401 12846
local - - [14/Apr/2019:09:30:37 -0700] "GET /twiki/bin/view/TWiki/TWikiHistory?rev=r1.49 HTTP/1.1" 200 42243
remote - - [14/Apr/2019:09:35:29 -0700] "GET /dccstats/stats-hashes.1week.png HTTP/1.1" 200 1673
remote - - [14/Apr/2019:09:41:11 -0700] "GET /twiki/bin/edit/TWiki/TextFormattingFAQ?t=1075982736 HTTP/1.0" 401 12816
remote - - [14/Apr/2019:09:45:15 -0700] "GET /twiki/bin/edit/Main/Relayhost?topicparent=Main.ConfigurationVariables HTTP/1.0" 401 12816
local - - [14/Apr/2019:09:45:34 -0700] "GET /twiki/bin/edit/Main/PostConf?topicparent=Main.PostfixCommands HTTP/1.1" 401 12851
remote - - [14/Apr/2019:09:52:51 -0700] "GET /twiki/bin/rdiff/TWiki/AlWilliams?rev1=1.2&rev2=1.1 HTTP/1.1" 200 5234
local - - [14/Apr/2019:09:58:28 -0700] "GET /twiki/bin/edit/Main/Smtp_pix_workaround_delay_time?topicparent=Main.ConfigurationVariables HTTP/1.1" 401 12846
remote - - [14/Apr/2019:10:03:50 -0700] "GET /mailman/listinfo/ncbnpfaculty HTTP/1.1" 200 6331
remote - - [14/Apr/2019:10:08:13 -0700] "GET /dccstats/stats-hashes.1week.png HTTP/1.0" 200 1671
remote - - [14/Apr/2019:10:14:44 -0700] "GET /twiki/bin/view/Main/WebHome?skin=print HTTP/1.0" 200 8347
remote - - [14/Apr/2019:10:18:20 -0700] "GET /twiki/bin/search/Main/?scope=topic&regex=on&search=^t HTTP/1.1" 200 8306
remote - - [14/Apr/2019:10:25:35 -0700] "GET /cgi-bin/mailgraph.cgi/mailgraph_0_err.png HTTP/1.1" 200 7226
remote - - [14/Apr/2019:10:29:25 -0700] "GET /twiki/bin/view/Main/VishaalGolam HTTP/1.0" 200 4577
remote - - [14/Apr/2019:10:35:21 -0700] "GET /twiki/bin/rdiff/Main/TWikiGroups?rev1=1.3&rev2=1.2 HTTP/1.1" 200 4308
local - - [14/Apr/2019:10:43:23 -0700] "GET /twiki/bin/edit/Sandbox/TestTopic5?topicparent=Sandbox.WebHome HTTP/1.1" 401 12846
local - - [14/Apr/2019:10:43:55 -0700] "GET /twiki/bin/edit/TWiki/TextFormattingFAQ?t=1075982736 HTTP/1.0" 401 12816
remote - - [14/Apr/2019:10:53:35 -0700] "GET /dccstats/stats-spam.1year.png HTTP/1.0" 200 2202
remote - - [14/Apr/2019:11:00:40 -0700] "GET /dccstats/stats-spam.1week.png HTTP/1.1" 200 3419
local - - [14/Apr/2019:11:07:33 -0700] "GET /twiki/bin/edit/Main/Relayhost?topicparent=Main.ConfigurationVariables HTTP/1.1" 401 12846
local - - [14/Apr/2019:11:12:38 -0700] "GET /twiki/bin/view/TWiki/TextFormattingRules?rev=r1.22 HTTP/1.1" 200 21162
local - - [14/Apr/2019:11:14:01 -0700] "GET /mailman/admin/ppwc/?VARHELP=general/owner HTTP/1.1" 200 3505
remote - - [14/Apr/2019:11:14:24 -0700] "GET /twiki/pub/TWiki/TWikiDocGraphics/tip.gif HTTP/1.1" 200 123
remote - - [14/Apr/2019:11:24:12 -0700] "GET /mailman/private/hsdivision/ HTTP/1.1" 200 1549
remote - - [14/Apr/2019:11:27:11 -0700] "GET /clients.html HTTP/1.1" 200 18767
remote - - [14/Apr/2019:11:37:05 -0700] "GET /twiki/bin/rdiff/Main/WebIndex HTTP/1.1" 200 46373
remote - - [14/Apr/2019:11:40:43 -0700] "GET /dccstats/stats-spam-ratio.1year.png HTTP/1.0" 200 1829
local - - [14/Apr/2019:11:41:52 -0700] "GET /mailman/admin/ppwc/members/add HTTP/1.1" 200 6681
local - - [14/Apr/2019:11:48:26 -0700] "GET /twiki/bin/oops/Main/SpamAssassinTaggingOnly HTTP/1.0" 200 209
local - - [14/Apr/2019:11:49:58 -0700] "GET /twiki/bin/view/TWiki/TWikiHistory?rev=1.59 HTTP/1.1" 200 52854
remote - - [14/Apr/2019:11:54:59 -0700] "GET /twiki/bin/oops/TWiki/MoveTopic HTTP/1.0" 200 209
remote - - [14/Apr/2019:12:03:56 -0700] "GET /dccstats/stats-spam.1year.png HTTP/1.1" 200 2214
remote - - [14/Apr/2019:12:10:42 -0700] "GET /twiki/bin/edit/Main/TWikiPreferences?topicparent=Main.WebHome HTTP/1.1" 401 12846
remote - - [14/Apr/2019:12:16:42 -0700] "GET /twiki/bin/view/TWiki/WebSiteTools HTTP/1.1" 200 5208
remote - - [14/Apr/2019:12:20:26 -0700] "GET /twiki/bin/edit/Main/Sender_canonical_maps?topicparent=Main.ConfigurationVariables HTTP/1.1" 401 12851
local - - [14/Apr/2019:12:21:46 -0700] "GET /twiki/bin/oops/Sandbox/WebStatistics HTTP/1.0" 200 209
remote - - [14/Apr/2019:12:26:24 -0700] "GET /pipermail/gisgrad/ HTTP/1.1" 200 1118
remote - - [14/Apr/2019:12:30:36 -0700] "GET /twiki/bin/edit/Main/WebSearch?t=1078669682 HTTP/1.1" 401 12846
remote - - [14/Apr/2019:12:38:19 -0700] "GET /twiki/bin/view/Sandbox/WebStatistics HTTP/1.1" 200 6063
local - - [14/Apr/2019:12:44:36 -0700] "GET /twiki/bin/edit/Main/TestArea?topicparent=Main.WebHome HTTP/1.1" 401 12846
remote - - [14/Apr/2019:12:47:54 -0700] "GET /twiki/bin/view/Main/DCC HTTP/1.1" 200 4396
remote - - [14/Apr/2019:12:54:10 -0700] "GET /twiki/bin/rdiff/TWiki/WebNotify HTTP/1.0" 200 11733
local - - [14/Apr/2019:13:02:36 -0700] "GET /dccstats/stats-spam.1day.png HTTP/1.1" 200 2964
remote - - [14/Apr/2019:13:06:00 -0700] "GET /mailman/private/mlc/ HTTP/1.1" 200 1528
local - - [14/Apr/2019:13:08:41 -0700] "GET /dccstats/stats-spam.1month.png HTTP/1.0" 200 2685
remote - - [14/Apr/2019:13:11:00 -0700] "GET /cgi-bin/mailgraph.cgi/mailgraph_0_err.png HTTP/1.1" 200 6392
remote - - [14/Apr/2019:13:16:09 -0700] "GET /mailman/admin/educationadmin HTTP/1.1" 200 2150
remote - - [14/Apr/2019:13:21:10 -0700] "GET /dccstats/stats-spam-ratio.1month.png HTTP/1.1" 200 1970
local - - [14/Apr/2019:13:24:19 -0700] "GET /twiki/bin/rdiff/Main/PeterThoeny HTTP/1.1" 200 18927
remote - - [14/Apr/2019:13:27:48 -0700] "GET /twiki/bin/oops/TWiki/RyanFreebern?template=oopsmore&param1=1.2&param2=1.2 HTTP/1.1" 200 11263
local - - [14/Apr/2019:13:35:38 -0700] "GET /twiki/bin/edit/Main/Unknown_local_recipient_reject_code?topicparent=Main.ConfigurationVariables HTTP/1.1" 401 12846
remote - - [14/Apr/2019:13:36:34 -0700] "GET /dccstats/stats-spam.1week.png HTTP/1.1" 200 3419
local - - [14/Apr/2019:13:45:31 -0700] "GET /twiki/bin/rdiff/TWiki/WikiReferences?rev1=1.2&rev2=1.1 HTTP/1.1" 200 10024
remote - - [14/Apr/2019:13:51:30 -0700] "GET /dccstats/stats-spam-ratio.1week.png HTTP/1.1" 200 2434
local - - [14/Apr/2019:13:53:07 -0700] "GET /dccstats/stats-spam-ratio.1month.png HTTP/1.1" 200 2064
remote - - [14/Apr/2019:14:02:50 -0700] "GET /twiki/bin/oops/Main/WebStatistics HTTP/1.0" 200 209
remote - - [14/Apr/2019:14:02:57 -0700] "GET /twiki/bin/attach/Main/TWikiGuest HTTP/1.1" 401 12846
remote - - [14/Apr/2019:14:03:32 -0700] "GET /twiki/bin/oops/TWiki/TWikiVariables HTTP/1.0" 200 209
local - - [14/Apr/2019:14:11:04 -0700] "GET /dccstats/stats-spam-ratio.1month.png HTTP/1.1" 200 1948
local - - [14/Apr/2019:14:13:40 -0700] "GET /dccstats/stats-hashes.1week.png HTTP/1.0" 200 1687
local - - [14/Apr/2019:14:21:51 -0700] "GET /twiki/bin/rdiff/Main/WebNotify HTTP/1.1" 200 16853
remote - - [14/Apr/2019:14:29:17 -0700] "GET /mailman/listinfo/fnac HTTP/1.0" 200 5969
local - - [14/Apr/2019:14:35:27 -0700] "GET /twiki/bin/rdiff/TWiki/RichardDonkin?rev1=1.2&rev2=1.1 HTTP/1.1" 200 5891
local - - [14/Apr/2019:14:44:46 -0700] "GET /twiki/bin/view/TWiki/TextFormattingRules?rev=r1.33 HTTP/1.1" 200 26294
local - - [14/Apr/2019:14:44:54 -0700] "GET /dccstats/stats-hashes.1year.png HTTP/1.1" 200 1556
remote - - [14/Apr/2019:14:52:19 -0700] "GET /clients.html HTTP/1.1" 200 18971
remote - - [14/Apr/2019:14:53:48 -0700] "GET /twiki/bin/view/Main/WebPreferences?rev=1.13 HTTP/1.1" 200 8770
remote - - [14/Apr/2019:15:00:43 -0700] "GET /twiki/bin/view/TWiki/TWikiHistory?rev=r1.54 HTTP/1.1" 200 44644
local - - [14/Apr/2019:15:06:57 -0700] "GET /dccstats/stats-spam-ratio.1day.png HTTP/1.0" 200 2272
remote - - [14/Apr/2019:15:16:21 -0700] "GET /dccstats/stats-spam.1day.png HTTP/1.1" 200 3093
remote - - [14/Apr/2019:15:22:55 -0700] "GET /cgi-bin/mailgraph.cgi/mailgraph_2_err.png HTTP/1.1" 200 7087
remote - - [14/Apr/2019:15:25:27 -0700] "GET /cgi-bin/mailgraph.cgi/mailgraph_0_err.png HTTP/1.1" 200 7326
local - - [14/Apr/2019:15:31:15 -0700] "GET /twiki/bin/view/TWiki/TWikiPlugins?rev=1.19 HTTP/1.1" 200 26541
remote - - [14/Apr/2019:15:40:30 -0700] "GET /twiki/bin/view/Main/TWikiAdminGroup?rev=1.6 HTTP/1.1" 200 4462
local - - [14/Apr/2019:15:40:51 -0700] "GET /mailman/listinfo/hsdivision HTTP/1.1" 200 6291
remote - - [14/Apr/2019:15:40:51 -0700] "GET /twiki/bin/view/Main/WebHome?skin=print HTTP/1.0" 200 8347
remote - - [14/Apr/2019:15:49:12 -0700] "GET /pipermail/cncce/2004-January.txt HTTP/1.1" 200 3376
remote - - [14/Apr/2019:15:54:27 -0700] "GET /twiki/bin/oops/TWiki/TWikiVariables HTTP/1.0" 200 209
local - - [14/Apr/2019:15:56:36 -0700] "GET /cgi-bin/mailgraph.cgi/mailgraph_0_err.png HTTP/1.1" 200 6703
remote - - [14/Apr/2019:16:01:49 -0700] "GET /twiki/bin/search/Main/?scope=topic&regex=on&search=^d HTTP/1.1" 200 5036
local - - [14/Apr/2019:16:06:03 -0700] "GET /twiki/bin/rdiff/Main/WebRss HTTP/1.1" 200 20726
remote - - [14/Apr/2019:16:13:31 -0700] "GET /dccstats/stats-spam.1day.png HTTP/1.1" 200 2964
remote - - [14/Apr/2019:16:20:40 -0700] "GET /twiki/bin/edit/Main/Header_checks?topicparent=Main.ConfigurationVariables HTTP/1.1" 401 12851
local - - [14/Apr/2019:16:25:09 -0700] "GET /dccstats/stats-spam-ratio.1month.png HTTP/1.1" 200 2023
remote - - [14/Apr/2019:16:30:55 -0700] "GET /twiki/bin/oops/Main/WebChanges?template=oopsmore&param1=1.2&param2=1.2 HTTP/1.1" 200 6540
local - - [14/Apr/2019:16:40:53 -0700] "GET /clients.html HTTP/1.1" 200 18753
remote - - [14/Apr/2019:16:45:57 -0700] "GET /twiki/bin/rdiff/Main/AndreaSterbini HTTP/1.0" 200 5567
local - - [14/Apr/2019:16:53:37 -0700] "GET /cgi-bin/mailgraph.cgi/mailgraph_0.png HTTP/1.1" 200 6405
remote - - [14/Apr/2019:17:00:03 -0700] "GET /twiki/bin/view/TWiki/WikiSyntax HTTP/1.1" 200 7352
remote - - [14/Apr/2019:17:07:56 -0700] "GET /dccstats/stats-spam.1month.png HTTP/1.0" 200 2485
local - - [14/Apr/2019:17:16:05 -0700] "GET /twiki/bin/view/TWiki/WebStatistics HTTP/1.0" 200 8193
local - - [14/Apr/2019:17:23:56 -0700] "GET /twiki/bin/view/TWiki/WebStatistics HTTP/1.0" 200 8193
remote - - [14/Apr/2019:17:31:54 -0700] "GET /twiki/bin/view/Main/TWikiUsers?rev=1.21 HTTP/1.1" 200 6522
remote - - [14/Apr/2019:17:37:04 -0700] "GET /mailman/options/ppwc/ppwctwentynine--at--shaw.com HTTP/1.1" 200 14296
local - - [14/Apr/2019:17:43:43 -0700] "GET /twiki/bin/view/Main/MikeMannix HTTP/1.1" 200 3686
remote - - [14/Apr/2019:17:49:53 -0700] "GET /twiki/bin/rdiff/Main/WebHome?rev1=1.28&rev2=1.27 HTTP/1.1" 200 3596
remote - - [14/Apr/2019:17:50:04 -0700] "GET /mailman/admin/webct HTTP/1.1" 200 2080
remote - - [14/Apr/2019:17:58:06 -0700] "POST /mailman/admin/ppwc/members?letter=p HTTP/1.1" 200 24577
remote - - [14/Apr/2019:18:07:09 -0700] "GET /twiki/bin/search/TWiki/?scope=topic&regex=on&search=^j HTTP/1.1" 200 4524
remote - - [14/Apr/2019:18:15:45 -0700] "GET /dccstats/stats-spam-ratio.1year.png HTTP/1.0" 200 1822
local - - [14/Apr/2019:18:17:15 -0700] "GET /twiki/bin/view/Main/TWikiGuest HTTP/1.1" 200 4449
remote - - [14/Apr/2019:18:22:24 -0700] "GET /twiki/bin/edit/TWiki/TestArea?topicparent=TWiki.WelcomeGuest HTTP/1.1" 401 12846
local - - [14/Apr/2019:18:30:40 -0700] "GET /cgi-bin/mailgraph.cgi/mailgraph_0_err.png HTTP/1.1" 200 6357
remote - - [14/Apr/2019:18:31:26 -0700] "GET /twiki/bin/search/TWiki/?scope=topic&regex=on&search=^j HTTP/1.1" 200 4524
remote - - [14/Apr/2019:18:41:23 -0700] "GET /twiki/bin/rdiff/TWiki/TWikiHistory?rev1=1.10&rev2=1.9 HTTP/1.1" 200 5336
local - - [14/Apr/2019:18:50:57 -0700] "GET /twiki/bin/rdiff/TWiki/TWikiEnhancementRequests HTTP/1.1" 200 10417
remote - - [14/Apr/2019:18:58:39 -0700] "GET /cgi-bin/mailgraph.cgi/mailgraph_0_err.png HTTP/1.1" 200 6708
local - - [14/Apr/2019:19:05:46 -0700] "GET /twiki/bin/view/Main/AndreaSterbini HTTP/1.0" 200 3891
local - - [14/Apr/2019:19:06:44 -0700] "GET /twiki/bin/edit/Main/RBLsHowTo?t=1078668449 HTTP/1.1" 401 12846
remote - - [14/Apr/2019:19:11:29 -0700] "GET /images/image004.jpg HTTP/1.1" 304 -
remote - - [14/Apr/2019:19:17:06 -0700] "GET /twiki/bin/rdiff/TWiki/StanleyKnutson HTTP/1.1" 200 5327
remote - - [14/Apr/2019:19:17:59 -0700] "GET /pipermail/gisgrad/ HTTP/1.1" 200 1118
remote - - [14/Apr/2019:19:26:26 -0700] "GET /twiki/bin/rdiff/TWiki/WhatIsWikiWiki HTTP/1.1" 200 9412
remote - - [14/Apr/2019:19:33:57 -0700] "GET /twiki/bin/view/TWiki/HaroldGottschalk HTTP/1.1" 200 3838
local - - [14/Apr/2019:19:36:09 -0700] "GET /cgi-bin/mailgraph.cgi/mailgraph_0_err.png HTTP/1.1" 200 6340
remote - - [14/Apr/2019:19:43:09 -0700] "GET /dccstats/stats-spam-ratio.1week.png HTTP/1.0" 200 2341
local - - [14/Apr/2019:19:52:01 -0700] "GET /twiki/bin/view/TWiki/WelcomeGuest?rev=r1.19 HTTP/1.1" 200 13997
local - - [14/Apr/2019:20:01:31 -0700] "GET /twiki/bin/rdiff/Main/WebChanges HTTP/1.1" 200 114241
remote - - [14/Apr/2019:20:09:29 -0700] "GET /dccstats/stats-spam.1year.png HTTP/1.1" 200 2243
local - - [14/Apr/2019:20:13:57 -0700] "GET /icons/PythonPowered.png HTTP/1.0" 200 945
remote - - [14/Apr/2019:20:20:08 -0700] "GET /dccstats/stats-spam-ratio.1day.png HTTP/1.1" 200 2148
remote - - [14/Apr/2019:20:25:32 -0700] "GET /twiki/bin/view/Main/TWikiUsers?rev=1.21 HTTP/1.1" 200 6522
local - - [14/Apr/2019:20:31:57 -0700] "GET /cgi-bin/mailgraph.cgi/mailgraph_1.png HTTP/1.1" 200 8857
remote - - [14/Apr/2019:20:32:51 -0700] "GET /twiki/bin/search/TWiki/SearchResult?scope=text&regex=on&search=Appendix%20*File%20*System%5B%5EA-Za-z%5D HTTP/1.0" 200 5794
local - - [14/Apr/2019:20:38:32 -0700] "GET /twiki/bin/rdiff/TWiki/TWikiHistory?rev1=1.10&rev2=1.9 HTTP/1.1" 200 5336
remote - - [14/Apr/2019:20:45:24 -0700] "GET /twiki/bin/rdiff/Main/WebRss HTTP/1.1" 200 20726
remote - - [14/Apr/2019:20:50:16 -0700] "GET /twiki/bin/view/TWiki/TWikiHistory?rev=r1.44 HTTP/1.1" 200 41434
remote - - [14/Apr/2019:20:51:06 -0700] "GET /twiki/bin/oops/Main/WebStatistics HTTP/1.0" 200 209
remote - - [14/Apr/2019:20:52:15 -0700] "GET /twiki/bin/view/Main/WebHome?rev=r1.24 HTTP/1.1" 200 9769
remote - - [14/Apr/2019:20:54:04 -0700] "GET /twiki/bin/attach/Sandbox/WebHome HTTP/1.1" 401 12846
local - - [14/Apr/2019:21:03:58 -0700] "GET /twiki/bin/attach/TWiki/DefaultPlugin HTTP/1.1" 401 12846
local - - [14/Apr/2019:21:05:24 -0700] "GET /twiki/bin/view/TWiki/2fa HTTP/1.0" 200 4615
remote - - [14/Apr/2019:21:11:29 -0700] "GET /dccstats/stats-spam.1month.png HTTP/1.0" 200 2485
local - - [14/Apr/2019:21:13:43 -0700] "GET /mailman/listinfo/faculty HTTP/1.1" 200 6054
local - - [14/Apr/2019:21:22:38 -0700] "GET /dccstats/stats-spam.1month.png HTTP/1.1" 200 2651
remote - - [14/Apr/2019:21:28:48 -0700] "GET /dccstats/stats-spam-ratio.1day.png HTTP/1.1" 200 2243
local - - [14/Apr/2019:21:36:00 -0700] "GET /twiki/bin/oops/Know/WinDoze95Crash HTTP/1.0" 200 209
local - - [14/Apr/2019:21:44:10 -0700] "GET /twiki/bin/view/TWiki/NewUserTemplate?skin=print HTTP/1.1" 200 2449
remote - - [14/Apr/2019:21:47:13 -0700] "GET /twiki/bin/view/TWiki/WelcomeGuest?rev=r1.11 HTTP/1.1" 200 13102
remote - - [14/Apr/2019:21:54:40 -0700] "GET /twiki/bin/view/TWiki/ChangePassword?rev=r1.6 HTTP/1.1" 200 5181
remote - - [14/Apr/2019:21:54:46 -0700] "GET /dccstats/stats-spam.1year.png HTTP/1.1" 200 2222
local - - [14/Apr/2019:21:57:44 -0700] "GET /razor.html HTTP/1.0" 304 -
local - - [14/Apr/2019:22:02:15 -0700] "GET /M83A HTTP/1.0" 404 269
remote - - [14/Apr/2019:22:06:24 -0700] "GET /pipermail/cnc_notice/2004-February.txt HTTP/1.1" 200 6712
remote - - [14/Apr/2019:22:08:34 -0700] "GET /twiki/bin/edit/Main/Virtual_gid_maps?topicparent=Main.ConfigurationVariables HTTP/1.1" 401 12846
remote - - [14/Apr/2019:22:17:38 -0700] "GET /twiki/bin/rdiff/Main/SpamAssassin HTTP/1.1" 200 4445
remote - - [14/Apr/2019:22:22:00 -0700] "GET /mailman/listinfo/artsscience HTTP/1.1" 200 6248
local - - [14/Apr/2019:22:27:29 -0700] "GET /dccstats/stats-hashes.1month.png HTTP/1.0" 200 1533
remote - - [14/Apr/2019:22:29:50 -0700] "GET /mailman/listinfo/gisgrad HTTP/1.1" 200 6024
remote - - [14/Apr/2019:22:35:43 -0700] "GET /twiki/bin/view/TWiki/TWikiHistory?rev=1.9 HTTP/1.1" 200 15756
remote - - [14/Apr/2019:22:37:48 -0700] "GET /twiki/bin/view/Main/TWikiGuest?rev=1.4 HTTP/1.1" 200 4719
local - - [14/Apr/2019:22:38:20 -0700] "GET /dccstats/stats-hashes.1year.png HTTP/1.0" 200 1493
remote - - [14/Apr/2019:22:47:48 -0700] "GET /twiki/bin/rdiff/TWiki/TWikiFAQ HTTP/1.1" 200 43115
local - - [14/Apr/2019:22:54:13 -0700] "GET /dccstats/stats-spam-ratio.1week.png HTTP/1.1" 200 2314
local - - [14/Apr/2019:23:03:56 -0700] "GET /cgi-bin/mailgraph.cgi/mailgraph_1_err.png HTTP/1.1" 200 7175
remote - - [14/Apr/2019:23:09:58 -0700] "GET /twiki/bin/view/Main/WebStatistics HTTP/1.0" 200 8331
remote - - [14/Apr/2019:23:16:05 -0700] "GET /twiki/bin/rdiff/TWiki/WebChangesAlert HTTP/1.1" 200 27035
remote - - [14/Apr/2019:23:16:38 -0700] "POST /mailman/admin/ppwc/members?letter=p HTTP/1.1" 200 23169
remote - - [14/Apr/2019:23:17:37 -0700] "GET /twiki/bin/view/TWiki/TextFormattingRules?rev=r1.33 HTTP/1.1" 200 26294
remote - - [14/Apr/2019:23:20:36 -0700] "GET /twiki/bin/view/TWiki/TextFormattingRules?rev=r1.19 HTTP/1.1" 200 20488
local - - [14/Apr/2019:23:27:24 -0700] "GET /twiki/bin/view/TWiki/TWikiHistory?rev=1.8 HTTP/1.1" 200 15618
remote - - [14/Apr/2019:23:29:19 -0700] "GET /twiki/bin/view/Main/NicholasLee?rev=1.1 HTTP/1.1" 200 4456
remote - - [14/Apr/2019:23:29:31 -0700] "GET /dccstats/stats-hashes.1month.png HTTP/1.1" 200 1604
local - - [14/Apr/2019:23:35:28 -0700] "GET /twiki/bin/edit/Main/Allow_min_user?topicparent=Main.ConfigurationVariables HTTP/1.1" 401 12846
remote - - [14/Apr/2019:23:42:29 -0700] "GET /dccstats/stats-hashes.1month.png HTTP/1.1" 200 1550
remote - - [14/Apr/2019:23:45:19 -0700] "GET /twiki/bin/view/TWiki/WikiReferences?skin=print HTTP/1.1" 200 5596
remote - - [14/Apr/2019:23:48:59 -0700] "GET /twiki/bin/view/TWiki/TextFormattingRules?rev=r1.26 HTTP/1.1" 200 22710
remote - - [14/Apr/2019:23:58:41 -0700] "GET /twiki/bin/oops/TWiki/TextFormattingFAQ?template=oopsmore&param1=1.14&param2=1.14 HTTP/1.1" 200 11364
remote - - [14/Apr/2019:23:59:53 -0700] "GET /dccstats/stats-hashes.1year.png HTTP/1.1" 200 1528
