remote - - [15/Apr/2019:00:03:50 -0700] "GET /twiki/bin/view/Main/WebHome?rev=1.25 HTTP/1.0" 200 9812
remote - - [15/Apr/2019:00:13:27 -0700] "GET /mailman/options/cnc_notice/arobin%40shaw.c HTTP/1.1" 200 3382
remote - - [15/Apr/2019:00:16:36 -0700] "GET /twiki/bin/edit/Main/Trigger_timeout?topicparent=Main.ConfigurationVariables HTTP/1.1" 401 12846
remote - - [15/Apr/2019:00:21:02 -0700] "GET /twiki/bin/rdiff/TWiki/TextFormattingRules?rev1=1.36&rev2=1.35 HTTP/1.1" 200 25416
remote - - [15/Apr/2019:00:24:00 -0700] "GET /mailman/listinfo/webct HTTP/1.1" 200 6377
local - - [15/Apr/2019:00:24:13 -0700] "GET /cgi-bin/mailgraph.cgi/mailgraph_1_err.png HTTP/1.1" 200 7206
remote - - [15/Apr/2019:00:33:34 -0700] "GET /twiki/bin/oops/TWiki/NicholasLee HTTP/1.0" 200 209
local - - [15/Apr/2019:00:35:11 -0700] "GET /twiki/bin/edit/Main/Lmtp_quit_timeout?topicparent=Main.ConfigurationVariables HTTP/1.1" 401 12851
local - - [15/Apr/2019:00:40:02 -0700] "GET /twiki/bin/rdiff/TWiki/AlWilliams?rev1=1.2&rev2=1.1 HTTP/1.1" 200 5234
remote - - [15/Apr/2019:00:47:04 -0700] "GET /dccstats/stats-hashes.1week.png HTTP/1.1" 200 1695
remote - - [15/Apr/2019:00:51:52 -0700] "GET /dccstats/stats-hashes.1week.png HTTP/1.0" 200 1687
remote - - [15/Apr/2019:00:54:13 -0700] "GET /twiki/bin/edit/Main/WebSearch?t=1078669682 HTTP/1.1" 401 12846
remote - - [15/Apr/2019:00:55:27 -0700] "GET /dccstats/stats-spam-ratio.1week.png HTTP/1.1" 200 2314
remote - - [15/Apr/2019:01:04:17 -0700] "GET /twiki/bin/rdiff/TWiki/TWikiRegistration HTTP/1.1" 200 34395
remote - - [15/Apr/2019:01:06:42 -0700] "GET /twiki/bin/oops/TWiki/TextFormattingRules?template=oopsmore&param1=1.37&param2=1.37 HTTP/1.1" 200 11400
local - - [15/Apr/2019:01:07:55 -0700] "GET /twiki/bin/view/Main/WebPreferences?rev=r1.9 HTTP/1.1" 200 7511
remote - - [15/Apr/2019:01:15:51 -0700] "GET /twiki/bin/rdiff/Main/WebChanges HTTP/1.1" 200 114241
remote - - [15/Apr/2019:01:16:31 -0700] "GET /twiki/bin/rdiff/TWiki/TWikiDownload HTTP/1.1" 200 5933
remote - - [15/Apr/2019:01:24:09 -0700] "GET /twiki/bin/rdiff/Main/WebChanges?rev1=1.2&rev2=1.1 HTTP/1.1" 200 114220
remote - - [15/Apr/2019:01:29:46 -0700] "GET /twiki/bin/oops/Main/WebHome?template=oopsmore&param1=1.28&param2=1.28 HTTP/1.0" 200 7411
remote - - [15/Apr/2019:01:30:42 -0700] "GET /dccstats/stats-spam.1day.png HTTP/1.0" 200 2925
remote - - [15/Apr/2019:01:39:36 -0700] "GET /twiki/bin/search/Main/?search=\.*&scope=topic&order=modified&reverse=on&regex=on&nosearch=on&limit=800 HTTP/1.1" 200 43915
remote - - [15/Apr/2019:01:48:23 -0700] "GET /twiki/bin/view/TWiki/FileAttribute?rev=r1.2 HTTP/1.1" 200 3949
remote - - [15/Apr/2019:01:51:27 -0700] "GET /twiki/bin/edit/TWiki/WebNotification?topicparent=TWiki.TWikiUpgradeTo01May2000 HTTP/1.1" 401 12846
remote - - [15/Apr/2019:01:59:25 -0700] "GET /twiki/bin/view/Main/WebChanges HTTP/1.0" 200 40430
remote - - [15/Apr/2019:02:07:55 -0700] "GET /dccstats/stats-spam-ratio.1month.png HTTP/1.1" 200 2064
local - - [15/Apr/2019:02:10:03 -0700] "GET /twiki/bin/view/Main/TWikiGuest?skin=print HTTP/1.1" 200 2372
remote - - [15/Apr/2019:02:11:05 -0700] "GET /cgi-bin/mailgraph.cgi/mailgraph_1_err.png HTTP/1.1" 200 7142
remote - - [15/Apr/2019:02:17:59 -0700] "GET /twiki/bin/view/TWiki/WebIndex HTTP/1.1" 200 102154
local - - [15/Apr/2019:02:23:43 -0700] "GET /twiki/bin/view/TWiki/GoBox HTTP/1.1" 200 3762
remote - - [15/Apr/2019:02:32:23 -0700] "GET /twiki/bin/view/TWiki/WikiNotation HTTP/1.1" 200 3617
remote - - [15/Apr/2019:02:38:58 -0700] "GET /cgi-bin/mailgraph.cgi/mailgraph_1.png HTTP/1.1" 200 8809
remote - - [15/Apr/2019:02:48:56 -0700] "GET /twiki/bin/statistics/Main HTTP/1.1" 200 808
remote - - [15/Apr/2019:02:54:37 -0700] "GET /twiki/bin/rdiff/Main/PostQueue HTTP/1.1" 200 4662
local - - [15/Apr/2019:02:59:22 -0700] "GET /twiki/bin/edit/Main/Smtpd_history_flush_threshold?topicparent=Main.ConfigurationVariables HTTP/1.1" 401 12851
remote - - [15/Apr/2019:03:08:00 -0700] "GET /twiki/bin/rdiff/TWiki/TWikiSkins?rev1=1.10&rev2=1.9 HTTP/1.1" 200 5989
local - - [15/Apr/2019:03:17:38 -0700] "GET /twiki/bin/view/Main/MikeMannix HTTP/1.1" 200 3686
remote - - [15/Apr/2019:03:19:22 -0700] "GET /twiki/bin/view/TWiki/DavidWarman HTTP/1.1" 200 3739
remote - - [15/Apr/2019:03:20:45 -0700] "GET /twiki/bin/attach/TWiki/AndreaSterbini HTTP/1.1" 401 12851
local - - [15/Apr/2019:03:23:37 -0700] "GET /mailman/private/sswk/ HTTP/1.1" 200 1531
remote - - [15/Apr/2019:03:27:45 -0700] 
remote - - [15/Apr/2019:03:34:06 -0700] "GET /twiki/bin/edit/Main/OfficeLocations?t=1078691049 HTTP/1.1" 401 12846
local - - [15/Apr/2019:03:43:34 -0700] "GET /twiki/bin/edit/Main/KevinWGagel?t=1078670331 HTTP/1.1" 401 12846
local - - [15/Apr/2019:03:48:15 -0700] "GET /twiki/bin/view/TWiki/TWikiPlugins?rev=1.19 HTTP/1.1" 200 26541
local - - [15/Apr/2019:03:53:15 -0700] "GET /twiki/bin/view/Main/Postfix HTTP/1.1" 200 3699
remote - - [15/Apr/2019:04:00:57 -0700] "GET /twiki/bin/rdiff/TWiki/PeterFokkinga?rev1=1.4&rev2=1.3 HTTP/1.1" 200 4548
remote - - [15/Apr/2019:04:05:19 -0700] "GET /twiki/bin/view/Main/WebIndex?rev=r1.2 HTTP/1.1" 200 45059
local - - [15/Apr/2019:04:11:27 -0700] "GET /dccstats/stats-spam-ratio.1month.png HTTP/1.1" 200 2029
local - - [15/Apr/2019:04:14:12 -0700] "GET /twiki/bin/view/TWiki/ManagingWebs?rev=1.21 HTTP/1.1" 200 9310
remote - - [15/Apr/2019:04:17:02 -0700] "GET /twiki/bin/oops/TWiki/TablePlugin HTTP/1.0" 200 209
remote - - [15/Apr/2019:04:20:26 -0700] "GET /twiki/bin/rdiff/Main/TokyoOffice?rev1=1.2&rev2=1.1 HTTP/1.1" 200 7316
local - - [15/Apr/2019:04:25:16 -0700] "GET /cgi-bin/mailgraph.cgi/mailgraph_0.png HTTP/1.1" 200 8055
remote - - [15/Apr/2019:04:25:34 -0700] "GET /pipermail/techcomm/ HTTP/1.1" 200 1176
remote - - [15/Apr/2019:04:30:41 -0700] "GET /twiki/bin/oops/Main/KevinWGage HTTP/1.0" 200 209
remote - - [15/Apr/2019:04:37:39 -0700] "GET /twiki/bin/rdiff/TWiki/TWikiPreferences?rev1=1.47&rev2=1.46 HTTP/1.1" 200 4313
remote - - [15/Apr/2019:04:46:19 -0700] "GET /twiki/bin/view/TWiki/WebHome?rev=r1.47 HTTP/1.1" 200 12819
local - - [15/Apr/2019:04:47:39 -0700] "POST /mailman/admindb/ppwc HTTP/1.1" 200 3407
local - - [15/Apr/2019:04:54:06 -0700] "GET /twiki/bin/attach/TWiki/WebSearch HTTP/1.1" 401 12846
local - - [15/Apr/2019:04:59:48 -0700] "GET /twiki/bin/view/TWiki/WebIndex HTTP/1.1" 200 102154
remote - - [15/Apr/2019:05:05:47 -0700] "GET /twiki/bin/rdiff/TWiki/RichardDonkin?rev1=1.2&rev2=1.1 HTTP/1.1" 200 5891
local - - [15/Apr/2019:05:14:50 -0700] "GET /mailman/admin/ppwc/members?letter=p HTTP/1.1" 200 24585
remote - - [15/Apr/2019:05:21:52 -0700] "GET /twiki/bin/edit/Main/Allow_untrusted_routing?topicparent=Main.ConfigurationVariables HTTP/1.0" 401 12816
local - - [15/Apr/2019:05:30:51 -0700] "GET /twiki/bin/view/Main/WebHome?rev=r1.24 HTTP/1.1" 200 9769
remote - - [15/Apr/2019:05:34:59 -0700] "GET /twiki/bin/view/Main/WebPreferences HTTP/1.1" 200 8820
remote - - [15/Apr/2019:05:40:27 -0700] "GET /twiki/bin/edit/TWiki/UnchangeableTopicBug?topicparent=TWiki.TWikiHistory HTTP/1.1" 401 12846
remote - - [15/Apr/2019:05:43:37 -0700] "GET /cgi-bin/mailgraph.cgi/mailgraph_0_err.png HTTP/1.1" 200 6403
remote - - [15/Apr/2019:05:52:36 -0700] "GET /cgi-bin/mailgraph.cgi/mailgraph_2.png HTTP/1.1" 200 9391
remote - - [15/Apr/2019:05:54:01 -0700] "GET /twiki/bin/search/TWiki/?scope=topic&regex=on&bookview=on&search=.* HTTP/1.1" 200 102399
local - - [15/Apr/2019:05:55:04 -0700] "GET /twiki/bin/edit/Main/Lmtp_quit_timeout?topicparent=Main.ConfigurationVariables HTTP/1.1" 401 12851
local - - [15/Apr/2019:05:55:05 -0700] "GET /twiki/bin/view/Main/TWi HTTP/1.0" 200 4866
remote - - [15/Apr/2019:05:55:22 -0700] "GET /mailman/admin/deans HTTP/1.1" 200 2080
local - - [15/Apr/2019:05:59:09 -0700] "GET /dccstats/stats-spam.1day.png HTTP/1.1" 200 3093
local - - [15/Apr/2019:06:03:42 -0700] "GET /twiki/bin/view/Main/WebIndex?rev=1.1 HTTP/1.1" 200 44960
remote - - [15/Apr/2019:06:04:40 -0700] "GET /twiki/bin/rdiff/TWiki/StanleyKnutson HTTP/1.1" 200 5327
remote - - [15/Apr/2019:06:12:24 -0700] "GET /twiki/bin/rdiff/TWiki/WebTopicList HTTP/1.1" 200 14591
remote - - [15/Apr/2019:06:13:54 -0700] "GET /twiki/bin/view/TWiki/ManagingWebs?rev=1.22 HTTP/1.1" 200 9310
remote - - [15/Apr/2019:06:20:07 -0700] "GET /twiki/bin/rdiff/TWiki/WebSiteTools?rev1=1.2&rev2=1.1 HTTP/1.1" 200 6640
local - - [15/Apr/2019:06:27:52 -0700] "GET /twiki/bin/edit/TWiki/RyanFreebern?t=1078701457 HTTP/1.1" 401 12846
remote - - [15/Apr/2019:06:28:25 -0700] "GET /twiki/bin/edit/Main/Relayhost?topicparent=Main.ConfigurationVariables HTTP/1.1" 401 12846
remote - - [15/Apr/2019:06:31:34 -0700] "GET /dccstats/stats-spam.1day.png HTTP/1.1" 200 3068
remote - - [15/Apr/2019:06:39:45 -0700] "GET /twiki/bin/view/TWiki/TWikiSkins?skin=print HTTP/1.1" 200 9563
local - - [15/Apr/2019:06:47:08 -0700] "GET /mailman/private/hs_support/ HTTP/1.1" 200 1549
remote - - [15/Apr/2019:06:54:11 -0700] "GET /dccstats/stats-hashes.1year.png HTTP/1.1" 200 1582
remote - - [15/Apr/2019:07:03:16 -0700] "GET /cgi-bin/mailgraph.cgi/mailgraph_1_err.png HTTP/1.1" 200 6846
remote - - [15/Apr/2019:07:07:30 -0700] "GET /cgi-bin/mailgraph.cgi/mailgraph_2_err.png HTTP/1.1" 200 6805
remote - - [15/Apr/2019:07:13:08 -0700] "GET /twiki/bin/view/Main/WelcomeGuest HTTP/1.1" 200 4723
remote - - [15/Apr/2019:07:17:44 -0700] "GET /twiki/bin/view/TWiki/AppendixFileSystem?rev=1.10 HTTP/1.0" 200 34910
local - - [15/Apr/2019:07:21:43 -0700] "GET /twiki/bin/view/Main/TWikiUsers?rev=1.21 HTTP/1.1" 200 6522
local - - [15/Apr/2019:07:30:33 -0700] "GET /twiki/bin/rdiff/TWiki/SvenDowideit?rev1=1.2&rev2=1.1 HTTP/1.1" 200 5277
remote - - [15/Apr/2019:07:30:59 -0700] "GET /twiki/bin/rdiff/TWiki/WikiWikiClones HTTP/1.1" 200 9259
remote - - [15/Apr/2019:07:33:24 -0700] "GET /images/image005.jpg HTTP/1.0" 200 21125
remote - - [15/Apr/2019:07:38:46 -0700] "GET /twiki/bin/rdiff/Main/AndreaSterbini HTTP/1.0" 200 5567
remote - - [15/Apr/2019:07:41:14 -0700] "GET /cgi-bin/mailgraph.cgi/mailgraph_1.png HTTP/1.1" 200 8845
remote - - [15/Apr/2019:07:50:34 -0700] "GET /cgi-bin/mailgraph.cgi/mailgraph_0_err.png HTTP/1.1" 200 7192
local - - [15/Apr/2019:07:57:44 -0700] "GET /dccstats/stats-spam.1year.png HTTP/1.0" 200 2251
local - - [15/Apr/2019:08:07:43 -0700] "GET /twiki/bin/edit/Main/Trigger_timeout?topicparent=Main.ConfigurationVariables HTTP/1.1" 401 12846
remote - - [15/Apr/2019:08:11:39 -0700] "GET /twiki/bin/attach/Main/TWikiGroups HTTP/1.1" 401 12846
local - - [15/Apr/2019:08:13:26 -0700] "GET /twiki/bin/oops/Main/KevinWGage HTTP/1.0" 200 209
local - - [15/Apr/2019:08:19:41 -0700] "GET /twiki/bin/oops/Main/TWiki HTTP/1.0" 200 209
remote - - [15/Apr/2019:08:26:04 -0700] "GET /twiki/bin/view/Main/TWikiGroups?rev=1.2 HTTP/1.1" 200 5162
local - - [15/Apr/2019:08:30:00 -0700] "GET /clients.html HTTP/1.1" 200 18753
remote - - [15/Apr/2019:08:38:23 -0700] "GET /twiki/bin/rdiff/TWiki/TWikiHistory?rev1=1.10&rev2=1.9 HTTP/1.1" 200 5336
remote - - [15/Apr/2019:08:44:40 -0700] "GET /twiki/bin/view/Main/PostSuper?rev=1.1 HTTP/1.1" 200 3629
local - - [15/Apr/2019:08:51:57 -0700] "GET /cgi-bin/mailgraph.cgi/mailgraph_0.png HTTP/1.1" 200 6225
remote - - [15/Apr/2019:08:52:27 -0700] "GET /dccstats/stats-spam-ratio.1month.png HTTP/1.1" 200 2023
remote - - [15/Apr/2019:08:55:12 -0700] "GET /dccstats/stats-spam.1year.png HTTP/1.1" 200 2251
remote - - [15/Apr/2019:09:02:31 -0700] "GET /dccstats/stats-spam-ratio.1year.png HTTP/1.1" 200 1879
local - - [15/Apr/2019:09:03:59 -0700] "GET /twiki/bin/view/TWiki/WebIndex HTTP/1.1" 200 102154
local - - [15/Apr/2019:09:11:43 -0700] "GET /twiki/bin/rdiff/TWiki/TWikiRegistration HTTP/1.1" 200 34395
remote - - [15/Apr/2019:09:16:43 -0700] "GET /twiki/bin/view/Main/WebChanges?skin=print HTTP/1.1" 200 38580
local - - [15/Apr/2019:09:20:27 -0700] "GET /twiki/bin/view/Sandbox/WebPreferences HTTP/1.0" 200 8380
local - - [15/Apr/2019:09:26:42 -0700] "GET /twiki/bin/edit/Main/Smtpd_etrn_restrictions?topicparent=Main.ConfigurationVariables HTTP/1.1" 401 12851
remote - - [15/Apr/2019:09:30:33 -0700] "GET /twiki/bin/edit/Sandbox/TestTopic2?topicparent=Sandbox.WebHome HTTP/1.1" 401 12846
remote - - [15/Apr/2019:09:35:26 -0700] "GET /twiki/bin/rdiff/TWiki/AppendixFileSystem?rev1=1.11&rev2=1.10 HTTP/1.1" 200 40578
remote - - [15/Apr/2019:09:43:23 -0700] "GET /icons/gnu-head-tiny.jpg HTTP/1.0" 200 3049
remote - - [15/Apr/2019:09:43:39 -0700] "GET /twiki/bin/view/Main/WebHome?rev=1.27 HTTP/1.0" 200 10313
remote - - [15/Apr/2019:09:44:08 -0700] "GET /twiki/bin/rdiff/TWiki/HaroldGottschalk?rev1=1.2&rev2=1.1 HTTP/1.1" 200 5389
remote - - [15/Apr/2019:09:51:21 -0700] "POST /mailman/admin/ppwc/members?letter=p HTTP/1.1" 200 24577
local - - [15/Apr/2019:09:56:30 -0700] "GET /dccstats/stats-hashes.1year.png HTTP/1.1" 200 1500
remote - - [15/Apr/2019:10:01:00 -0700] "GET /dccstats/stats-spam-ratio.1day.png HTTP/1.1" 200 2271
remote - - [15/Apr/2019:10:03:27 -0700] "GET /dccstats/stats-hashes.1week.png HTTP/1.1" 200 1686
local - - [15/Apr/2019:10:05:46 -0700] "GET /cgi-bin/mailgraph.cgi/mailgraph_1_err.png HTTP/1.1" 200 7206
local - - [15/Apr/2019:10:07:45 -0700] "GET /twiki/bin/view/Know/ReadmeFirst?rev=1.4 HTTP/1.1" 200 6736
remote - - [15/Apr/2019:10:16:14 -0700] "GET /dccstats/stats-spam-ratio.1month.png HTTP/1.0" 200 1906
remote - - [15/Apr/2019:10:21:55 -0700] "GET /dccstats/stats-hashes.1month.png HTTP/1.1" 200 1598
remote - - [15/Apr/2019:10:22:32 -0700] "GET /twiki/bin/view/TWiki/SvenDowideit?rev=r1.1 HTTP/1.1" 200 3564
remote - - [15/Apr/2019:10:22:35 -0700] "GET /twiki/bin/view/TWiki/WebStatistics HTTP/1.0" 200 8193
remote - - [15/Apr/2019:10:24:42 -0700] "GET /twiki/bin/edit/Main/Smtpd_history_flush_threshold?topicparent=Main.ConfigurationVariables HTTP/1.1" 401 12851
remote - - [15/Apr/2019:10:28:43 -0700] "GET /twiki/bin/rdiff/Know/ReadmeFirst?rev1=1.6&rev2=1.5 HTTP/1.1" 200 4187
remote - - [15/Apr/2019:10:29:58 -0700] "GET /MSOffice/cltreq.asp?UL=1&ACT=4&BUILD=2614&STRMVER=4&CAPREQ=0 HTTP/1.0" 404 284
remote - - [15/Apr/2019:10:30:54 -0700] "GET /twiki/bin/rdiff/TWiki/KlausWriessnegger?rev1=1.2&rev2=1.1 HTTP/1.1" 200 5421
remote - - [15/Apr/2019:10:38:26 -0700] "GET /dccstats/stats-hashes.1week.png HTTP/1.1" 200 1670
remote - - [15/Apr/2019:10:43:13 -0700] "GET /dccstats/stats-hashes.1week.png HTTP/1.1" 200 1676
local - - [15/Apr/2019:10:48:03 -0700] "GET /dccstats/stats-spam.1year.png HTTP/1.1" 200 2213
remote - - [15/Apr/2019:10:56:23 -0700] "GET /twiki/bin/view/Main/DCCGraphs HTTP/1.0" 200 5383
remote - - [15/Apr/2019:10:57:46 -0700] "GET /cgi-bin/mailgraph.cgi/mailgraph_0.png HTTP/1.1" 200 5871
remote - - [15/Apr/2019:11:03:12 -0700] "GET /twiki/bin/edit/Main/Berkeley_db_create_buffer_size?topicparent=Main.ConfigurationVariables HTTP/1.1" 401 12851
remote - - [15/Apr/2019:11:06:46 -0700] "GET /dccstats/stats-spam.1month.png HTTP/1.1" 200 2640
local - - [15/Apr/2019:11:16:05 -0700] "GET /twiki/bin/view/TWiki/WikiSyntax HTTP/1.1" 200 7352
local - - [15/Apr/2019:11:21:19 -0700] "GET /twiki/bin/view/Main/LondonOffice HTTP/1.0" 200 3860
remote - - [15/Apr/2019:11:25:45 -0700] "GET /cgi-bin/mailgraph.cgi/mailgraph_0_err.png HTTP/1.1" 200 6485
remote - - [15/Apr/2019:11:29:42 -0700] "GET /twiki/bin/view/Sandbox/WebHome HTTP/1.0" 200 8605
local - - [15/Apr/2019:11:32:50 -0700] "GET /twiki/bin/oops/Main/WebStatistics HTTP/1.0" 200 209
local - - [15/Apr/2019:11:39:37 -0700] "GET /dccstats/stats-spam.1day.png HTTP/1.1" 200 2964
local - - [15/Apr/2019:11:42:33 -0700] "GET /mailman/listinfo/hs_support HTTP/1.1" 200 6294
local - - [15/Apr/2019:11:44:32 -0700] "GET /twiki/bin/rdiff/TWiki/TWikiHistory?rev1=1.8&rev2=1.7 HTTP/1.1" 200 4972
remote - - [15/Apr/2019:11:45:33 -0700] "GET /mailman/admin/artsscience HTTP/1.1" 200 2125
remote - - [15/Apr/2019:11:47:45 -0700] "GET /twiki/bin/oops/Know/PublicSupported HTTP/1.0" 200 209
remote - - [15/Apr/2019:11:54:23 -0700] "POST /mailman/admin/ppwc/members?letter=p HTTP/1.1" 200 23169
remote - - [15/Apr/2019:11:55:45 -0700] "GET /cgi-bin/mailgraph.cgi/mailgraph_0_err.png HTTP/1.1" 200 6703
remote - - [15/Apr/2019:11:56:30 -0700] "GET /twiki/bin/view/TWiki/TablePlugin?skin=print HTTP/1.1" 200 1572
local - - [15/Apr/2019:11:59:31 -0700] "GET /clients.html HTTP/1.1" 200 18767
local - - [15/Apr/2019:12:06:39 -0700] "GET /mailman/admin/ppwc/members?letter=n HTTP/1.1" 200 15131
remote - - [15/Apr/2019:12:08:21 -0700] "GET /twiki/bin/edit/TWiki/TWikiRegistration?t=1078670224 HTTP/1.1" 401 12851
local - - [15/Apr/2019:12:17:27 -0700] "GET /twiki/bin/rdiff/TWiki/TWikiHistory HTTP/1.1" 200 138789
remote - - [15/Apr/2019:12:18:40 -0700] "GET /twiki/bin/edit/Main/TWikiPreferences?topicparent=Main.WebHome HTTP/1.1" 401 12846
local - - [15/Apr/2019:12:26:27 -0700] "GET /dccstats/stats-hashes.1week.png HTTP/1.1" 200 1676
local - - [15/Apr/2019:12:32:16 -0700] "GET /twiki/bin/edit/Main/Smtpd_history_flush_threshold?topicparent=Main.ConfigurationVariables HTTP/1.1" 401 12851
remote - - [15/Apr/2019:12:35:21 -0700] "GET /twiki/bin/view/TWiki/MartinCleaver HTTP/1.1" 200 3634
remote - - [15/Apr/2019:12:38:18 -0700] "GET /cgi-bin/mailgraph.cgi/mailgraph_1_err.png HTTP/1.1" 200 6882
remote - - [15/Apr/2019:12:47:14 -0700] "GET /dccstats/stats-spam-ratio.1year.png HTTP/1.1" 200 1906
remote - - [15/Apr/2019:12:54:03 -0700] "GET /twiki/bin/edit/Main/Smtp_pix_workaround_delay_time?topicparent=Main.ConfigurationVariables HTTP/1.1" 401 12846
remote - - [15/Apr/2019:13:00:19 -0700] "GET /twiki/bin/edit/TWiki/KevinKinnell?t=1078692967 HTTP/1.1" 401 12846
remote - - [15/Apr/2019:13:01:10 -0700] "GET /twiki/bin/rdiff/Main/SpamAssassin HTTP/1.1" 200 4445
local - - [15/Apr/2019:13:09:34 -0700] "GET /twiki/bin/edit/Sandbox/TestTopic6?topicparent=Sandbox.WebHome HTTP/1.1" 401 12846
remote - - [15/Apr/2019:13:10:00 -0700] "GET /cgi-bin/mailgraph.cgi/mailgraph_1_err.png HTTP/1.1" 200 7127
local - - [15/Apr/2019:13:19:31 -0700] "GET /twiki/bin/view/Know/WebStatistics HTTP/1.0" 200 6394
remote - - [15/Apr/2019:13:23:12 -0700] "GET /mailman/private/hs_support/ HTTP/1.1" 200 1549
remote - - [15/Apr/2019:13:28:57 -0700] "GET /dccstats/stats-spam.1month.png HTTP/1.1" 200 2640
local - - [15/Apr/2019:13:29:42 -0700] "GET /twiki/bin/rdiff/Main/WebHome?rev1=1.28&rev2=1.27 HTTP/1.1" 200 3596
local - - [15/Apr/2019:13:36:12 -0700] "GET /twiki/bin/rdiff/Main/PeterThoeny HTTP/1.0" 200 18859
remote - - [15/Apr/2019:13:45:34 -0700] "GET /twiki/bin/view/Main/TWikiGuest HTTP/1.1" 200 4449
remote - - [15/Apr/2019:13:50:35 -0700] "GET /dccstats/stats-spam-ratio.1week.png HTTP/1.1" 200 2434
local - - [15/Apr/2019:13:58:17 -0700] "GET /dccstats/stats-spam.1day.png HTTP/1.1" 200 3241
remote - - [15/Apr/2019:14:06:31 -0700] "GET /twiki/bin/view/TWiki/WebPreferences HTTP/1.0" 200 9109
remote - - [15/Apr/2019:14:11:32 -0700] "GET /twiki/bin/view/Main/TWikiGuest HTTP/1.0" 200 4430
remote - - [15/Apr/2019:14:14:42 -0700] "GET /mailman/listinfo/webber HTTP/1.0" 200 6032
local - - [15/Apr/2019:14:19:23 -0700] "GET /dccstats/stats-spam-ratio.1month.png HTTP/1.1" 200 1983
remote - - [15/Apr/2019:14:21:38 -0700] "GET /twiki/bin/view/Sandbox/WebStatistics HTTP/1.1" 200 6063
remote - - [15/Apr/2019:14:24:42 -0700] "GET /twiki/bin/view/Main/VerifingGatway HTTP/1.0" 200 4731
remote - - [15/Apr/2019:14:24:51 -0700] "GET /twiki/bin/rdiff/Main/ConfigurationVariables?rev1=1.2&rev2=1.1 HTTP/1.0" 200 59549
remote - - [15/Apr/2019:14:32:54 -0700] "GET /twiki/bin/view/TWiki/2fa HTTP/1.0" 200 4615
local - - [15/Apr/2019:14:36:41 -0700] "GET /twiki/bin/view/TWiki/TWikiTopics?rev=r1.7 HTTP/1.1" 200 8540
local - - [15/Apr/2019:14:40:12 -0700] "GET /cgi-bin/mailgraph.cgi/mailgraph_2.png HTTP/1.1" 200 9391
remote - - [15/Apr/2019:14:40:56 -0700] "GET /dccstats/stats-spam-ratio.1week.png HTTP/1.0" 200 2380
remote - - [15/Apr/2019:14:46:52 -0700] "GET /dccstats/stats-spam-ratio.1day.png HTTP/1.1" 200 2243
remote - - [15/Apr/2019:14:50:52 -0700] "GET /twiki/bin/edit/Main/Mailq_path?topicparent=Main.ConfigurationVariables HTTP/1.1" 401 12846
remote - - [15/Apr/2019:14:58:25 -0700] "GET /dccstats/stats-spam-ratio.1week.png HTTP/1.1" 200 2388
remote - - [15/Apr/2019:15:03:51 -0700] "GET /dccstats/stats-spam.1week.png HTTP/1.0" 200 3431
remote - - [15/Apr/2019:15:08:24 -0700] "GET /twiki/bin/oops/Main/NicholasLee?template=oopsmore&param1=1.2&param2=1.2 HTTP/1.1" 200 6558
remote - - [15/Apr/2019:15:16:32 -0700] "GET /dccstats/stats-spam-ratio.1year.png HTTP/1.1" 200 1906
remote - - [15/Apr/2019:15:19:25 -0700] "GET /twiki/bin/edit/Main/Virtual_gid_maps?topicparent=Main.ConfigurationVariables HTTP/1.1" 401 12846
remote - - [15/Apr/2019:15:20:21 -0700] "GET /twiki/bin/rename/TWiki/ResetPassword HTTP/1.1" 401 12851
local - - [15/Apr/2019:15:27:51 -0700] "GET /twiki/bin/edit/Main/Setgid_group?topicparent=Main.ConfigurationVariables HTTP/1.1" 401 12846
remote - - [15/Apr/2019:15:31:09 -0700] "GET /twiki/bin/view/Main/PostQueue HTTP/1.1" 200 4280
remote - - [15/Apr/2019:15:35:30 -0700] "GET /pipermail/cncce/2004-January/000002.html HTTP/1.1" 200 3810
local - - [15/Apr/2019:15:36:34 -0700] "GET /dccstats/stats-spam.1month.png HTTP/1.0" 200 2485
local - - [15/Apr/2019:15:39:05 -0700] "GET /twiki/bin/view/TWiki/TWikiFAQ?rev=1.11 HTTP/1.1" 200 11950
local - - [15/Apr/2019:15:40:37 -0700] "GET /twiki/bin/rdiff/Main/WebChanges HTTP/1.1" 200 114241
local - - [15/Apr/2019:15:45:11 -0700] "GET /twiki/bin/view/TWiki/HaroldGottschalk HTTP/1.1" 200 3838
remote - - [15/Apr/2019:15:53:43 -0700] "GET /twiki/bin/view/Main/WebHome?rev=r1.9 HTTP/1.1" 200 9133
remote - - [15/Apr/2019:15:59:14 -0700] "GET /cgi-bin/mailgraph.cgi/mailgraph_2_err.png HTTP/1.1" 200 7087
local - - [15/Apr/2019:16:01:59 -0700] "GET /mailman/admin/mlc HTTP/1.1" 200 2060
remote - - [15/Apr/2019:16:11:08 -0700] "GET /twiki/bin/edit/Main/Virtual_gid_maps?topicparent=Main.ConfigurationVariables HTTP/1.1" 401 12846
remote - - [15/Apr/2019:16:11:25 -0700] "GET /twiki/bin/rdiff/TWiki/InstantEnhancements HTTP/1.1" 200 25123
remote - - [15/Apr/2019:16:13:47 -0700] "GET /twiki/bin/view/TWiki/WelcomeGuest?rev=r1.5 HTTP/1.1" 200 9492
local - - [15/Apr/2019:16:20:55 -0700] "GET /cgi-bin/mailgraph.cgi/mailgraph_1.png HTTP/1.1" 200 8845
remote - - [15/Apr/2019:16:25:36 -0700] "GET /razor.html HTTP/1.0" 304 -
remote - - [15/Apr/2019:16:30:50 -0700] "GET /cgi-bin/mailgraph.cgi/mailgraph_0_err.png HTTP/1.1" 200 6357
remote - - [15/Apr/2019:16:33:42 -0700] "GET /twiki/bin/edit/Main/TestArea?topicparent=Main.WebHome HTTP/1.1" 401 12846
local - - [15/Apr/2019:16:39:12 -0700] "GET /twiki/bin/rdiff/Main/WebTopicList HTTP/1.1" 200 8004
local - - [15/Apr/2019:16:40:34 -0700] "GET /twiki/bin/rdiff/TWiki/TWikiDocGraphics?rev1=1.11&rev2=1.10 HTTP/1.1" 200 6551
remote - - [15/Apr/2019:16:45:05 -0700] "GET /twiki/bin/oops/TWiki/RichardDonkin?template=oopsmore&param1=1.2&param2=1.2 HTTP/1.1" 200 11281
remote - - [15/Apr/2019:16:45:27 -0700] "GET /twiki/bin/rdiff/TWiki/WikiSyntax HTTP/1.1" 200 59454
remote - - [15/Apr/2019:16:54:40 -0700] "GET /twiki/bin/oops/TWiki/TWikiVariables HTTP/1.0" 200 209
local - - [15/Apr/2019:16:55:54 -0700] "GET /twiki/bin/edit/Main/Lmtp_connect_timeout?topicparent=Main.ConfigurationVariables HTTP/1.1" 401 12846
remote - - [15/Apr/2019:16:57:41 -0700] "GET /twiki/bin/view/TWiki/WikiReferences?skin=print HTTP/1.1" 200 5596
local - - [15/Apr/2019:17:01:37 -0700] "GET /cgi-bin/mailgraph.cgi/mailgraph_2_err.png HTTP/1.1" 200 6996
local - - [15/Apr/2019:17:06:28 -0700] "GET /twiki/bin/view/TWiki/TWikiHistory?rev=1.59 HTTP/1.1" 200 52854
remote - - [15/Apr/2019:17:13:51 -0700] "GET /twiki/bin/rdiff/TWiki/WikiCulture?rev1=1.8&rev2=1.7 HTTP/1.1" 200 5326
remote - - [15/Apr/2019:17:21:15 -0700] "GET /twiki/bin/view/TWiki/TablePlugin?skin=print HTTP/1.1" 200 1572
remote - - [15/Apr/2019:17:22:18 -0700] "GET /twiki/bin/search/Main/?search=\.*&scope=topic&order=modified&reverse=on&regex=on&nosearch=on&limit=800 HTTP/1.1" 200 43915
remote - - [15/Apr/2019:17:25:45 -0700] "GET /twiki/bin/view/TWiki/DavidWarman HTTP/1.1" 200 3739
local - - [15/Apr/2019:17:28:35 -0700] "GET /twiki/bin/view/TWiki/WelcomeGuest?rev=r1.11 HTTP/1.1" 200 13102
remote - - [15/Apr/2019:17:29:57 -0700] "GET /twiki/bin/edit/Main/Default_delivery_slot_discount?topicparent=Main.ConfigurationVariables HTTP/1.1" 401 12851
local - - [15/Apr/2019:17:37:48 -0700] "GET /twiki/bin/edit/Main/Trigger_timeout?topicparent=Main.ConfigurationVariables HTTP/1.1" 401 12846
remote - - [15/Apr/2019:17:38:05 -0700] "GET /twiki/bin/rdiff/TWiki/DefaultPlugin HTTP/1.1" 200 20376
local - - [15/Apr/2019:17:46:47 -0700] "GET /cgi-bin/mailgraph.cgi/mailgraph_1_err.png HTTP/1.1" 200 7014
local - - [15/Apr/2019:17:47:57 -0700] "POST /mailman/admindb/ppwc HTTP/1.1" 200 1134
local - - [15/Apr/2019:17:53:19 -0700] "GET /mailman/admin/deans HTTP/1.1" 200 2080
remote - - [15/Apr/2019:17:55:51 -0700] "GET /mailman/private/hsdivision/ HTTP/1.1" 200 1549
local - - [15/Apr/2019:18:03:46 -0700] "GET /twiki/bin/oops/Main/Smtpd_recipient_limit HTTP/1.0" 200 209
remote - - [15/Apr/2019:18:12:04 -0700] "GET /cgi-bin/mailgraph.cgi/mailgraph_0.png HTTP/1.1" 200 5664
local - - [15/Apr/2019:18:18:51 -0700] "GET /twiki/bin/rdiff/TWiki/WikiSyntax HTTP/1.1" 200 59454
remote - - [15/Apr/2019:18:26:24 -0700] "GET /cgi-bin/mailgraph.cgi/mailgraph_1_err.png HTTP/1.1" 200 7182
remote - - [15/Apr/2019:18:29:58 -0700] "GET /twiki/bin/rdiff/TWiki/NewUserTemplate?rev1=1.3&rev2=1.2 HTTP/1.1" 200 4523
local - - [15/Apr/2019:18:34:43 -0700] "GET /cgi-bin/mailgraph.cgi/mailgraph_1_err.png HTTP/1.1" 200 6949
local - - [15/Apr/2019:18:35:04 -0700] "GET /twiki/bin/view/Main/DCC HTTP/1.1" 200 4396
remote - - [15/Apr/2019:18:39:27 -0700] "GET /dccstats/stats-hashes.1year.png HTTP/1.1" 200 1521
remote - - [15/Apr/2019:18:47:53 -0700] "GET /twiki/bin/oops/TWiki/RichardDonkin?template=oopsmore&param1=1.2&param2=1.2 HTTP/1.1" 200 11281
local - - [15/Apr/2019:18:56:45 -0700] "GET /twiki/bin/edit/Main/WebStatistics?t=1078690975 HTTP/1.1" 401 12851
remote - - [15/Apr/2019:18:58:35 -0700] "GET /twiki/bin/view/TWiki/TWikiDocGraphics HTTP/1.1" 200 14492
local - - [15/Apr/2019:19:04:19 -0700] "GET /twiki/bin/search/TWiki/?scope=topic&regex=on&search=.* HTTP/1.1" 200 3544
local - - [15/Apr/2019:19:13:34 -0700] "GET /cgi-bin/mailgraph.cgi/mailgraph_0.png HTTP/1.1" 200 7927
local - - [15/Apr/2019:19:20:30 -0700] "GET /dccstats/stats-spam-ratio.1day.png HTTP/1.1" 200 2271
local - - [15/Apr/2019:19:24:17 -0700] "GET /twiki/bin/rdiff/Main/WebHome?rev1=1.28&rev2=1.27 HTTP/1.0" 200 3577
remote - - [15/Apr/2019:19:32:38 -0700] "GET /twiki/bin/rdiff/Main/PeterThoeny HTTP/1.0" 200 18859
local - - [15/Apr/2019:19:39:02 -0700] "GET /cgi-bin/mailgraph.cgi/mailgraph_1.png HTTP/1.1" 200 8673
remote - - [15/Apr/2019:19:45:20 -0700] "GET /pipermail/cipg/2003-november.txt HTTP/1.1" 404 309
remote - - [15/Apr/2019:19:47:42 -0700] "GET /twiki/bin/edit/Main/Export_environment?topicparent=Main.ConfigurationVariables HTTP/1.1" 401 12846
remote - - [15/Apr/2019:19:50:07 -0700] "GET /twiki/bin/view/Sandbox/WebHome?rev=r1.3 HTTP/1.1" 200 8708
remote - - [15/Apr/2019:19:53:20 -0700] "GET /twiki/bin/oops/TWiki/TWikiVariables?template=oopsmore&param1=1.62&param2=1.62 HTTP/1.1" 200 11444
remote - - [15/Apr/2019:19:57:20 -0700] "GET /twiki/bin/edit/Main/Virtual_mailbox_lock?topicparent=Main.ConfigurationVariables HTTP/1.1" 401 12846
remote - - [15/Apr/2019:20:01:37 -0700] "GET /pipermail/cnc_notice/2003-December/000002.html HTTP/1.1" 200 7074
remote - - [15/Apr/2019:20:09:13 -0700] "GET /twiki/bin/edit/TWiki/NewTopic?topicparent=TWiki.WikiSyntax HTTP/1.1" 401 12846
remote - - [15/Apr/2019:20:16:26 -0700] "GET /cgi-bin/mailgraph.cgi/mailgraph_1.png HTTP/1.1" 200 9449
local - - [15/Apr/2019:20:18:39 -0700] "GET /twiki/bin/edit/Main/Delay_notice_recipient?topicparent=Main.ConfigurationVariables HTTP/1.1" 401 12846
local - - [15/Apr/2019:20:24:56 -0700] "GET /dccstats/stats-spam.1day.png HTTP/1.1" 200 3241
remote - - [15/Apr/2019:20:32:11 -0700] "GET /twiki/bin/view/Main/Postfix HTTP/1.1" 200 3699
remote - - [15/Apr/2019:20:36:28 -0700] "GET /twiki/bin/rdiff/TWiki/TWikiDocGraphics?rev1=1.11&rev2=1.10 HTTP/1.1" 200 6551
remote - - [15/Apr/2019:20:45:42 -0700] "GET /clients.html HTTP/1.1" 200 18971
local - - [15/Apr/2019:20:51:20 -0700] "GET /dccstats/stats-spam-ratio.1month.png HTTP/1.1" 200 2023
remote - - [15/Apr/2019:20:54:31 -0700] "GET /images/image004.jpg HTTP/1.1" 304 -
remote - - [15/Apr/2019:20:57:11 -0700] "GET /twiki/bin/view/TWiki/TWikiRegistration?rev=r1.7 HTTP/1.1" 200 12737
remote - - [15/Apr/2019:21:05:11 -0700] "GET /dccstats/stats-spam-ratio.1month.png HTTP/1.0" 200 2082
local - - [15/Apr/2019:21:08:00 -0700] "GET /twiki/bin/view/Main/AndreaSterbini?rev=r1.1 HTTP/1.0" 200 3732
remote - - [15/Apr/2019:21:13:56 -0700] "GET /twiki/bin/edit/TWiki/SvenDowideit?t=1078710644 HTTP/1.1" 401 12846
remote - - [15/Apr/2019:21:18:07 -0700] "GET /twiki/bin/rdiff/Main/AndreaSterbini HTTP/1.0" 200 5567
local - - [15/Apr/2019:21:19:20 -0700] "GET /dccstats/stats-spam-ratio.1month.png HTTP/1.1" 200 2029
remote - - [15/Apr/2019:21:20:19 -0700] "GET /twiki/bin/rdiff/Main/WebPreferences?rev1=1.14&rev2=1.13 HTTP/1.1" 200 7207
remote - - [15/Apr/2019:21:28:58 -0700] "GET /twiki/bin/view/Main/LondonOffice HTTP/1.0" 200 3860
remote - - [15/Apr/2019:21:35:15 -0700] "GET /twiki/bin/edit/TWiki/HaroldGottschalk?t=1078717948 HTTP/1.1" 401 12846
local - - [15/Apr/2019:21:41:57 -0700] "GET /twiki/bin/view/TWiki/PeterFokkinga?rev=1.2 HTTP/1.1" 200 3748
remote - - [15/Apr/2019:21:45:02 -0700] "GET /mailman/listinfo/fnac HTTP/1.0" 200 5969
remote - - [15/Apr/2019:21:48:29 -0700] "GET /mailman/admin/ppwc/members/list HTTP/1.1" 200 15271
remote - - [15/Apr/2019:21:56:08 -0700] "GET /twiki/bin/view/TWiki/DavidWarman HTTP/1.1" 200 3739
local - - [15/Apr/2019:22:05:07 -0700] "GET /dccstats/stats-spam.1month.png HTTP/1.1" 200 2662
remote - - [15/Apr/2019:22:13:31 -0700] "GET /dccstats/stats-spam.1year.png HTTP/1.1" 200 2214
remote - - [15/Apr/2019:22:22:28 -0700] "GET /dccstats/stats-spam.1year.png HTTP/1.1" 200 2223
remote - - [15/Apr/2019:22:22:57 -0700] "GET /cgi-bin/mailgraph.cgi/mailgraph_0.png HTTP/1.1" 200 5622
remote - - [15/Apr/2019:22:25:29 -0700] "GET /mailman/listinfo/dentalstudies HTTP/1.1" 200 6345
remote - - [15/Apr/2019:22:31:07 -0700] "GET /twiki/bin/view/TWiki/WikiNotation HTTP/1.1" 200 3617
local - - [15/Apr/2019:22:32:38 -0700] "GET /twiki/bin/rdiff/Main/TWikiGroups?rev1=1.3&rev2=1.2 HTTP/1.1" 200 4308
local - - [15/Apr/2019:22:39:57 -0700] "GET /twiki/bin/edit/Main/WelcomeGuest?topicparent=Main.WebHome HTTP/1.1" 401 12846
local - - [15/Apr/2019:22:42:04 -0700] "GET /twiki/bin/oops/Main/WebStatistics HTTP/1.0" 200 209
remote - - [15/Apr/2019:22:49:54 -0700] "GET /twiki/bin/rdiff/TWiki/SimultaneousEdits HTTP/1.1" 200 6180
remote - - [15/Apr/2019:22:53:47 -0700] "GET /cgi-bin/mailgraph.cgi/mailgraph_0.png HTTP/1.1" 200 5664
remote - - [15/Apr/2019:22:55:25 -0700] "GET /twiki/bin/view/Main/RelayGateway?rev=1.3 HTTP/1.1" 200 4232
local - - [15/Apr/2019:23:02:14 -0700] "GET /dccstats/stats-spam.1week.png HTTP/1.0" 200 3238
local - - [15/Apr/2019:23:11:09 -0700] "GET /mailman/listinfo/techcomm HTTP/1.1" 200 6155
remote - - [15/Apr/2019:23:16:23 -0700] "GET /twiki/bin/rdiff/TWiki/WebTopicEditTemplate HTTP/1.1" 200 7895
local - - [15/Apr/2019:23:24:26 -0700] "GET /twiki/bin/rename/TWiki/DefaultPlugin HTTP/1.1" 401 12846
remote - - [15/Apr/2019:23:27:51 -0700] "GET /twiki/bin/view/TWiki/TextFormattingRules?rev=r1.22 HTTP/1.1" 200 21162
remote - - [15/Apr/2019:23:37:02 -0700] "GET /twiki/bin/view/Know/WebNotify HTTP/1.0" 200 4472
remote - - [15/Apr/2019:23:39:11 -0700] "GET /twiki/bin/attach/TWiki/WebPreferences HTTP/1.1" 401 12846
local - - [15/Apr/2019:23:41:59 -0700] "GET /twiki/bin/view/TWiki/SearchDoesNotWork?rev=r1.2 HTTP/1.1" 200 4072
remote - - [15/Apr/2019:23:51:36 -0700] "GET /twiki/bin/edit/Main/Sender_canonical_maps?topicparent=Main.ConfigurationVariables HTTP/1.1" 401 12851
local - - [15/Apr/2019:23:55:45 -0700] "GET /mailman/listinfo/jjec HTTP/1.1" 200 6297
remote - - [15/Apr/2019:23:55:56 -0700] "GET /dccstats/stats-hashes.1year.png HTTP/1.0" 200 1526
