remote - - [16/Apr/2019:00:04:25 -0700] "GET /twiki/bin/edit/Main/Smtp_line_length_limit?topicparent=Main.ConfigurationVariables HTTP/1.1" 401 12846
remote - - [16/Apr/2019:00:08:23 -0700] "GET /mailman/private/sswk/ HTTP/1.1" 200 1531
remote - - [16/Apr/2019:00:12:48 -0700] "GET /twiki/bin/view/TWiki/WelcomeGuest?rev=r1.11 HTTP/1.1" 200 13102
local - - [16/Apr/2019:00:22:20 -0700] "GET /twiki/bin/rdiff/Main/WebHome?rev1=1.28&rev2=1.27 HTTP/1.1" 200 3596
remote - - [16/Apr/2019:00:31:45 -0700] "GET /twiki/bin/rdiff/Main/WebChanges HTTP/1.1" 200 114241
local - - [16/Apr/2019:00:36:08 -0700] "GET /dccstats/stats-hashes.1month.png HTTP/1.1" 200 1627
local - - [16/Apr/2019:00:43:32 -0700] "GET /dccstats/stats-spam.1week.png HTTP/1.1" 200 3203
remote - - [16/Apr/2019:00:52:13 -0700] "GET /twiki/bin/oops/Main/DCC?template=oopsmore&param1=1.1&param2=1.1 HTTP/1.1" 200 6399
remote - - [16/Apr/2019:00:55:34 -0700] "GET /twiki/bin/view/Main/PostSuper?rev=r1.1 HTTP/1.1" 200 3629
local - - [16/Apr/2019:01:03:10 -0700] "GET /dccstats/stats-spam-ratio.1week.png HTTP/1.1" 200 2332
remote - - [16/Apr/2019:01:08:21 -0700] "GET /mailman/admin/ppwc/members/list HTTP/1.1" 200 15271
local - - [16/Apr/2019:01:13:28 -0700] "GET /twiki/bin/view/Main/WebHome?rev=r1.9 HTTP/1.1" 200 9133
remote - - [16/Apr/2019:01:19:38 -0700] "GET /twiki/bin/oops/Know/WebStatistics HTTP/1.0" 200 209
remote - - [16/Apr/2019:01:22:00 -0700] "GET /twiki/bin/search/TWiki/?scope=topic&regex=on&search=^j HTTP/1.1" 200 4524
local - - [16/Apr/2019:01:27:52 -0700] "GET /twiki/bin/edit/Main/Unknown_virtual_mailbox_reject_code?topicparent=Main.ConfigurationVariables HTTP/1.0" 401 12816
remote - - [16/Apr/2019:01:28:09 -0700] "GET /twiki/bin/edit/TWiki/WebSiteTools?t=1078731408 HTTP/1.1" 401 12846
local - - [16/Apr/2019:01:32:47 -0700] "GET /twiki/bin/edit/Main/Delay_notice_recipient?topicparent=Main.ConfigurationVariables HTTP/1.1" 401 12846
remote - - [16/Apr/2019:01:36:50 -0700] "GET /mailman/admin/deans HTTP/1.1" 200 2080
remote - - [16/Apr/2019:01:46:48 -0700] "GET /dccstats/stats-hashes.1month.png HTTP/1.1" 200 1624
remote - - [16/Apr/2019:01:50:28 -0700] "GET /twiki/bin/edit/TWiki/HaroldGottschalk?t=1078717948 HTTP/1.1" 401 12846
remote - - [16/Apr/2019:01:59:28 -0700] "GET /twiki/bin/oops/Main/TWikiUsers HTTP/1.0" 200 209
local - - [16/Apr/2019:02:02:31 -0700] "GET /twiki/bin/view/Main/WebPreferences?rev=r1.2 HTTP/1.1" 200 6061
local - - [16/Apr/2019:02:09:52 -0700] "GET /cgi-bin/mailgraph.cgi/mailgraph_1.png HTTP/1.1" 200 8830
remote - - [16/Apr/2019:02:10:47 -0700] "GET /dccstats/stats-hashes.1month.png HTTP/1.1" 200 1550
remote - - [16/Apr/2019:02:13:35 -0700] "GET /twiki/bin/edit/Main/RBLsHowTo?t=1078668449 HTTP/1.1" 401 12846
remote - - [16/Apr/2019:02:21:26 -0700] "POST /mailman/admin/ppwc/members?letter=p HTTP/1.1" 200 23169
remote - - [16/Apr/2019:02:27:19 -0700] "GET /twiki/bin/edit/Main/TestArea?topicparent=Main.WebHome HTTP/1.1" 401 12846
remote - - [16/Apr/2019:02:32:29 -0700] "GET /twiki/bin/edit/Main/Flush_service_name?topicparent=Main.ConfigurationVariables HTTP/1.1" 401 12851
local - - [16/Apr/2019:02:36:01 -0700] "GET /twiki/bin/view/TWiki/MartinCleaver HTTP/1.1" 200 3634
local - - [16/Apr/2019:02:42:31 -0700] "GET /twiki/bin/view/TWiki/WelcomeGuest?rev=r1.11 HTTP/1.1" 200 13102
local - - [16/Apr/2019:02:50:54 -0700] "GET /twiki/bin/attach/Main/WebPreferences HTTP/1.1" 401 12851
local - - [16/Apr/2019:02:59:04 -0700] "GET /twiki/bin/oops/TWiki/DefaultPlugin?template=oopsmore&param1=1.5&param2=1.5 HTTP/1.1" 200 11281
local - - [16/Apr/2019:03:07:16 -0700] "GET /twiki/bin/edit/Main/Lmtp_mail_timeout?topicparent=Main.ConfigurationVariables HTTP/1.1" 401 12846
remote - - [16/Apr/2019:03:12:48 -0700] "GET /cgi-bin/mailgraph.cgi/mailgraph_0_err.png HTTP/1.1" 200 6392
remote - - [16/Apr/2019:03:15:58 -0700] "GET /dccstats/stats-spam.1year.png HTTP/1.0" 200 2201
remote - - [16/Apr/2019:03:16:44 -0700] "GET /mailman/admin/ppwc/members/list HTTP/1.1" 200 15271
remote - - [16/Apr/2019:03:20:52 -0700] "GET /twiki/bin/view/Main/TokyoOffice?rev=1.3 HTTP/1.1" 200 3853
local - - [16/Apr/2019:03:25:08 -0700] "GET /twiki/bin/oops/Know/TopicClassification HTTP/1.0" 200 209
remote - - [16/Apr/2019:03:32:19 -0700] "GET /dccstats/stats-spam-ratio.1month.png HTTP/1.1" 200 2023
remote - - [16/Apr/2019:03:33:11 -0700] "GET /twiki/bin/view/TWiki/SearchDoesNotWork?rev=r1.2 HTTP/1.1" 200 4072
remote - - [16/Apr/2019:03:40:37 -0700] "GET /dccstats/stats-spam-ratio.1week.png HTTP/1.1" 200 2314
remote - - [16/Apr/2019:03:47:00 -0700] "GET /twiki/bin/oops/TWiki/Mana HTTP/1.0" 200 209
remote - - [16/Apr/2019:03:50:34 -0700] "GET /twiki/bin/rdiff/TWiki/KevinKinnell?rev1=1.4&rev2=1.3 HTTP/1.1" 200 4369
remote - - [16/Apr/2019:03:56:23 -0700] "GET /cgi-bin/mailgraph.cgi/mailgraph_2.png HTTP/1.1" 200 9306
remote - - [16/Apr/2019:04:05:58 -0700] "GET /dccstats/stats-spam.1month.png HTTP/1.0" 200 2485
remote - - [16/Apr/2019:04:12:02 -0700] "GET /twiki/bin/view/Main/JorisBenschop?skin=print HTTP/1.1" 200 2717
remote - - [16/Apr/2019:04:16:34 -0700] "GET /twiki/bin/search/TWiki/?scope=topic&regex=on&search=.* HTTP/1.1" 200 3544
remote - - [16/Apr/2019:04:20:37 -0700] "GET /twiki/bin/view/Main/WebHome?skin=print&rev=1.25 HTTP/1.0" 200 7762
remote - - [16/Apr/2019:04:24:19 -0700] "GET /twiki/bin/attach/TWiki/KevinKinnell HTTP/1.1" 401 12846
remote - - [16/Apr/2019:04:24:39 -0700] "GET /twiki/bin/edit/Main/Invalid_hostname_reject_code?topicparent=Main.ConfigurationVariables HTTP/1.1" 401 12846
remote - - [16/Apr/2019:04:30:32 -0700] "GET /rfc.html HTTP/1.1" 200 3103
remote - - [16/Apr/2019:04:33:35 -0700] "GET /twiki/bin/attach/TWiki/WebSearch HTTP/1.1" 401 12846
local - - [16/Apr/2019:04:42:31 -0700] "GET /dccstats/stats-spam.1week.png HTTP/1.1" 200 3440
local - - [16/Apr/2019:04:46:30 -0700] "GET /pipermail/cncce/2004-January.txt HTTP/1.1" 200 3376
remote - - [16/Apr/2019:04:47:25 -0700] "GET /cgi-bin/mailgraph.cgi/mailgraph_2.png HTTP/1.1" 200 9306
remote - - [16/Apr/2019:04:54:00 -0700] "GET /clients.html HTTP/1.1" 200 18753
remote - - [16/Apr/2019:05:01:51 -0700] "GET /twiki/bin/view/Main/WebPreferences?rev=r1.14 HTTP/1.1" 200 8820
remote - - [16/Apr/2019:05:06:46 -0700] "GET /twiki/bin/view/TWiki/ChangePassword?rev=r1.6 HTTP/1.1" 200 5181
remote - - [16/Apr/2019:05:13:50 -0700] "GET /twiki/bin/rdiff/Main/WebHome HTTP/1.0" 200 69197
local - - [16/Apr/2019:05:19:48 -0700] "GET /mailman/private/mlc/ HTTP/1.1" 200 1528
local - - [16/Apr/2019:05:29:28 -0700] "GET /twiki/bin/oops/Main/TWiki HTTP/1.0" 200 209
local - - [16/Apr/2019:05:29:50 -0700] "GET /cgi-bin/mailgraph.cgi/mailgraph_0.png HTTP/1.1" 200 6405
local - - [16/Apr/2019:05:35:14 -0700] "GET /twiki/bin/rdiff/Main/WebIndex?rev1=1.2&rev2=1.1 HTTP/1.1" 200 46373
remote - - [16/Apr/2019:05:40:11 -0700] "GET /twiki/bin/view/Main/Relay_Domains HTTP/1.0" 200 4564
remote - - [16/Apr/2019:05:45:38 -0700] "GET /twiki/bin/view/TWiki/WebSearch?rev=r1.9 HTTP/1.1" 200 9469
local - - [16/Apr/2019:05:50:03 -0700] "GET /twiki/bin/view/Main/WebHome?rev=1.27 HTTP/1.0" 200 10313
remote - - [16/Apr/2019:05:50:36 -0700] "GET /cgi-bin/mailgraph.cgi/mailgraph_2.png HTTP/1.1" 200 9523
remote - - [16/Apr/2019:05:56:57 -0700] "GET /cgi-bin/mailgraph.cgi/mailgraph_0.png HTTP/1.1" 200 8055
remote - - [16/Apr/2019:05:57:05 -0700] "GET /mailman/admin/deans HTTP/1.1" 200 2080
remote - - [16/Apr/2019:06:01:04 -0700] "GET /twiki/bin/view/Main/TokyoOffice?rev=1.2 HTTP/1.1" 200 4366
local - - [16/Apr/2019:06:05:54 -0700] "GET /cgi-bin/mailgraph.cgi/mailgraph_0.png HTTP/1.1" 200 8055
remote - - [16/Apr/2019:06:08:43 -0700] "GET /cgi-bin/mailgraph.cgi/mailgraph_1_err.png HTTP/1.1" 200 6882
remote - - [16/Apr/2019:06:17:49 -0700] "GET /cgi-bin/mailgraph.cgi/mailgraph_0_err.png HTTP/1.1" 200 6413
remote - - [16/Apr/2019:06:25:58 -0700] "GET /cgi-bin/mailgraph.cgi/mailgraph_2.png HTTP/1.1" 200 9561
remote - - [16/Apr/2019:06:32:05 -0700] "GET /twiki/bin/view/TWiki/TextFormattingRules?rev=r1.31 HTTP/1.1" 200 23338
remote - - [16/Apr/2019:06:37:46 -0700] "GET /twiki/bin/oops/TWiki/DefaultPlugin?template=oopsmore&param1=1.5&param2=1.5 HTTP/1.1" 200 11281
remote - - [16/Apr/2019:06:47:26 -0700] "GET /twiki/bin/edit/Main/Undisclosed_recipients_header?topicparent=Main.ConfigurationVariables HTTP/1.1" 401 12846
local - - [16/Apr/2019:06:52:38 -0700] "GET /twiki/bin/view/TWiki/d43 HTTP/1.0" 200 4619
local - - [16/Apr/2019:07:01:53 -0700] "GET /clients.html HTTP/1.1" 200 18971
remote - - [16/Apr/2019:07:11:46 -0700] "GET /twiki/bin/view/Main/TWikiGuest?rev=1.4 HTTP/1.1" 200 4719
remote - - [16/Apr/2019:07:13:37 -0700] "GET /twiki/bin/oops/TWiki/WikiTopic HTTP/1.0" 200 209
remote - - [16/Apr/2019:07:18:50 -0700] "GET /twiki/bin/attach/TWiki/DefaultPlugin HTTP/1.1" 401 12846
local - - [16/Apr/2019:07:22:02 -0700] "GET /dccstats/stats-spam-ratio.1week.png HTTP/1.0" 200 2380
remote - - [16/Apr/2019:07:26:37 -0700] "GET /twiki/bin/search/Main/?scope=topic&regex=on&search=^t HTTP/1.1" 200 8306
local - - [16/Apr/2019:07:29:31 -0700] "GET /dccstats/stats-spam-ratio.1month.png HTTP/1.0" 200 1927
remote - - [16/Apr/2019:07:38:59 -0700] "GET /twiki/bin/view/TWiki/WelcomeGuest?rev=r1.11 HTTP/1.1" 200 13102
remote - - [16/Apr/2019:07:47:57 -0700] "GET /twiki/bin/view/Main/Postfix HTTP/1.1" 200 3699
local - - [16/Apr/2019:07:49:37 -0700] "GET /twiki/bin/rdiff/TWiki/TWikiHistory?rev1=1.10&rev2=1.9 HTTP/1.1" 200 5336
remote - - [16/Apr/2019:07:58:02 -0700] "GET /twiki/bin/edit/Main/OfficeLocations?t=1078691049 HTTP/1.1" 401 12846
remote - - [16/Apr/2019:08:02:39 -0700] "GET /mailman/admin/educationadmin HTTP/1.1" 200 2150
remote - - [16/Apr/2019:08:10:44 -0700] "GET /mailman/listinfo/techcomm HTTP/1.1" 200 6155
remote - - [16/Apr/2019:08:17:40 -0700] "GET /twiki/bin/attach/TWiki/WebPreferences HTTP/1.1" 401 12846
remote - - [16/Apr/2019:08:20:20 -0700] "GET /dccstats/stats-spam-ratio.1year.png HTTP/1.1" 200 1924
local - - [16/Apr/2019:08:24:37 -0700] "GET /twiki/bin/view/TWiki/ChangePassword?rev=r1.6 HTTP/1.1" 200 5181
local - - [16/Apr/2019:08:26:44 -0700] "GET /twiki/bin/oops/TWiki/AppendixFileSystem?template=oopsmore&param1=1.12&param2=1.12 HTTP/1.0" 200 11355
remote - - [16/Apr/2019:08:34:04 -0700] "GET /twiki/bin/view/Main/SideBar?rev=1.1 HTTP/1.1" 200 3564
remote - - [16/Apr/2019:08:36:11 -0700] "GET /DCC.html HTTP/1.0" 200 2878
remote - - [16/Apr/2019:08:39:06 -0700] "GET /rejected.html HTTP/1.1" 200 3998
local - - [16/Apr/2019:08:39:50 -0700] "GET /twiki/bin/oops/Know/WinDoze95Crash HTTP/1.0" 200 209
remote - - [16/Apr/2019:08:41:02 -0700] "GET /twiki/bin/rdiff/TWiki/AlWilliams?rev1=1.2&rev2=1.1 HTTP/1.1" 200 5234
remote - - [16/Apr/2019:08:50:59 -0700] "GET /twiki/pub/TWiki/TWikiLogos/twikiRobot131x64.gif HTTP/1.1" 200 7218
remote - - [16/Apr/2019:08:58:55 -0700] "GET /twiki/bin/attach/Main/TWikiGroups HTTP/1.1" 401 12846
remote - - [16/Apr/2019:09:07:09 -0700] "GET /twiki/bin/view/TWiki/WikiNotation HTTP/1.1" 200 3617
remote - - [16/Apr/2019:09:07:49 -0700] "GET /twiki/bin/oops/Sandbox/WebStatistics HTTP/1.0" 200 209
local - - [16/Apr/2019:09:09:38 -0700] "GET /cgi-bin/mailgraph.cgi/mailgraph_1_err.png HTTP/1.1" 200 6846
local - - [16/Apr/2019:09:09:44 -0700] "GET /cgi-bin/mailgraph.cgi/mailgraph_0.png HTTP/1.1" 200 5805
remote - - [16/Apr/2019:09:11:21 -0700] "GET /twiki/bin/oops/TWiki/WikiNotation?template=oopsmore&param1=1.3&param2=1.3 HTTP/1.1" 200 11263
remote - - [16/Apr/2019:09:13:57 -0700] "GET /twiki/bin/rename/TWiki/TWikiHistory HTTP/1.1" 401 12846
remote - - [16/Apr/2019:09:16:37 -0700] "GET /twiki/bin/view/Main/NicholasLee?rev=1.2 HTTP/1.1" 200 3570
remote - - [16/Apr/2019:09:24:49 -0700] "GET /twiki/bin/view/Main/TWikiGroups?rev=1.2 HTTP/1.1" 200 5162
remote - - [16/Apr/2019:09:34:01 -0700] "GET /twiki/bin/view/TWiki/WikiNotation?skin=print HTTP/1.1" 200 1435
remote - - [16/Apr/2019:09:38:20 -0700] "GET /dccstats/stats-spam-ratio.1month.png HTTP/1.1" 200 1948
local - - [16/Apr/2019:09:44:28 -0700] "GET /cgi-bin/mailgraph.cgi/mailgraph_1_err.png HTTP/1.1" 200 7088
remote - - [16/Apr/2019:09:45:42 -0700] "GET /twiki/bin/oops/TWiki/Wik HTTP/1.0" 200 209
local - - [16/Apr/2019:09:45:59 -0700] "GET /dccstats/stats-spam.1week.png HTTP/1.1" 200 3440
remote - - [16/Apr/2019:09:50:56 -0700] "GET /mailman/admin/ppwc/passwords HTTP/1.1" 200 6217
local - - [16/Apr/2019:09:59:58 -0700] "GET /twiki/bin/view/TWiki/WebTopicList HTTP/1.1" 200 14070
remote - - [16/Apr/2019:10:08:24 -0700] "GET /cgi-bin/mailgraph.cgi/mailgraph_0_err.png HTTP/1.1" 200 6484
local - - [16/Apr/2019:10:12:24 -0700] "GET /twiki/bin/view/TWiki/WelcomeGuest?rev=r1.6 HTTP/1.1" 200 12620
remote - - [16/Apr/2019:10:13:39 -0700] "GET /twiki/bin/view/TWiki/WikiNotation?skin=print HTTP/1.1" 200 1435
local - - [16/Apr/2019:10:13:45 -0700] "GET /clients.html HTTP/1.1" 200 18753
remote - - [16/Apr/2019:10:20:35 -0700] "GET /cgi-bin/mailgraph.cgi/mailgraph_2.png HTTP/1.1" 200 9307
remote - - [16/Apr/2019:10:27:53 -0700] "GET /twiki/bin/view/TWiki/WebSearch?rev=r1.9 HTTP/1.1" 200 9469
remote - - [16/Apr/2019:10:32:31 -0700] "GET /cgi-bin/mailgraph.cgi/mailgraph_0_err.png HTTP/1.1" 200 7326
remote - - [16/Apr/2019:10:33:50 -0700] "GET /twiki/bin/edit/Main/Ignore_mx_lookup_error?topicparent=Main.ConfigurationVariables HTTP/1.1" 401 12846
remote - - [16/Apr/2019:10:35:50 -0700] "GET /dccstats/stats-hashes.1month.png HTTP/1.1" 200 1636
remote - - [16/Apr/2019:10:43:33 -0700] "GET /twiki/bin/edit/Sandbox/TestTopic5?topicparent=Sandbox.WebHome HTTP/1.1" 401 12846
local - - [16/Apr/2019:10:49:00 -0700] "GET /dccstats/stats-hashes.1month.png HTTP/1.1" 200 1545
local - - [16/Apr/2019:10:51:44 -0700] "GET /twiki/bin/view/TWiki/TWikiHistory?rev=1.8 HTTP/1.1" 200 15618
remote - - [16/Apr/2019:10:54:54 -0700] "GET /cgi-bin/mailgraph.cgi/mailgraph_0_err.png HTTP/1.1" 200 6274
remote - - [16/Apr/2019:11:01:17 -0700] "GET /dccstats/stats-spam-ratio.1month.png HTTP/1.0" 200 1918
local - - [16/Apr/2019:11:05:42 -0700] "GET /twiki/bin/edit/Main/Max_idle?topicparent=Main.ConfigurationVariables HTTP/1.0" 401 12816
local - - [16/Apr/2019:11:09:11 -0700] "GET /twiki/bin/view/TWiki/TWikiUpgradeTo01May2000 HTTP/1.1" 200 7463
remote - - [16/Apr/2019:11:16:29 -0700] "GET /twiki/bin/view/Know/WebNotify HTTP/1.0" 200 4472
local - - [16/Apr/2019:11:19:27 -0700] "GET /cgi-bin/mailgraph.cgi/mailgraph_2.png HTTP/1.1" 200 9328
local - - [16/Apr/2019:11:27:52 -0700] "GET /twiki/bin/view/TWiki/WelcomeGuest?rev=r1.18 HTTP/1.1" 200 14001
local - - [16/Apr/2019:11:35:02 -0700] "GET /dccstats/stats-hashes.1month.png HTTP/1.1" 200 1580
remote - - [16/Apr/2019:11:38:11 -0700] "GET /dccstats/stats-spam-ratio.1day.png HTTP/1.1" 200 2255
remote - - [16/Apr/2019:11:47:52 -0700] "GET /twiki/bin/edit/TWiki/WebSiteTools?t=1078731408 HTTP/1.1" 401 12846
local - - [16/Apr/2019:11:54:11 -0700] "GET /cgi-bin/mailgraph.cgi/mailgraph_2.png HTTP/1.1" 200 9307
remote - - [16/Apr/2019:12:00:15 -0700] "GET /pipermail/techcomm/ HTTP/1.1" 200 1176
local - - [16/Apr/2019:12:04:23 -0700] "GET /twiki/bin/oops/TWiki/Mana HTTP/1.0" 200 209
remote - - [16/Apr/2019:12:13:26 -0700] "GET /mailman/admin/ppwc HTTP/1.1" 200 19597
remote - - [16/Apr/2019:12:22:15 -0700] "GET /dccstats/stats-spam-ratio.1year.png HTTP/1.1" 200 1837
local - - [16/Apr/2019:12:26:17 -0700] "GET /mailman/admin/artsscience HTTP/1.1" 200 2125
local - - [16/Apr/2019:12:32:33 -0700] "GET /twiki/bin/rename/TWiki/ResetPassword HTTP/1.1" 401 12851
remote - - [16/Apr/2019:12:32:47 -0700] "GET /mailman/options/cnc_notice/arobin%40shaw.c HTTP/1.1" 200 3382
local - - [16/Apr/2019:12:38:22 -0700] "GET /twiki/bin/view/Main/NicholasLee?rev=1.2 HTTP/1.1" 200 3570
local - - [16/Apr/2019:12:41:09 -0700] "GET /mailman/admin/artsscience HTTP/1.1" 200 2125
remote - - [16/Apr/2019:12:47:47 -0700] "GET /twiki/bin/edit/Main/RazorAndPostFix?topicparent=Main.WebHome HTTP/1.1" 401 12851
remote - - [16/Apr/2019:12:52:30 -0700] "GET /twiki/bin/oops/Know/TopicClassification HTTP/1.0" 200 209
remote - - [16/Apr/2019:12:56:14 -0700] "GET /twiki/bin/view/TWiki/WelcomeGuest?rev=r1.11 HTTP/1.1" 200 13102
remote - - [16/Apr/2019:12:56:43 -0700] "GET /twiki/bin/rdiff/Main/TWikiGroups?rev1=1.3&rev2=1.2 HTTP/1.1" 200 4308
local - - [16/Apr/2019:13:02:32 -0700] "GET /twiki/bin/rdiff/TWiki/WebTopicEditTemplate HTTP/1.1" 200 7895
remote - - [16/Apr/2019:13:04:13 -0700] "GET /dccstats/stats-hashes.1week.png HTTP/1.1" 200 1695
local - - [16/Apr/2019:13:04:36 -0700] "GET /twiki/bin/view/TWiki/TWikiUpgradeTo01May2000?rev=1.3 HTTP/1.1" 200 7441
remote - - [16/Apr/2019:13:12:30 -0700] "GET /dccstats/stats-spam.1day.png HTTP/1.1" 200 3093
local - - [16/Apr/2019:13:12:40 -0700] "GET /dccstats/stats-spam.1month.png HTTP/1.1" 200 2657
remote - - [16/Apr/2019:13:13:27 -0700] "GET /twiki/bin/view/TWiki/WikiReferences?skin=print HTTP/1.1" 200 5596
remote - - [16/Apr/2019:13:16:13 -0700] "GET /dccstats/stats-hashes.1year.png HTTP/1.1" 200 1494
remote - - [16/Apr/2019:13:23:54 -0700] "GET /twiki/bin/oops/TWiki/InterwikiPlugin HTTP/1.0" 200 209
remote - - [16/Apr/2019:13:29:27 -0700] "GET /dccstats/stats-spam-ratio.1day.png HTTP/1.1" 200 2148
remote - - [16/Apr/2019:13:34:15 -0700] "GET /dccstats/stats-spam.1week.png HTTP/1.1" 200 3419
remote - - [16/Apr/2019:13:39:34 -0700] "GET /twiki/bin/view/Main/WebIndex?rev=1.1 HTTP/1.1" 200 44960
remote - - [16/Apr/2019:13:43:36 -0700] "GET /dccstats/stats-spam.1day.png HTTP/1.1" 200 3041
local - - [16/Apr/2019:13:45:57 -0700] "GET /twiki/bin/rdiff/Main/ConfigurationVariables?rev1=1.2&rev2=1.1 HTTP/1.0" 200 59549
remote - - [16/Apr/2019:13:54:26 -0700] "GET /twiki/bin/oops/TWiki/WelcomeGuest?template=oopsmore&param1=1.20&param2=1.20 HTTP/1.1" 200 11266
remote - - [16/Apr/2019:14:03:19 -0700] "GET /dccstats/stats-spam.1year.png HTTP/1.1" 200 2222
remote - - [16/Apr/2019:14:04:20 -0700] "GET /dccstats/stats-hashes.1week.png HTTP/1.1" 200 1686
local - - [16/Apr/2019:14:04:42 -0700] "GET /dccstats/stats-hashes.1month.png HTTP/1.1" 200 1604
remote - - [16/Apr/2019:14:11:31 -0700] "GET /twiki/bin/rdiff/TWiki/TWikiSkins?rev1=1.10&rev2=1.9 HTTP/1.1" 200 5989
remote - - [16/Apr/2019:14:12:51 -0700] "GET /twiki/bin/edit/Main/Default_delivery_slot_discount?topicparent=Main.ConfigurationVariables HTTP/1.1" 401 12851
remote - - [16/Apr/2019:14:15:15 -0700] "GET /twiki/bin/rdiff/Main/ConfigurationVariables HTTP/1.1" 200 59679
local - - [16/Apr/2019:14:24:46 -0700] "GET /twiki/bin/view/TWiki/TWikiUpgradeTo01May2000?rev=1.3 HTTP/1.1" 200 7441
local - - [16/Apr/2019:14:32:06 -0700] "GET /dccstats/stats-hashes.1year.png HTTP/1.0" 200 1526
remote - - [16/Apr/2019:14:37:05 -0700] "GET /twiki/bin/rdiff/Main/VishaalGolam HTTP/1.1" 200 5055
remote - - [16/Apr/2019:14:38:14 -0700] "GET /twiki/bin/edit/TWiki/TWikiRegistration?t=1078670224 HTTP/1.1" 401 12851
local - - [16/Apr/2019:14:43:04 -0700] "GET /twiki/bin/edit/Main/Forward_expansion_filter?topicparent=Main.ConfigurationVariables HTTP/1.1" 401 12846
remote - - [16/Apr/2019:14:47:42 -0700] "GET /twiki/bin/view/TWiki/NewUserTemplate?skin=print HTTP/1.1" 200 2449
local - - [16/Apr/2019:14:55:56 -0700] "GET /twiki/bin/view/Sandbox/WebHome?rev=r1.3 HTTP/1.1" 200 8708
local - - [16/Apr/2019:15:02:54 -0700] "GET /dccstats/stats-spam-ratio.1week.png HTTP/1.0" 200 2380
remote - - [16/Apr/2019:15:11:45 -0700] "GET /twiki/bin/view/TWiki/KlausWriessnegger HTTP/1.1" 200 3848
remote - - [16/Apr/2019:15:20:51 -0700] "GET /cgi-bin/mailgraph.cgi/mailgraph_0.png HTTP/1.1" 200 5664
remote - - [16/Apr/2019:15:21:42 -0700] "GET /twiki/bin/search/TWiki/?scope=topic&regex=on&bookview=on&search=.* HTTP/1.1" 200 102399
remote - - [16/Apr/2019:15:25:25 -0700] "GET /twiki/bin/rdiff/TWiki/WikiWikiClones HTTP/1.1" 200 9259
remote - - [16/Apr/2019:15:32:44 -0700] "GET /dccstats/stats-spam-ratio.1year.png HTTP/1.1" 200 1837
remote - - [16/Apr/2019:15:37:49 -0700] "GET /mailman/listinfo/ppwc HTTP/1.0" 200 6252
local - - [16/Apr/2019:15:43:35 -0700] "GET /twiki/bin/edit/Main/Maps_rbl_reject_code?topicparent=Main.ConfigurationVariables HTTP/1.1" 401 12846
local - - [16/Apr/2019:15:51:03 -0700] "GET /twiki/bin/rdiff/Main/TWikiGuest?rev1=1.5&rev2=1.4 HTTP/1.1" 200 6233
local - - [16/Apr/2019:15:57:51 -0700] "GET /twiki/bin/oops/TWiki/TWikiVariables HTTP/1.0" 200 209
local - - [16/Apr/2019:16:01:31 -0700] "GET /twiki/bin/edit/TWiki/HaroldGottschalk?t=1078717948 HTTP/1.1" 401 12846
remote - - [16/Apr/2019:16:03:44 -0700] "POST /mailman/admindb/ppwc HTTP/1.1" 200 3407
remote - - [16/Apr/2019:16:11:31 -0700] "GET /twiki/bin/rdiff/Main/RelayGateway?rev1=1.2&rev2=1.1 HTTP/1.1" 200 6029
remote - - [16/Apr/2019:16:19:36 -0700] "GET /dccstats/stats-spam.1day.png HTTP/1.0" 200 3049
local - - [16/Apr/2019:16:19:53 -0700] "GET /twiki/bin/edit/Main/TestArea?topicparent=Main.WebHome HTTP/1.1" 401 12846
remote - - [16/Apr/2019:16:27:54 -0700] "GET /twiki/bin/edit/Main/Maps_rbl_reject_code?topicparent=Main.ConfigurationVariables HTTP/1.1" 401 12846
remote - - [16/Apr/2019:16:35:38 -0700] "GET /pipermail/techcomm/ HTTP/1.1" 200 1176
remote - - [16/Apr/2019:16:38:04 -0700] "GET /twiki/bin/oops/TWiki/AppendixFileSystem?template=oopsmore&param1=1.12&param2=1.12 HTTP/1.1" 200 11382
local - - [16/Apr/2019:16:41:42 -0700] "GET /twiki/bin/rdiff/TWiki/WebSiteTools?rev1=1.2&rev2=1.1 HTTP/1.1" 200 6640
local - - [16/Apr/2019:16:46:40 -0700] "GET /twiki/bin/oops/TWiki/Mana HTTP/1.0" 200 209
remote - - [16/Apr/2019:16:54:04 -0700] "GET /twiki/bin/view/TWiki/WebSearch?rev=r1.9 HTTP/1.1" 200 9469
local - - [16/Apr/2019:16:56:30 -0700] "GET /twiki/bin/view/TWiki/TWikiTopics?rev=r1.7 HTTP/1.1" 200 8540
remote - - [16/Apr/2019:17:02:21 -0700] "POST /mailman/admin/ppwc/members/add HTTP/1.1" 200 6762
local - - [16/Apr/2019:17:04:49 -0700] "GET /mailman/admin/fcd HTTP/1.1" 200 2060
remote - - [16/Apr/2019:17:08:36 -0700] "GET /twiki/bin/oops/TWiki/Mana HTTP/1.0" 200 209
local - - [16/Apr/2019:17:14:02 -0700] "GET /twiki/bin/view/Main/PeterThoeny HTTP/1.1" 200 4924
local - - [16/Apr/2019:17:22:05 -0700] 
local - - [16/Apr/2019:17:25:18 -0700] "GET /dccstats/stats-spam-ratio.1day.png HTTP/1.0" 200 2271
local - - [16/Apr/2019:17:26:31 -0700] "GET /dccstats/stats-spam.1month.png HTTP/1.1" 200 2592
remote - - [16/Apr/2019:17:33:20 -0700] "GET /twiki/bin/oops/Main/Smtpd_recipient_limit HTTP/1.0" 200 209
remote - - [16/Apr/2019:17:41:29 -0700] "GET /dccstats/stats-hashes.1year.png HTTP/1.0" 200 1572
remote - - [16/Apr/2019:17:42:31 -0700] "GET /cgi-bin/mailgraph.cgi/mailgraph_1_err.png HTTP/1.1" 200 6949
remote - - [16/Apr/2019:17:45:49 -0700] "GET /twiki/bin/oops/TWiki/InterwikiPlugin HTTP/1.0" 200 209
remote - - [16/Apr/2019:17:52:30 -0700] "GET /twiki/bin/view/Main/WebHome?rev=r1.8 HTTP/1.0" 200 8986
local - - [16/Apr/2019:17:57:39 -0700] "GET /mailman/admin/deans HTTP/1.1" 200 2080
local - - [16/Apr/2019:17:59:51 -0700] "GET /twiki/bin/search/Main/?scope=topic&regex=on&search=^t HTTP/1.1" 200 8306
local - - [16/Apr/2019:18:03:31 -0700] "GET /twiki/bin/rdiff/Main/SpamAssassinAndPostFix?rev1=1.2&rev2=1.1 HTTP/1.1" 200 5794
remote - - [16/Apr/2019:18:08:50 -0700] "GET /twiki/bin/rdiff/TWiki/WebTopicEditTemplate HTTP/1.1" 200 7895
remote - - [16/Apr/2019:18:16:28 -0700] "GET /pipermail/cnc_notice/2004-February.txt HTTP/1.1" 200 6712
remote - - [16/Apr/2019:18:25:17 -0700] "GET /mailman/admin/ppwc/gateway HTTP/1.1" 200 8692
remote - - [16/Apr/2019:18:33:51 -0700] "GET /twiki/bin/view/TWiki/TWikiTopics?rev=r1.4 HTTP/1.1" 200 5171
local - - [16/Apr/2019:18:38:16 -0700] "GET /twiki/bin/view/Sandbox/WebStatistics HTTP/1.1" 200 6063
remote - - [16/Apr/2019:18:42:31 -0700] "GET /dccstats/stats-hashes.1year.png HTTP/1.1" 200 1550
local - - [16/Apr/2019:18:44:50 -0700] "GET /twiki/bin/view/TWiki/WelcomeGuest?rev=r1.19 HTTP/1.1" 200 13997
remote - - [16/Apr/2019:18:50:40 -0700] "GET /twiki/bin/view/Know/WebStatistics HTTP/1.0" 200 6394
local - - [16/Apr/2019:18:51:33 -0700] "GET /twiki/bin/edit/Main/Max_idle?topicparent=Main.ConfigurationVariables HTTP/1.0" 401 12816
local - - [16/Apr/2019:19:01:02 -0700] "GET /twiki/bin/rdiff/TWiki/TWikiSkins?rev1=1.10&rev2=1.9 HTTP/1.1" 200 5989
remote - - [16/Apr/2019:19:07:59 -0700] "GET /dccstats/stats-spam-ratio.1year.png HTTP/1.1" 200 1879
local - - [16/Apr/2019:19:16:04 -0700] "GET /mailman/private/sswk/ HTTP/1.1" 200 1531
remote - - [16/Apr/2019:19:19:45 -0700] "GET /twiki/bin/oops/TWiki/TablePlugin HTTP/1.0" 200 209
local - - [16/Apr/2019:19:23:03 -0700] "GET /dccstats/stats-hashes.1year.png HTTP/1.1" 200 1582
local - - [16/Apr/2019:19:27:36 -0700] "GET /twiki/bin/view/Main/WebIndex?rev=r1.2 HTTP/1.1" 200 45059
local - - [16/Apr/2019:19:36:01 -0700] "GET /mailman/admin/ppwc/gateway HTTP/1.1" 200 8692
local - - [16/Apr/2019:19:40:26 -0700] "GET /twiki/bin/view/Main/WebHome?rev=1.25 HTTP/1.0" 200 9812
local - - [16/Apr/2019:19:46:56 -0700] "GET /twiki/bin/oops/TWiki/ResetPassword?template=oopsmore&param1=1.4&param2=1.4 HTTP/1.1" 200 11281
local - - [16/Apr/2019:19:47:51 -0700] "GET /twiki/bin/edit/Main/Relayhost?topicparent=Main.ConfigurationVariables HTTP/1.0" 401 12816
local - - [16/Apr/2019:19:50:45 -0700] "GET /pipermail/techcomm/ HTTP/1.1" 200 1176
remote - - [16/Apr/2019:19:56:36 -0700] "GET /twiki/bin/oops/TWiki/Wik HTTP/1.0" 200 209
local - - [16/Apr/2019:19:57:57 -0700] "GET /twiki/bin/view/TWiki/TWikiHistory?rev=1.9 HTTP/1.1" 200 15756
remote - - [16/Apr/2019:20:05:51 -0700] "GET /twiki/bin/edit/Main/Invalid_hostname_reject_code?topicparent=Main.ConfigurationVariables HTTP/1.1" 401 12846
remote - - [16/Apr/2019:20:14:12 -0700] "GET /twiki/bin/edit/Main/WebStatistics?t=1078690975 HTTP/1.1" 401 12851
remote - - [16/Apr/2019:20:14:32 -0700] "POST /mailman/admindb/ppwc HTTP/1.1" 200 3407
remote - - [16/Apr/2019:20:22:24 -0700] "GET /twiki/bin/rdiff/Know/ReadmeFirst?rev1=1.5&rev2=1.4 HTTP/1.1" 200 5724
remote - - [16/Apr/2019:20:27:03 -0700] "GET /twiki/bin/view/Know/ReadmeFirst?rev=1.4 HTTP/1.1" 200 6736
remote - - [16/Apr/2019:20:30:12 -0700] "GET /twiki/bin/edit/Main/Allow_untrusted_routing?topicparent=Main.ConfigurationVariables HTTP/1.0" 401 12816
remote - - [16/Apr/2019:20:31:01 -0700] "GET /twiki/bin/rdiff/TWiki/TWikiSite HTTP/1.1" 200 71941
remote - - [16/Apr/2019:20:31:13 -0700] "GET /twiki/bin/view/TWiki/WikiWord?rev=1.3 HTTP/1.1" 200 6816
remote - - [16/Apr/2019:20:37:24 -0700] "GET /cgi-bin/mailgraph.cgi/mailgraph_1.png HTTP/1.1" 200 8830
local - - [16/Apr/2019:20:42:00 -0700] "GET /mailman/listinfo/mlc HTTP/1.1" 200 6142
remote - - [16/Apr/2019:20:43:25 -0700] "GET /twiki/bin/oops/Main/TWiki HTTP/1.0" 200 209
local - - [16/Apr/2019:20:45:58 -0700] "GET /twiki/bin/view/Main/FileAttachment?rev=1.2 HTTP/1.1" 200 17919
remote - - [16/Apr/2019:20:49:52 -0700] "GET /twiki/bin/attach/TWiki/AndreaSterbini HTTP/1.1" 401 12851
local - - [16/Apr/2019:20:54:40 -0700] "GET /cgi-bin/mailgraph.cgi/mailgraph_0.png HTTP/1.1" 200 5871
remote - - [16/Apr/2019:21:03:10 -0700] "GET /cgi-bin/mailgraph.cgi/mailgraph_0_err.png HTTP/1.1" 200 6708
local - - [16/Apr/2019:21:03:35 -0700] "GET /cgi-bin/mailgraph.cgi/mailgraph_0.png HTTP/1.1" 200 8055
local - - [16/Apr/2019:21:12:25 -0700] "GET /twiki/bin/edit/TWiki/TWikiVariables?t=1078684115 HTTP/1.1" 401 12846
remote - - [16/Apr/2019:21:21:18 -0700] "GET /twiki/bin/edit/Main/Smtp_data_init_timeout?topicparent=Main.ConfigurationVariables HTTP/1.0" 401 12816
remote - - [16/Apr/2019:21:21:23 -0700] "GET /twiki/bin/edit/TWiki/KlausWriessnegger?t=1078709735 HTTP/1.1" 401 12846
remote - - [16/Apr/2019:21:27:22 -0700] "GET /dccstats/stats-hashes.1year.png HTTP/1.1" 200 1521
local - - [16/Apr/2019:21:30:15 -0700] "GET /dccstats/stats-spam.1year.png HTTP/1.0" 200 2250
remote - - [16/Apr/2019:21:39:58 -0700] "GET /twiki/bin/edit/Main/Smtpd_banner?topicparent=Main.ConfigurationVariables HTTP/1.1" 401 12846
remote - - [16/Apr/2019:21:42:50 -0700] "POST /mailman/options/cnc_notice HTTP/1.1" 200 13973
remote - - [16/Apr/2019:21:48:28 -0700] "GET /mailman/admin/ncbnpfaculty HTTP/1.1" 200 2136
local - - [16/Apr/2019:21:53:25 -0700] "GET /cgi-bin/mailgraph.cgi/mailgraph_1.png HTTP/1.1" 200 8866
local - - [16/Apr/2019:21:53:54 -0700] "GET /twiki/bin/view/TWiki/SearchDoesNotWork?rev=r1.2 HTTP/1.1" 200 4072
remote - - [16/Apr/2019:22:02:51 -0700] "GET /twiki/bin/oops/TWiki/FileAttachment HTTP/1.0" 200 209
remote - - [16/Apr/2019:22:08:17 -0700] "GET /twiki/pub/TWiki/TWikiDocGraphics/tip.gif HTTP/1.1" 200 123
remote - - [16/Apr/2019:22:14:50 -0700] "GET /twiki/bin/edit/Main/PostConf?topicparent=Main.PostfixCommands HTTP/1.0" 401 12816
remote - - [16/Apr/2019:22:22:59 -0700] "GET /twiki/bin/oops/TWiki/JohnAltstadt HTTP/1.0" 200 209
remote - - [16/Apr/2019:22:29:08 -0700] "GET /twiki/bin/rdiff/Main/SpamAssassin HTTP/1.1" 200 4445
remote - - [16/Apr/2019:22:35:49 -0700] "GET /clients.html HTTP/1.1" 200 18971
remote - - [16/Apr/2019:22:40:21 -0700] "GET /twiki/bin/rdiff/TWiki/KlausWriessnegger?rev1=1.2&rev2=1.1 HTTP/1.1" 200 5421
remote - - [16/Apr/2019:22:42:54 -0700] "GET /dccstats/stats-hashes.1year.png HTTP/1.1" 200 1556
remote - - [16/Apr/2019:22:52:26 -0700] "GET /twiki/bin/view/Main/WebChanges HTTP/1.1" 200 40520
remote - - [16/Apr/2019:22:57:55 -0700] "GET /dccstats/stats-spam-ratio.1week.png HTTP/1.0" 200 2341
remote - - [16/Apr/2019:23:04:04 -0700] "GET /mailman/options/cnc_notice/arobin%40shaw.c HTTP/1.1" 200 3382
local - - [16/Apr/2019:23:08:32 -0700] "GET /twiki/bin/view/TWiki/WebHome HTTP/1.1" 200 15182
remote - - [16/Apr/2019:23:17:15 -0700] "GET /twiki/bin/view/Main/RelayGateway?rev=1.3 HTTP/1.1" 200 4232
remote - - [16/Apr/2019:23:24:59 -0700] "GET /twiki/bin/rdiff/Main/WebChanges?rev1=1.2&rev2=1.1 HTTP/1.1" 200 114220
local - - [16/Apr/2019:23:30:11 -0700] "GET /dccstats/stats-hashes.1month.png HTTP/1.0" 200 1536
remote - - [16/Apr/2019:23:31:21 -0700] "GET /twiki/bin/view/TWiki/WikiCulture HTTP/1.1" 200 5935
local - - [16/Apr/2019:23:40:43 -0700] "GET /twiki/bin/edit/Main/UvscanAndPostFix?topicparent=Main.WebHome HTTP/1.1" 401 12846
remote - - [16/Apr/2019:23:46:08 -0700] "GET /twiki/bin/view/TWiki/JohnTalintyre HTTP/1.1" 200 3766
local - - [16/Apr/2019:23:46:23 -0700] "GET /mailman/admin/artsscience HTTP/1.1" 200 2125
remote - - [16/Apr/2019:23:47:21 -0700] "GET /cgi-bin/mailgraph.cgi/mailgraph_0.png HTTP/1.1" 200 6329
remote - - [16/Apr/2019:23:57:03 -0700] "GET /dccstats/stats-hashes.1month.png HTTP/1.1" 200 1580
local - - [16/Apr/2019:23:58:40 -0700] "GET /twiki/bin/view/Main/VishaalGolam HTTP/1.0" 200 4577
