remote - - [01/Jan/2019:00:31:54 -0700] "GET index.html HTTP/1.0" 200 2797
remote - - [01/Jan/2019:00:31:58 -0700] "GET 2.gif HTTP/1.0" 200 2555
remote - - [01/Jan/2019:00:32:33 -0700] "GET 3.gif HTTP/1.0" 200 36403
remote - - [01/Jan/2019:01:39:21 -0700] "GET 20.html HTTP/1.0" 200 378
local - - [01/Jan/2019:01:47:41 -0700] "GET index.html HTTP/1.0" 200 2797
local - - [01/Jan/2019:01:47:49 -0700] "GET 39.html HTTP/1.0" 200 669
local - - [01/Jan/2019:01:48:23 -0700] "GET index.html HTTP/1.0" 302 -
local - - [01/Jan/2019:01:48:23 -0700] "GET index.html HTTP/1.0" 200 578
local - - [01/Jan/2019:01:48:27 -0700] "GET index.html HTTP/1.0" 200 578
local - - [01/Jan/2019:01:48:31 -0700] "GET 323.html HTTP/1.0" 200 1133
local - - [01/Jan/2019:01:49:07 -0700] "GET 38.aiff HTTP/1.0" 200 514314
remote - - [01/Jan/2019:01:49:21 -0700] "GET index.html HTTP/1.0" 200 1417
remote - - [01/Jan/2019:01:49:22 -0700] "GET 252.gif HTTP/1.0" 200 10517
remote - - [01/Jan/2019:01:49:23 -0700] "GET 251.gif HTTP/1.0" 200 616
remote - - [01/Jan/2019:01:49:44 -0700] "GET 2203.jpg HTTP/1.0" 200 412680
remote - - [01/Jan/2019:02:02:04 -0700] "GET 1239.html HTTP/1.0" 200 2277
remote - - [01/Jan/2019:02:02:06 -0700] "GET 294.gif HTTP/1.0" 200 572
remote - - [01/Jan/2019:02:02:06 -0700] "GET 295.gif HTTP/1.0" 200 330
remote - - [01/Jan/2019:02:02:07 -0700] "GET 1986.gif HTTP/1.0" 200 4067
remote - - [01/Jan/2019:02:02:09 -0700] "GET 297.gif HTTP/1.0" 200 2032
remote - - [01/Jan/2019:02:02:09 -0700] "GET 296.gif HTTP/1.0" 200 4470
remote - - [01/Jan/2019:02:02:14 -0700] "GET 862.gif HTTP/1.0" 200 12225
remote - - [01/Jan/2019:02:02:25 -0700] "GET 1095.html HTTP/1.0" 200 1037
local - - [01/Jan/2019:03:33:01 -0700] "GET index.html HTTP/1.0" 200 2797
local - - [01/Jan/2019:03:33:18 -0700] "GET 41.html HTTP/1.0" 200 35108
local - - [01/Jan/2019:03:33:53 -0700] "GET index.html HTTP/1.0" 200 2797
local - - [01/Jan/2019:03:34:51 -0700] "GET 41.html HTTP/1.0" 200 35108
remote - - [01/Jan/2019:04:09:00 -0700] "GET 626.html HTTP/1.0" 404 -
local - - [01/Jan/2019:04:46:35 -0700] "GET index.html HTTP/1.0" 200 2797
local - - [01/Jan/2019:05:12:40 -0700] "GET index.html HTTP/1.0" 200 2797
remote - - [01/Jan/2019:05:50:40 -0700] "GET index.html HTTP/1.0" 200 1417
remote - - [01/Jan/2019:05:51:32 -0700] "GET 2203.jpg HTTP/1.0" 200 412680
remote - - [01/Jan/2019:05:52:14 -0700] "GET 2203.jpg HTTP/1.0" 200 412680
remote - - [01/Jan/2019:06:00:35 -0700] "GET index.html HTTP/1.0" 200 2797
remote - - [01/Jan/2019:06:48:05 -0700] "GET index.html HTTP/1.0" 302 -
remote - - [01/Jan/2019:06:48:06 -0700] "GET index.html HTTP/1.0" 200 1417
remote - - [01/Jan/2019:06:48:07 -0700] "GET 251.gif HTTP/1.0" 200 616
remote - - [01/Jan/2019:06:48:08 -0700] "GET 252.gif HTTP/1.0" 200 10517
remote - - [01/Jan/2019:06:48:30 -0700] "GET 1264.txt HTTP/1.0" 200 1656
remote - - [01/Jan/2019:06:49:45 -0700] "GET 2203.jpg HTTP/1.0" 200 412680
remote - - [01/Jan/2019:06:50:05 -0700] "GET 253.txt HTTP/1.0" 200 794
remote - - [01/Jan/2019:06:50:36 -0700] "GET 254.html HTTP/1.0" 200 981
remote - - [01/Jan/2019:06:50:58 -0700] "GET 581.html HTTP/1.0" 200 7466
remote - - [01/Jan/2019:06:50:58 -0700] "GET 582.gif HTTP/1.0" 200 701
remote - - [01/Jan/2019:06:57:55 -0700] "GET index.html HTTP/1.0" 200 2797
remote - - [01/Jan/2019:06:57:56 -0700] "GET 2.gif HTTP/1.0" 200 2555
remote - - [01/Jan/2019:06:58:01 -0700] "GET 3.gif HTTP/1.0" 200 36403
remote - - [01/Jan/2019:06:58:35 -0700] "GET 5.html HTTP/1.0" 200 768
remote - - [01/Jan/2019:06:58:39 -0700] "GET 991.html HTTP/1.0" 200 1854
remote - - [01/Jan/2019:06:59:28 -0700] "GET index.html HTTP/1.0" 200 3722
remote - - [01/Jan/2019:06:59:30 -0700] "GET 93.gif HTTP/1.0" 200 2032
remote - - [01/Jan/2019:07:04:41 -0700] "GET index.html HTTP/1.0" 200 1417
remote - - [01/Jan/2019:07:04:42 -0700] "GET 251.gif HTTP/1.0" 200 616
remote - - [01/Jan/2019:07:04:43 -0700] "GET 252.gif HTTP/1.0" 200 10517
remote - - [01/Jan/2019:07:40:18 -0700] "GET index.html HTTP/1.0" 200 1417
remote - - [01/Jan/2019:07:40:19 -0700] "GET 252.gif HTTP/1.0" 200 10517
remote - - [01/Jan/2019:07:40:20 -0700] "GET 251.gif HTTP/1.0" 200 616
remote - - [01/Jan/2019:07:49:41 -0700] "GET 2203.jpg HTTP/1.0" 200 412680
remote - - [01/Jan/2019:08:46:11 -0700] "GET index.html HTTP/1.0" 404 -
remote - - [01/Jan/2019:10:35:49 -0700] "GET index.html HTTP/1.0" 302 -
remote - - [01/Jan/2019:11:04:47 -0700] "GET index.html HTTP/1.0" 404 -
remote - - [01/Jan/2019:11:05:31 -0700] "GET index.html HTTP/1.0" 200 2797
remote - - [01/Jan/2019:11:06:04 -0700] "GET 5.html HTTP/1.0" 200 768
remote - - [01/Jan/2019:11:06:14 -0700] "GET 989.html HTTP/1.0" 200 895
remote - - [01/Jan/2019:11:06:23 -0700] "GET 990.html HTTP/1.0" 200 2153
remote - - [01/Jan/2019:11:06:33 -0700] "GET index.html HTTP/1.0" 200 977
remote - - [01/Jan/2019:11:07:04 -0700] "GET 250.html HTTP/1.0" 200 1417
remote - - [01/Jan/2019:11:07:18 -0700] "GET 252.gif HTTP/1.0" 200 10517
remote - - [01/Jan/2019:11:07:30 -0700] "GET 251.gif HTTP/1.0" 200 616
remote - - [01/Jan/2019:11:07:58 -0700] "GET 2203.jpg HTTP/1.0" 200 412680
remote - - [01/Jan/2019:11:09:57 -0700] "GET 253.txt HTTP/1.0" 200 794
remote - - [01/Jan/2019:11:10:19 -0700] "GET 254.html HTTP/1.0" 200 981
local - - [01/Jan/2019:11:26:20 -0700] "GET index.html HTTP/1.0" 200 2797
local - - [01/Jan/2019:11:26:26 -0700] "GET 39.html HTTP/1.0" 200 669
local - - [01/Jan/2019:11:26:39 -0700] "GET 340.html HTTP/1.0" 200 413
local - - [01/Jan/2019:12:13:34 -0700] "GET index.html HTTP/1.0" 200 2797
remote - - [01/Jan/2019:12:14:35 -0700] "GET 303.html HTTP/1.0" 200 2830
remote - - [01/Jan/2019:12:14:38 -0700] "GET 304.xbm HTTP/1.0" 200 428
remote - - [01/Jan/2019:12:14:39 -0700] "GET 305.xbm HTTP/1.0" 200 437
remote - - [01/Jan/2019:12:15:46 -0700] "GET 627.html HTTP/1.0" 200 1524
remote - - [01/Jan/2019:12:16:22 -0700] "GET 694.html HTTP/1.0" 200 1781
remote - - [01/Jan/2019:12:16:24 -0700] "GET 307.xbm HTTP/1.0" 200 440
remote - - [01/Jan/2019:12:19:26 -0700] "GET 795.qt HTTP/1.0" 200 1365392
remote - - [01/Jan/2019:13:14:09 -0700] "GET index.html HTTP/1.0" 200 1417
remote - - [01/Jan/2019:13:14:11 -0700] "GET 252.gif HTTP/1.0" 200 10517
remote - - [01/Jan/2019:13:14:12 -0700] "GET 251.gif HTTP/1.0" 200 616
remote - - [01/Jan/2019:13:15:56 -0700] "GET 2203.jpg HTTP/1.0" 200 412680
remote - - [01/Jan/2019:13:16:01 -0700] "GET 1264.txt HTTP/1.0" 200 1656
remote - - [01/Jan/2019:13:27:59 -0700] "GET 627.html HTTP/1.0" 304 0
remote - - [01/Jan/2019:13:28:15 -0700] "GET 673.html HTTP/1.0" 200 6061
remote - - [01/Jan/2019:13:28:33 -0700] "GET 715.html HTTP/1.0" 200 5686
remote - - [01/Jan/2019:13:29:34 -0700] "GET 682.jpg HTTP/1.0" 200 81920
remote - - [01/Jan/2019:13:43:47 -0700] "GET 974.html HTTP/1.0" 200 5375
remote - - [01/Jan/2019:13:49:26 -0700] "GET 34.html HTTP/1.0" 200 2837
local - - [01/Jan/2019:14:34:42 -0700] "GET index.html HTTP/1.0" 302 -
local - - [01/Jan/2019:14:34:42 -0700] "GET index.html HTTP/1.0" 200 3722
local - - [01/Jan/2019:14:34:48 -0700] "GET 956.html HTTP/1.0" 200 1854
local - - [01/Jan/2019:14:34:56 -0700] "GET index.html HTTP/1.0" 302 -
local - - [01/Jan/2019:14:34:57 -0700] "GET index.html HTTP/1.0" 200 2277
local - - [01/Jan/2019:14:35:01 -0700] "GET 1236.html HTTP/1.0" 200 1133
local - - [01/Jan/2019:14:35:11 -0700] "GET 1243.html HTTP/1.0" 200 15922
local - - [01/Jan/2019:14:36:47 -0700] "GET index.html HTTP/1.0" 200 2277
local - - [01/Jan/2019:14:36:54 -0700] "GET 1333.html HTTP/1.0" 200 1441
local - - [01/Jan/2019:14:37:25 -0700] "GET 282.html HTTP/1.0" 200 1684
remote - - [01/Jan/2019:14:43:55 -0700] "GET index.html HTTP/1.0" 200 2797
remote - - [01/Jan/2019:14:43:59 -0700] "GET 2.gif HTTP/1.0" 200 2555
remote - - [01/Jan/2019:14:44:25 -0700] "GET 3.gif HTTP/1.0" 200 36403
remote - - [01/Jan/2019:14:45:42 -0700] "GET 41.html HTTP/1.0" 200 35108
remote - - [01/Jan/2019:14:46:04 -0700] "GET 291.gif HTTP/1.0" 200 21569
remote - - [01/Jan/2019:14:46:22 -0700] "GET 4.gif HTTP/1.0" 200 441
remote - - [01/Jan/2019:14:47:49 -0700] "GET 2142.html HTTP/1.0" 200 570
local - - [01/Jan/2019:14:56:49 -0700] "GET index.html HTTP/1.0" 302 -
local - - [01/Jan/2019:14:56:49 -0700] "GET index.html HTTP/1.0" 200 3722
local - - [01/Jan/2019:14:56:54 -0700] "GET 956.html HTTP/1.0" 200 1854
local - - [01/Jan/2019:14:57:01 -0700] "GET index.html HTTP/1.0" 302 -
local - - [01/Jan/2019:14:57:01 -0700] "GET index.html HTTP/1.0" 200 2277
local - - [01/Jan/2019:14:57:07 -0700] "GET 282.html HTTP/1.0" 200 1684
local - - [01/Jan/2019:14:57:10 -0700] "GET 1243.html HTTP/1.0" 200 15922
local - - [01/Jan/2019:15:48:32 -0700] "GET index.html HTTP/1.0" 200 2797
remote - - [01/Jan/2019:15:53:13 -0700] "GET index.html HTTP/1.0" 200 2797
remote - - [01/Jan/2019:15:53:15 -0700] "GET 2.gif HTTP/1.0" 200 2555
remote - - [01/Jan/2019:15:53:38 -0700] "GET 3.gif HTTP/1.0" 200 36403
remote - - [01/Jan/2019:16:13:54 -0700] "GET 1099.gif HTTP/1.0" 200 191
remote - - [01/Jan/2019:16:13:56 -0700] "GET 1082.html HTTP/1.0" 200 7779
remote - - [01/Jan/2019:16:14:14 -0700] "GET 1098.gif HTTP/1.0" 200 10712
remote - - [01/Jan/2019:16:14:17 -0700] "GET 1100.gif HTTP/1.0" 200 9426
remote - - [01/Jan/2019:16:14:24 -0700] "GET 1097.gif HTTP/1.0" 200 11668
remote - - [01/Jan/2019:16:14:34 -0700] "GET 1101.gif HTTP/1.0" 200 8008
remote - - [01/Jan/2019:16:14:42 -0700] "GET 1102.gif HTTP/1.0" 200 18425
remote - - [01/Jan/2019:16:14:45 -0700] "GET 1103.gif HTTP/1.0" 200 5142
remote - - [01/Jan/2019:16:14:48 -0700] "GET 1162.gif HTTP/1.0" 200 8192
remote - - [01/Jan/2019:16:15:19 -0700] "GET 1173.html HTTP/1.0" 200 25423
local - - [01/Jan/2019:17:09:47 -0700] "GET index.html HTTP/1.0" 200 2797
local - - [01/Jan/2019:17:34:55 -0700] "GET index.html HTTP/1.0" 200 2797
remote - - [01/Jan/2019:18:02:15 -0700] "GET 1082.html HTTP/1.0" 304 0
remote - - [01/Jan/2019:18:02:17 -0700] "GET 1097.gif HTTP/1.0" 304 0
remote - - [01/Jan/2019:18:02:17 -0700] "GET 1098.gif HTTP/1.0" 304 0
remote - - [01/Jan/2019:18:02:17 -0700] "GET 1100.gif HTTP/1.0" 304 0
remote - - [01/Jan/2019:18:02:17 -0700] "GET 1101.gif HTTP/1.0" 304 0
remote - - [01/Jan/2019:18:02:17 -0700] "GET 1099.gif HTTP/1.0" 304 0
remote - - [01/Jan/2019:18:02:22 -0700] "GET 1102.gif HTTP/1.0" 200 8192
remote - - [01/Jan/2019:18:02:22 -0700] "GET 1162.gif HTTP/1.0" 200 8192
local - - [01/Jan/2019:18:46:34 -0700] "GET index.html HTTP/1.0" 200 2797
local - - [01/Jan/2019:19:04:38 -0700] "GET index.html HTTP/1.0" 302 -
local - - [01/Jan/2019:19:04:39 -0700] "GET index.html HTTP/1.0" 200 2527
local - - [01/Jan/2019:19:04:47 -0700] "GET 244.gif HTTP/1.0" 200 31977
local - - [01/Jan/2019:19:05:00 -0700] "GET 2184.html HTTP/1.0" 200 420
local - - [01/Jan/2019:19:11:57 -0700] "GET index.html HTTP/1.0" 200 2594
local - - [01/Jan/2019:19:12:00 -0700] "GET index.html HTTP/1.0" 200 2594
local - - [01/Jan/2019:19:12:01 -0700] "GET 244.gif HTTP/1.0" 304 0
local - - [01/Jan/2019:19:12:07 -0700] "GET 2207.html HTTP/1.0" 403 -
local - - [01/Jan/2019:19:12:43 -0700] "GET 2207.html HTTP/1.0" 403 -
local - - [01/Jan/2019:19:12:48 -0700] "GET 2207.html HTTP/1.0" 403 -
local - - [01/Jan/2019:19:13:07 -0700] "GET 2207.html HTTP/1.0" 403 -
local - - [01/Jan/2019:19:13:09 -0700] "GET 2207.html HTTP/1.0" 403 -
local - - [01/Jan/2019:19:13:10 -0700] "GET 2207.html HTTP/1.0" 403 -
local - - [01/Jan/2019:19:13:11 -0700] "GET 2207.html HTTP/1.0" 403 -
local - - [01/Jan/2019:19:13:35 -0700] "GET index.html HTTP/1.0" 304 0
local - - [01/Jan/2019:19:13:35 -0700] "GET 244.gif HTTP/1.0" 304 0
local - - [01/Jan/2019:19:13:44 -0700] "GET 2207.html HTTP/1.0" 200 221
local - - [01/Jan/2019:19:13:56 -0700] "GET 2208.html HTTP/1.0" 404 -
local - - [01/Jan/2019:19:14:23 -0700] "GET index.html HTTP/1.0" 200 2595
local - - [01/Jan/2019:19:14:23 -0700] "GET 244.gif HTTP/1.0" 304 0
local - - [01/Jan/2019:19:14:28 -0700] "GET 2209.html HTTP/1.0" 200 322
remote - - [01/Jan/2019:19:32:26 -0700] "GET 1239.html HTTP/1.0" 200 2277
remote - - [01/Jan/2019:19:32:28 -0700] "GET 294.gif HTTP/1.0" 200 572
remote - - [01/Jan/2019:19:32:28 -0700] "GET 295.gif HTTP/1.0" 200 330
remote - - [01/Jan/2019:19:32:29 -0700] "GET 1986.gif HTTP/1.0" 200 4067
remote - - [01/Jan/2019:19:32:29 -0700] "GET 296.gif HTTP/1.0" 200 4470
remote - - [01/Jan/2019:19:35:16 -0700] "GET 250.html HTTP/1.0" 200 1417
remote - - [01/Jan/2019:19:35:18 -0700] "GET 252.gif HTTP/1.0" 200 10517
remote - - [01/Jan/2019:19:35:19 -0700] "GET 251.gif HTTP/1.0" 200 616
remote - - [01/Jan/2019:19:35:42 -0700] "GET 2203.jpg HTTP/1.0" 200 412680
remote - - [01/Jan/2019:19:36:47 -0700] "GET 862.gif HTTP/1.0" 200 12225
remote - - [01/Jan/2019:19:47:24 -0700] "GET index.html HTTP/1.0" 200 2797
remote - - [01/Jan/2019:19:47:25 -0700] "GET 2.gif HTTP/1.0" 200 2555
remote - - [01/Jan/2019:19:47:35 -0700] "GET 3.gif HTTP/1.0" 200 36403
remote - - [01/Jan/2019:19:48:04 -0700] "GET 2142.html HTTP/1.0" 200 570
remote - - [01/Jan/2019:20:11:48 -0700] "GET index.html HTTP/1.0" 404 -
remote - - [01/Jan/2019:20:16:12 -0700] "GET index.html HTTP/1.0" 200 1417
remote - - [01/Jan/2019:20:16:22 -0700] "GET 252.gif HTTP/1.0" 200 10517
remote - - [01/Jan/2019:20:16:28 -0700] "GET 251.gif HTTP/1.0" 200 616
remote - - [01/Jan/2019:20:20:25 -0700] "GET 2203.jpg HTTP/1.0" 200 212992
remote - - [01/Jan/2019:20:24:44 -0700] "GET index.html HTTP/1.0" 304 0
remote - - [01/Jan/2019:20:24:45 -0700] "GET 2.gif HTTP/1.0" 200 2555
remote - - [01/Jan/2019:20:25:01 -0700] "GET 3.gif HTTP/1.0" 200 16384
remote - - [01/Jan/2019:20:25:03 -0700] "GET index.html HTTP/1.0" 304 0
remote - - [01/Jan/2019:20:25:05 -0700] "GET 93.gif HTTP/1.0" 304 0
remote - - [01/Jan/2019:20:25:14 -0700] "GET 36.html HTTP/1.0" 304 0
remote - - [01/Jan/2019:20:25:20 -0700] "GET 1082.html HTTP/1.0" 304 0
remote - - [01/Jan/2019:20:25:22 -0700] "GET 1099.gif HTTP/1.0" 304 0
remote - - [01/Jan/2019:20:25:22 -0700] "GET 1100.gif HTTP/1.0" 304 0
remote - - [01/Jan/2019:20:25:36 -0700] "GET 1097.gif HTTP/1.0" 200 11668
remote - - [01/Jan/2019:20:25:36 -0700] "GET 1098.gif HTTP/1.0" 200 10712
remote - - [01/Jan/2019:20:25:36 -0700] "GET 1101.gif HTTP/1.0" 200 8008
remote - - [01/Jan/2019:20:25:36 -0700] "GET 1102.gif HTTP/1.0" 200 8192
remote - - [01/Jan/2019:20:25:37 -0700] "GET 1162.gif HTTP/1.0" 200 8192
remote - - [01/Jan/2019:20:50:40 -0700] "GET index.html HTTP/1.0" 200 2797
remote - - [01/Jan/2019:20:50:42 -0700] "GET 2.gif HTTP/1.0" 200 2555
remote - - [01/Jan/2019:20:50:57 -0700] "GET 3.gif HTTP/1.0" 200 24576
remote - - [01/Jan/2019:20:50:59 -0700] "GET 167.html HTTP/1.0" 200 1268
remote - - [01/Jan/2019:20:51:05 -0700] "GET 190.html HTTP/1.0" 200 1596
remote - - [01/Jan/2019:20:51:17 -0700] "GET 191.gif HTTP/1.0" 200 19167
remote - - [01/Jan/2019:20:51:37 -0700] "GET 3.gif HTTP/1.0" 200 16384
remote - - [01/Jan/2019:20:51:39 -0700] "GET index.html HTTP/1.0" 200 784
remote - - [01/Jan/2019:20:51:41 -0700] "GET 4.gif HTTP/1.0" 200 441
remote - - [01/Jan/2019:20:51:48 -0700] "GET 28.html HTTP/1.0" 200 1262
remote - - [01/Jan/2019:20:51:53 -0700] "GET 2177.gif HTTP/1.0" 200 5576
remote - - [01/Jan/2019:20:52:02 -0700] "GET 29.html HTTP/1.0" 200 763
remote - - [01/Jan/2019:20:52:08 -0700] "GET 77.html HTTP/1.0" 200 858
remote - - [01/Jan/2019:20:52:34 -0700] "GET 83.gif HTTP/1.0" 200 41903
remote - - [01/Jan/2019:20:52:49 -0700] "GET 90.html HTTP/1.0" 200 4742
local - - [01/Jan/2019:20:53:30 -0700] "GET index.html HTTP/1.0" 200 2797
local - - [01/Jan/2019:20:53:36 -0700] "GET 5.html HTTP/1.0" 200 768
local - - [01/Jan/2019:20:53:40 -0700] "GET 991.html HTTP/1.0" 200 1854
local - - [01/Jan/2019:20:53:50 -0700] "GET index.html HTTP/1.0" 302 -
local - - [01/Jan/2019:20:53:50 -0700] "GET index.html HTTP/1.0" 200 1078
local - - [01/Jan/2019:20:53:57 -0700] "GET 470.html HTTP/1.0" 200 1706
local - - [01/Jan/2019:20:54:10 -0700] "GET index.html HTTP/1.0" 200 1078
local - - [01/Jan/2019:20:54:44 -0700] "GET index.html HTTP/1.0" 302 -
local - - [01/Jan/2019:20:54:44 -0700] "GET index.html HTTP/1.0" 200 1451
local - - [01/Jan/2019:20:54:46 -0700] "GET 159.html HTTP/1.0" 200 990
local - - [01/Jan/2019:20:54:52 -0700] "GET index.html HTTP/1.0" 200 1451
local - - [01/Jan/2019:20:54:54 -0700] "GET 95.html HTTP/1.0" 200 766
local - - [01/Jan/2019:20:55:16 -0700] "GET 332.html HTTP/1.0" 200 1083
local - - [01/Jan/2019:20:55:26 -0700] "GET 41.html HTTP/1.0" 200 35108
local - - [01/Jan/2019:20:55:31 -0700] "GET 41.html HTTP/1.0" 200 35108
local - - [01/Jan/2019:20:56:08 -0700] "GET 1324.html HTTP/1.0" 200 861
local - - [01/Jan/2019:20:56:28 -0700] "GET index.html HTTP/1.0" 302 -
local - - [01/Jan/2019:20:56:28 -0700] "GET index.html HTTP/1.0" 200 1451
local - - [01/Jan/2019:20:56:35 -0700] "GET 991.html HTTP/1.0" 200 1854
local - - [01/Jan/2019:20:56:46 -0700] "GET 5.html HTTP/1.0" 200 768
local - - [01/Jan/2019:20:56:49 -0700] "GET 992.html HTTP/1.0" 200 870

